NtReadFile
NtOpenTimer
NtDrawText
NtWriteFile
NtOpenTimer
NtWriteFile
NtQueryDirectoryFile
NtOpenKeyEx
NtDisplayString
NtCreateUserProcess
NtDisplayString
NtOpenKeyEx
NtReadFile
NtWriteFile
NtOpenKeyEx
NtSetTimerEx
NtWriteFile
NtOpenKeyEx
NtSaveKeyEx
NtDisplayString
NtOpenKeyEx
NtOpenKeyEx
NtWriteFile
NtDisplayString
NtOpenFile
NtQueryDirectoryFile
NtDisplayString
NtWriteFile
NtOpenTimer
NtCreateUserProcess
NtReadFile
NtWriteFile
NtDisplayString
NtDrawText
NtReadFile
NtWriteFile
NtModifyBootEntry
NtDisplayString
NtCreateProcessEx
NtOpenFile
NtOpenFile
NtQueryDirectoryFile
NtOpenFile
NtOpenFile
NtModifyBootEntry
NtDrawText
NtDisplayString
RegSaveKeyEx
NtCreateUserProcess
NtWriteFile
NtDisplayString
NtDisplayString
NtReadFile
NtDrawText
NtOpenTimer
NtQueryDirectoryFile
NtDrawText
NtWriteFile
NtDrawText
NtWriteFile
NtOpenKeyEx
NtOpenFile
NtOpenTimer
NtOpenKeyEx
NtDisplayString
NtReadFile
NtReadFile
NtWriteFile
NtCreateUserProcess
NtSaveKeyEx
NtQueryDirectoryFile
NtOpenFile
NtDisplayString
NtReadFile
NtDisplayString
NtCreateUserProcess
NtDisplayString
NtDrawText
NtDisplayString
NtOpenFile
NtDrawText
NtQueryDirectoryFile
NtOpenTimer
NtDisplayString
NtWriteFile
NtOpenTimer
NtQueryDirectoryFile
NtOpenKeyEx
NtOpenTimer
NtWriteFile
NtCreateUserProcess
NtOpenKeyEx
NtOpenFile
NtWriteFile
NtCreateUserProcess
NtDrawText
NtReadFile
NtOpenFile
NtSaveKeyEx
NtDrawText
NtDisplayString
NtOpenFile
NtWriteFile
NtCreateUserProcess
NtReadFile
NtOpenTimer
NtWriteFile
NtReadFile
NtReadFile
NtSetTimerEx
NtQueryDirectoryFile
NtWriteFile
NtWriteFile
NtWriteFile
NtOpenKeyEx
NtWriteFile
NtCreateUserProcess
NtDisplayString
NtCreateUserProcess
NtWriteFile
NtDrawText
NtCreateUserProcess
NtModifyBootEntry
NtDisplayString
NtOpenFile
NtDrawText
NtWriteFile
NtOpenFile
NtOpenTimer
NtQueryDirectoryFile
NtCreateThreadEx
NtDrawText
NtQueryDirectoryFile
NtQueryDirectoryFile
NtWriteFile
NtCreateUserProcess
NtDisplayString
NtOpenFile
NtSetTimerEx
NtDrawText
NtReadFile
NtSaveKeyEx
NtDrawText
NtOpenTimer
NtWriteFile
NtWriteFile
NtOpenTimer
NtQueryDirectoryFile
NtQueryDirectoryFile
NtQueryDirectoryFile
NtOpenTimer
NtOpenKeyEx
NtOpenTimer
NtSetTimerEx
NtOpenKeyEx
NtDrawText
NtOpenKeyEx
NtWriteFile
NtDrawText
NtQueryDirectoryFile
NtOpenKeyEx
NtReadFile
NtReadFile
NtOpenTimer
NtReadFile
NtWriteFile
NtOpenKeyEx
NtDrawText
NtReadFile
NtCreateUserProcess
NtDrawText
NtWriteFile
NtCreateUserProcess
NtOpenTimer
NtOpenFile
NtOpenKeyEx
NtReadFile
NtReadFile
NtReadFile
NtQueryDirectoryFile
NtOpenTimer
NtQueryDirectoryFile
NtDrawText
NtOpenKeyEx
NtOpenKeyEx
NtReadFile
RegCreateKeyEx
NtCreateUserProcess
NtReadFile
NtDrawText
NtOpenFile
NtOpenFile
RegSaveKeyEx
NtDrawText
NtWriteFile
NtCreateUserProcess
NtSetTimerEx
NtWriteFile
NtQueryDirectoryFile
NtDrawText
NtReadFile
NtCreateThreadEx
NtCreateUserProcess
NtWriteFile
NtReadFile
NtQueryDirectoryFile
NtOpenTimer
NtReadFile
NtReadFile
NtOpenFile
NtOpenTimer
NtCreateUserProcess
NtOpenKeyEx
NtReadFile
NtDisplayString
NtCreateProcessEx
NtWriteFile
NtWriteFile
NtOpenKeyEx
NtDisplayString
NtDisplayString
NtWriteFile
NtCreateUserProcess
NtWriteFile
NtQueryDirectoryFile
NtDrawText
NtCreateUserProcess
NtCreateUserProcess
NtDrawText
NtDisplayString
NtQueryDirectoryFile
RegCreateKeyEx
NtQueryDirectoryFile
NtDisplayString
NtOpenTimer
NtDrawText
NtDisplayString
NtCreateUserProcess
NtDrawText
NtReadFile
NtOpenKeyEx
NtQueryDirectoryFile
NtWriteFile
NtWriteFile
NtWriteFile
NtOpenKeyEx
NtOpenKeyEx
NtDisplayString
NtOpenFile
NtCreateThreadEx
NtOpenFile
NtDisplayString
NtDisplayString
NtOpenTimer
NtWriteFile
NtCreateUserProcess
NtOpenKeyEx
NtQueryDirectoryFile
NtOpenKeyEx
NtWriteFile
NtWriteFile
NtOpenKeyEx
NtQueryDirectoryFile
NtDisplayString
NtOpenTimer
NtOpenKeyEx
NtOpenTimer
NtCreateThreadEx
NtCreateUserProcess
NtWriteFile
NtOpenFile
NtWriteFile
RegCreateKeyEx
NtOpenKeyEx
RegSaveKeyEx
NtDrawText
NtCreateUserProcess
NtSetTimerEx
NtOpenTimer
NtDisplayString
NtCreateUserProcess
NtCreateUserProcess
NtCreateUserProcess
NtOpenFile
NtDrawText
NtDrawText
NtOpenKeyEx
NtDisplayString
NtOpenKeyEx
NtOpenTimer
NtSetTimerEx
NtReadFile
NtWriteFile
NtDisplayString
NtReadFile
RegSaveKeyEx
NtDisplayString
NtOpenTimer
NtQueryDirectoryFile
NtWriteFile
NtOpenKeyEx
NtQueryDirectoryFile
NtDisplayString
NtWriteFile
NtQueryDirectoryFile
NtWriteFile
NtDisplayString
NtQueryDirectoryFile
NtQueryDirectoryFile
NtOpenFile
RegCreateKeyEx
NtWriteFile
NtSaveKeyEx
NtWriteFile
NtOpenFile
NtOpenKeyEx
NtOpenFile
NtQueryDirectoryFile
NtOpenFile
NtDisplayString
NtOpenFile
NtDrawText
NtOpenKeyEx
NtWriteFile
NtWriteFile
NtWriteFile
NtWriteFile
NtDrawText
NtOpenKeyEx
NtReadFile
RegSaveKeyEx
NtOpenKeyEx
NtOpenFile
NtReadFile
NtOpenFile
NtOpenFile
NtOpenKeyEx
NtWriteFile
NtDrawText
NtDisplayString
NtDrawText
NtReadFile
NtOpenTimer
NtDrawText
NtWriteFile
NtOpenTimer
NtOpenKeyEx
NtReadFile
NtReadFile
NtCreateUserProcess
NtOpenTimer
NtOpenTimer
NtOpenKeyEx
NtOpenTimer
NtQueryDirectoryFile
NtReadFile
NtSetTimerEx
NtOpenTimer
NtModifyBootEntry
NtQueryDirectoryFile
NtQueryDirectoryFile
NtQueryDirectoryFile
NtWriteFile
NtSetTimerEx
NtCreateUserProcess
NtReadFile
NtWriteFile
NtOpenTimer
NtReadFile
NtOpenTimer
NtDrawText
NtDisplayString
NtOpenFile
NtDisplayString
NtOpenKeyEx
NtOpenTimer
NtWriteFile
NtOpenKeyEx
NtDisplayString
NtOpenTimer
NtReadFile
NtWriteFile
NtOpenTimer
RegCreateKeyEx
NtQueryDirectoryFile
NtOpenTimer
NtDrawText
NtReadFile
NtCreateProcessEx
NtDrawText
NtQueryDirectoryFile
NtReadFile
NtOpenFile
RegCreateKeyEx
NtDrawText
NtReadFile
NtDrawText
NtDisplayString
NtWriteFile
NtOpenKeyEx
NtSaveKeyEx
NtOpenKeyEx
NtReadFile
NtDisplayString
NtDisplayString
NtQueryDirectoryFile
NtQueryDirectoryFile
NtQueryDirectoryFile
NtDisplayString
NtQueryDirectoryFile
NtDisplayString
NtDrawText
NtOpenTimer
NtDisplayString
NtQueryDirectoryFile
NtReadFile
NtOpenKeyEx
NtDrawText
NtWriteFile
NtOpenKeyEx
NtOpenFile
NtCreateUserProcess
NtOpenFile
NtCreateUserProcess
NtWriteFile
NtCreateUserProcess
NtReadFile
NtCreateUserProcess
NtDrawText
NtDisplayString
NtDisplayString
NtOpenFile
NtQueryDirectoryFile
NtOpenTimer
NtDisplayString
NtDrawText
NtCreateUserProcess
NtQueryDirectoryFile
NtOpenTimer
NtCreateProcessEx
NtReadFile
NtWriteFile
NtDrawText
NtDisplayString
NtReadFile
NtWriteFile
RegCreateKeyEx
NtDrawText
NtOpenFile
NtDrawText
NtDrawText
NtOpenKeyEx
NtOpenKeyEx
NtDrawText
NtCreateUserProcess
NtCreateUserProcess
NtDrawText
NtReadFile
NtWriteFile
NtWriteFile
NtQueryDirectoryFile
NtOpenTimer
NtWriteFile
NtCreateUserProcess
NtDrawText
NtOpenTimer
NtOpenKeyEx
NtCreateProcessEx
NtDisplayString
NtCreateUserProcess
NtCreateUserProcess
NtCreateUserProcess
NtOpenKeyEx
NtDrawText
NtDisplayString
NtWriteFile
NtOpenTimer
NtModifyBootEntry
NtModifyBootEntry
NtCreateUserProcess
NtSetTimerEx
NtOpenTimer
NtCreateUserProcess
NtDrawText
RegCreateKeyEx
NtCreateUserProcess
NtReadFile
NtReadFile
NtDisplayString
NtOpenKeyEx
NtCreateUserProcess
NtReadFile
NtOpenTimer
NtModifyBootEntry
RegSaveKeyEx
NtOpenFile
NtOpenKeyEx
NtCreateUserProcess
NtQueryDirectoryFile
NtDrawText
NtReadFile
NtOpenFile
NtCreateUserProcess
NtDrawText
NtQueryDirectoryFile
NtOpenFile
NtDisplayString
NtOpenKeyEx
NtOpenKeyEx
NtCreateThreadEx
NtDisplayString
NtOpenKeyEx
NtReadFile
NtReadFile
NtOpenFile
NtDrawText
NtDrawText
NtOpenKeyEx
NtCreateUserProcess
NtOpenTimer
NtOpenFile
NtDrawText
NtOpenKeyEx
NtCreateThreadEx
NtOpenFile
NtCreateUserProcess
NtDisplayString
NtQueryDirectoryFile
NtReadFile
NtDisplayString
NtDrawText
NtQueryDirectoryFile
NtOpenKeyEx
NtDrawText
RegSaveKeyEx
NtReadFile
NtDisplayString
NtCreateUserProcess
NtOpenFile
NtQueryDirectoryFile
NtReadFile
NtOpenFile
NtOpenFile
NtReadFile
NtOpenFile
NtWriteFile
NtDisplayString
NtWriteFile
NtOpenKeyEx
NtCreateUserProcess
NtOpenFile
NtSetTimerEx
NtOpenTimer
NtSaveKeyEx
NtWriteFile
NtWriteFile
NtCreateUserProcess
NtDisplayString
NtOpenTimer
NtWriteFile
NtOpenTimer
NtCreateUserProcess
NtDisplayString
NtCreateProcessEx
NtModifyBootEntry
NtWriteFile
NtWriteFile
NtOpenFile
NtOpenKeyEx
NtReadFile
NtOpenTimer
NtQueryDirectoryFile
NtReadFile
NtCreateUserProcess
NtSaveKeyEx
NtWriteFile
NtWriteFile
NtQueryDirectoryFile
NtWriteFile
NtQueryDirectoryFile
NtOpenKeyEx
NtOpenFile
NtQueryDirectoryFile
NtCreateUserProcess
NtCreateUserProcess
NtReadFile
NtWriteFile
NtOpenKeyEx
NtCreateUserProcess
NtCreateUserProcess
NtQueryDirectoryFile
NtOpenTimer
NtOpenKeyEx
NtWriteFile
NtOpenTimer
NtReadFile
NtDisplayString
NtWriteFile
NtCreateThreadEx
NtOpenTimer
NtDisplayString
NtDrawText
NtCreateUserProcess
NtWriteFile
NtCreateThreadEx
NtCreateUserProcess
NtReadFile
NtOpenFile
NtModifyBootEntry
NtReadFile
NtOpenFile
NtDrawText
RegCreateKeyEx
NtCreateProcessEx
NtWriteFile
NtCreateUserProcess
RegSaveKeyEx
NtCreateProcessEx
NtOpenFile
NtDrawText
NtQueryDirectoryFile
NtModifyBootEntry
NtDrawText
NtDrawText
NtCreateUserProcess
NtCreateUserProcess
RegCreateKeyEx
NtDisplayString
NtReadFile
NtOpenTimer
NtCreateUserProcess
NtOpenKeyEx
NtReadFile
NtQueryDirectoryFile
NtOpenTimer
NtDisplayString
NtOpenTimer
NtQueryDirectoryFile
NtWriteFile
NtCreateUserProcess
RegSaveKeyEx
NtOpenTimer
NtSetTimerEx
NtDisplayString
NtOpenTimer
NtOpenFile
NtCreateUserProcess
NtReadFile
NtCreateUserProcess
NtOpenTimer
NtOpenFile
NtOpenFile
NtOpenFile
NtReadFile
NtOpenFile
NtOpenTimer
NtQueryDirectoryFile
NtReadFile
NtDisplayString
NtOpenFile
NtDrawText
NtDisplayString
NtWriteFile
NtReadFile
NtDrawText
NtOpenKeyEx
NtDisplayString
NtOpenTimer
NtReadFile
NtCreateUserProcess
NtCreateUserProcess
NtDisplayString
NtReadFile
NtOpenTimer
RegSaveKeyEx
NtReadFile
NtCreateUserProcess
NtWriteFile
NtReadFile
NtQueryDirectoryFile
NtOpenKeyEx
NtQueryDirectoryFile
NtReadFile
NtQueryDirectoryFile
NtQueryDirectoryFile
NtDisplayString
NtCreateProcessEx
NtQueryDirectoryFile
NtReadFile
NtDrawText
NtCreateThreadEx
NtDisplayString
NtDisplayString
NtQueryDirectoryFile
NtDisplayString
NtDisplayString
NtOpenFile
NtOpenTimer
NtDisplayString
NtOpenKeyEx
NtCreateUserProcess
NtOpenFile
NtCreateUserProcess
NtCreateUserProcess
NtDisplayString
NtDrawText
NtOpenFile
NtOpenFile
NtDrawText
NtCreateUserProcess
NtCreateUserProcess
NtOpenFile
NtOpenFile
NtQueryDirectoryFile
NtDrawText
NtOpenFile
NtOpenFile
NtWriteFile
NtWriteFile
NtOpenFile
NtWriteFile
NtDisplayString
NtOpenFile
NtOpenFile
NtDisplayString
NtOpenTimer
NtReadFile
NtReadFile
NtCreateUserProcess
NtDisplayString
NtQueryDirectoryFile
NtCreateUserProcess
NtOpenFile
NtOpenTimer
NtReadFile
NtSetTimerEx
NtWriteFile
NtReadFile
NtCreateUserProcess
NtDrawText
NtOpenTimer
NtOpenTimer
NtReadFile
NtReadFile
NtWriteFile
NtQueryDirectoryFile
NtOpenFile
NtSaveKeyEx
NtCreateUserProcess
NtDisplayString
NtDrawText
NtQueryDirectoryFile
NtReadFile
NtReadFile
NtCreateUserProcess
NtOpenFile
NtWriteFile
NtDisplayString
NtDrawText
NtDisplayString
NtDrawText
NtCreateUserProcess
NtOpenTimer
NtOpenKeyEx
NtQueryDirectoryFile
NtQueryDirectoryFile
NtDisplayString
NtOpenTimer
NtWriteFile
NtOpenTimer
NtDrawText
NtOpenKeyEx
NtDrawText
NtOpenKeyEx
NtReadFile
NtOpenFile
RegCreateKeyEx
NtDisplayString
NtCreateUserProcess
NtDisplayString
NtReadFile
NtSetTimerEx
NtOpenTimer
NtReadFile
NtReadFile
NtDrawText
NtCreateUserProcess
NtQueryDirectoryFile
NtQueryDirectoryFile
NtSetTimerEx
NtOpenKeyEx
NtReadFile
NtSetTimerEx
NtDrawText
NtCreateUserProcess
NtDisplayString
NtModifyBootEntry
NtCreateProcessEx
NtModifyBootEntry
NtCreateUserProcess
NtReadFile
NtOpenFile
NtQueryDirectoryFile
NtReadFile
NtOpenTimer
NtOpenTimer
NtOpenKeyEx
NtOpenKeyEx
NtDisplayString
NtQueryDirectoryFile
NtOpenKeyEx
NtOpenTimer
NtOpenKeyEx
NtOpenKeyEx
NtQueryDirectoryFile
NtOpenKeyEx
NtOpenTimer
RegCreateKeyEx
NtSetTimerEx
NtOpenKeyEx
NtOpenKeyEx
NtOpenKeyEx
NtDisplayString
NtDisplayString
NtDisplayString
NtWriteFile
NtDrawText
NtCreateUserProcess
