NtDisplayString
NtQueryDirectoryFile
NtReadFile
NtOpenKeyEx
NtWriteFile
NtDisplayString
NtDrawText
NtCreateThreadEx
NtCreateUserProcess
NtDisplayString
NtOpenTimer
NtQueryDirectoryFile
NtDrawText
NtOpenTimer
NtCreateUserProcess
NtWriteFile
NtOpenTimer
NtReadFile
NtCreateUserProcess
NtDrawText
NtOpenFile
NtQueryDirectoryFile
NtQueryDirectoryFile
NtOpenTimer
NtOpenTimer
NtSaveKeyEx
NtQueryDirectoryFile
NtCreateUserProcess
NtOpenTimer
NtOpenFile
NtOpenKeyEx
NtQueryDirectoryFile
NtOpenTimer
NtDisplayString
NtOpenTimer
NtDisplayString
NtOpenKeyEx
NtOpenKeyEx
NtDrawText
NtReadFile
NtReadFile
NtWriteFile
NtDrawText
NtDisplayString
NtCreateProcessEx
NtCreateUserProcess
NtReadFile
NtQueryDirectoryFile
NtQueryDirectoryFile
NtReadFile
NtDrawText
NtWriteFile
NtOpenFile
NtCreateUserProcess
NtDrawText
NtCreateUserProcess
NtReadFile
NtOpenFile
NtOpenKeyEx
NtOpenKeyEx
NtWriteFile
NtOpenFile
NtSaveKeyEx
NtWriteFile
NtReadFile
NtOpenFile
NtQueryDirectoryFile
NtReadFile
NtCreateUserProcess
NtDrawText
NtDisplayString
NtReadFile
NtOpenFile
NtDrawText
NtOpenTimer
NtOpenFile
NtOpenFile
NtOpenFile
NtWriteFile
NtQueryDirectoryFile
NtSetTimerEx
NtQueryDirectoryFile
NtOpenTimer
NtQueryDirectoryFile
NtReadFile
NtReadFile
NtWriteFile
NtWriteFile
NtOpenKeyEx
NtOpenKeyEx
NtDrawText
NtQueryDirectoryFile
NtDrawText
NtOpenFile
NtCreateUserProcess
NtCreateUserProcess
NtCreateProcessEx
NtReadFile
NtReadFile
NtOpenKeyEx
NtReadFile
NtReadFile
NtOpenKeyEx
NtDisplayString
NtSetTimerEx
NtOpenKeyEx
NtWriteFile
NtOpenFile
NtReadFile
NtOpenTimer
NtModifyBootEntry
NtWriteFile
NtDisplayString
NtOpenKeyEx
NtCreateUserProcess
NtOpenTimer
NtOpenTimer
NtQueryDirectoryFile
NtCreateUserProcess
NtWriteFile
NtQueryDirectoryFile
NtDisplayString
NtOpenTimer
NtOpenTimer
NtReadFile
NtDisplayString
NtOpenTimer
NtDrawText
NtQueryDirectoryFile
NtDisplayString
NtDrawText
NtSetTimerEx
NtWriteFile
NtDrawText
NtReadFile
NtDisplayString
NtCreateProcessEx
NtOpenKeyEx
NtCreateUserProcess
NtWriteFile
NtDisplayString
NtQueryDirectoryFile
NtOpenFile
NtOpenKeyEx
NtWriteFile
NtOpenKeyEx
NtDisplayString
NtCreateThreadEx
NtOpenFile
NtDisplayString
NtWriteFile
NtReadFile
NtDrawText
NtOpenKeyEx
NtDisplayString
NtCreateUserProcess
NtOpenFile
NtDisplayString
NtCreateProcessEx
NtOpenKeyEx
NtSetTimerEx
NtCreateProcessEx
NtCreateUserProcess
NtDisplayString
NtReadFile
NtCreateUserProcess
NtReadFile
NtDrawText
NtOpenFile
NtCreateUserProcess
NtReadFile
NtCreateThreadEx
RegSaveKeyEx
NtDisplayString
NtCreateUserProcess
NtSaveKeyEx
NtOpenTimer
NtReadFile
NtOpenFile
NtOpenFile
NtQueryDirectoryFile
NtReadFile
NtDrawText
NtReadFile
NtQueryDirectoryFile
NtOpenKeyEx
NtReadFile
NtModifyBootEntry
NtOpenTimer
NtWriteFile
NtModifyBootEntry
NtCreateUserProcess
NtCreateUserProcess
NtDrawText
NtDisplayString
NtDrawText
NtOpenKeyEx
NtDrawText
NtOpenTimer
NtQueryDirectoryFile
NtOpenTimer
NtDrawText
NtOpenFile
NtOpenKeyEx
RegCreateKeyEx
NtDrawText
NtOpenFile
NtWriteFile
NtOpenTimer
NtQueryDirectoryFile
NtWriteFile
NtOpenTimer
NtDisplayString
NtDisplayString
NtDisplayString
NtOpenFile
NtOpenKeyEx
NtOpenFile
NtWriteFile
NtOpenFile
NtWriteFile
NtCreateUserProcess
RegCreateKeyEx
NtReadFile
NtDisplayString
NtOpenFile
NtDisplayString
NtCreateUserProcess
NtReadFile
NtWriteFile
NtOpenTimer
NtDisplayString
NtWriteFile
NtDisplayString
NtQueryDirectoryFile
NtDrawText
NtOpenKeyEx
NtOpenFile
NtOpenFile
NtDrawText
NtWriteFile
NtDisplayString
NtReadFile
NtWriteFile
NtDisplayString
NtQueryDirectoryFile
NtWriteFile
NtOpenKeyEx
NtDisplayString
NtOpenFile
NtReadFile
NtCreateUserProcess
NtCreateUserProcess
NtOpenTimer
NtOpenFile
NtQueryDirectoryFile
NtReadFile
NtCreateThreadEx
NtWriteFile
NtCreateUserProcess
NtReadFile
NtQueryDirectoryFile
NtDisplayString
NtOpenKeyEx
NtDrawText
NtOpenTimer
NtWriteFile
NtOpenKeyEx
NtSaveKeyEx
NtDisplayString
NtQueryDirectoryFile
NtOpenTimer
NtOpenKeyEx
NtDrawText
NtDisplayString
NtQueryDirectoryFile
NtCreateUserProcess
NtQueryDirectoryFile
NtOpenFile
NtReadFile
NtWriteFile
NtOpenKeyEx
NtOpenFile
NtDisplayString
NtCreateUserProcess
NtQueryDirectoryFile
NtWriteFile
NtDrawText
NtOpenKeyEx
NtReadFile
NtOpenTimer
RegCreateKeyEx
NtDrawText
NtQueryDirectoryFile
NtQueryDirectoryFile
NtOpenKeyEx
NtReadFile
NtReadFile
NtOpenKeyEx
NtCreateThreadEx
NtOpenTimer
NtCreateThreadEx
NtOpenKeyEx
NtReadFile
NtModifyBootEntry
NtCreateUserProcess
NtOpenTimer
NtOpenKeyEx
NtCreateProcessEx
NtCreateUserProcess
NtOpenTimer
NtReadFile
NtDisplayString
NtOpenTimer
NtWriteFile
NtOpenTimer
NtQueryDirectoryFile
NtDisplayString
NtOpenFile
NtCreateUserProcess
NtOpenKeyEx
NtCreateUserProcess
NtDrawText
NtWriteFile
NtWriteFile
NtCreateUserProcess
NtWriteFile
NtCreateUserProcess
NtQueryDirectoryFile
NtDisplayString
NtOpenKeyEx
NtWriteFile
NtReadFile
NtCreateUserProcess
NtOpenFile
NtOpenTimer
NtDrawText
NtCreateUserProcess
NtCreateUserProcess
NtQueryDirectoryFile
NtOpenTimer
NtOpenTimer
NtDrawText
NtCreateUserProcess
NtSaveKeyEx
NtReadFile
NtCreateUserProcess
NtOpenTimer
NtCreateUserProcess
NtWriteFile
NtWriteFile
NtDisplayString
NtDrawText
NtWriteFile
NtOpenTimer
NtDisplayString
NtCreateUserProcess
NtWriteFile
NtDrawText
NtDisplayString
NtCreateUserProcess
NtDrawText
NtWriteFile
NtDrawText
NtWriteFile
NtOpenFile
NtOpenTimer
NtOpenKeyEx
NtQueryDirectoryFile
NtOpenTimer
NtWriteFile
NtOpenTimer
NtWriteFile
NtOpenKeyEx
NtDisplayString
NtOpenTimer
NtOpenFile
NtWriteFile
NtCreateUserProcess
NtReadFile
NtDisplayString
NtCreateUserProcess
NtDisplayString
NtOpenTimer
NtOpenFile
NtDisplayString
NtCreateThreadEx
NtCreateThreadEx
NtOpenFile
NtQueryDirectoryFile
NtReadFile
NtOpenKeyEx
NtOpenKeyEx
NtDrawText
NtOpenFile
NtDisplayString
NtDisplayString
NtCreateUserProcess
NtOpenFile
NtWriteFile
NtWriteFile
NtOpenKeyEx
NtQueryDirectoryFile
NtQueryDirectoryFile
NtSetTimerEx
NtOpenKeyEx
NtReadFile
NtCreateUserProcess
NtCreateThreadEx
NtCreateUserProcess
NtQueryDirectoryFile
NtCreateUserProcess
NtOpenTimer
NtQueryDirectoryFile
NtCreateUserProcess
NtQueryDirectoryFile
NtDrawText
NtModifyBootEntry
NtReadFile
NtDisplayString
NtOpenFile
NtOpenFile
NtDisplayString
NtWriteFile
NtOpenFile
NtWriteFile
NtSaveKeyEx
NtCreateUserProcess
NtDrawText
NtOpenTimer
NtDisplayString
NtDisplayString
NtDisplayString
NtCreateUserProcess
NtReadFile
NtOpenFile
NtOpenFile
NtOpenKeyEx
NtQueryDirectoryFile
NtWriteFile
NtWriteFile
NtCreateUserProcess
NtQueryDirectoryFile
NtOpenKeyEx
NtWriteFile
NtCreateUserProcess
NtQueryDirectoryFile
NtWriteFile
NtSaveKeyEx
NtOpenKeyEx
NtDisplayString
NtWriteFile
NtReadFile
NtReadFile
NtCreateUserProcess
NtCreateUserProcess
NtDrawText
NtOpenFile
NtQueryDirectoryFile
NtCreateUserProcess
NtOpenKeyEx
NtReadFile
NtOpenKeyEx
NtCreateUserProcess
NtDrawText
NtQueryDirectoryFile
NtQueryDirectoryFile
NtReadFile
NtDisplayString
NtWriteFile
NtDisplayString
NtOpenKeyEx
NtDisplayString
NtWriteFile
NtQueryDirectoryFile
NtOpenKeyEx
NtDrawText
NtSetTimerEx
NtOpenKeyEx
NtCreateProcessEx
NtOpenTimer
NtOpenTimer
NtOpenFile
NtOpenKeyEx
NtWriteFile
NtOpenTimer
NtCreateUserProcess
RegSaveKeyEx
NtCreateThreadEx
NtOpenFile
NtDisplayString
NtSetTimerEx
NtOpenFile
NtCreateUserProcess
NtQueryDirectoryFile
NtSetTimerEx
NtQueryDirectoryFile
NtReadFile
NtOpenTimer
NtOpenTimer
NtWriteFile
NtDisplayString
NtDisplayString
NtReadFile
NtQueryDirectoryFile
RegCreateKeyEx
NtQueryDirectoryFile
NtQueryDirectoryFile
NtOpenTimer
NtOpenTimer
NtOpenKeyEx
NtReadFile
NtCreateThreadEx
NtModifyBootEntry
NtOpenFile
NtCreateUserProcess
NtOpenKeyEx
NtReadFile
NtCreateProcessEx
NtOpenKeyEx
NtReadFile
NtWriteFile
NtWriteFile
NtOpenFile
NtCreateUserProcess
NtQueryDirectoryFile
NtOpenFile
NtQueryDirectoryFile
NtDrawText
NtDrawText
NtReadFile
NtSetTimerEx
NtWriteFile
NtDrawText
NtOpenKeyEx
NtReadFile
NtDrawText
NtOpenTimer
NtWriteFile
NtOpenKeyEx
NtOpenTimer
NtDrawText
NtReadFile
NtCreateUserProcess
NtCreateUserProcess
NtOpenFile
NtWriteFile
NtQueryDirectoryFile
NtDrawText
NtQueryDirectoryFile
RegSaveKeyEx
NtDrawText
NtWriteFile
NtQueryDirectoryFile
NtDisplayString
NtCreateUserProcess
NtOpenFile
NtOpenTimer
NtWriteFile
NtOpenTimer
NtCreateUserProcess
NtOpenFile
NtOpenFile
NtDrawText
NtOpenKeyEx
NtOpenFile
NtCreateUserProcess
NtQueryDirectoryFile
NtOpenFile
NtCreateUserProcess
NtCreateProcessEx
NtDrawText
NtWriteFile
NtDrawText
NtDrawText
NtReadFile
NtCreateUserProcess
NtDrawText
NtOpenTimer
NtCreateUserProcess
NtOpenTimer
NtOpenFile
NtDrawText
NtReadFile
NtQueryDirectoryFile
NtQueryDirectoryFile
NtWriteFile
NtCreateProcessEx
NtWriteFile
NtQueryDirectoryFile
NtModifyBootEntry
NtOpenTimer
NtOpenFile
NtReadFile
NtDisplayString
NtCreateUserProcess
NtQueryDirectoryFile
NtQueryDirectoryFile
NtOpenKeyEx
NtDrawText
NtReadFile
NtWriteFile
NtWriteFile
NtDisplayString
NtSaveKeyEx
NtSetTimerEx
NtDisplayString
NtOpenTimer
NtQueryDirectoryFile
NtOpenKeyEx
NtCreateUserProcess
NtOpenFile
NtSetTimerEx
NtDisplayString
NtOpenTimer
NtOpenKeyEx
NtOpenKeyEx
NtSetTimerEx
NtQueryDirectoryFile
NtWriteFile
NtSetTimerEx
NtOpenKeyEx
NtOpenTimer
NtQueryDirectoryFile
NtDrawText
NtWriteFile
NtOpenFile
NtWriteFile
NtWriteFile
NtOpenKeyEx
NtOpenKeyEx
NtModifyBootEntry
NtReadFile
NtDrawText
NtSetTimerEx
NtReadFile
NtOpenTimer
NtOpenTimer
RegCreateKeyEx
NtDisplayString
NtOpenTimer
NtOpenTimer
NtOpenKeyEx
NtReadFile
NtQueryDirectoryFile
NtReadFile
NtCreateUserProcess
NtReadFile
NtOpenFile
NtReadFile
NtQueryDirectoryFile
NtDisplayString
NtQueryDirectoryFile
NtQueryDirectoryFile
NtCreateUserProcess
NtQueryDirectoryFile
NtOpenKeyEx
NtOpenFile
NtQueryDirectoryFile
NtQueryDirectoryFile
NtReadFile
NtCreateUserProcess
NtWriteFile
NtReadFile
