NtDrawText
NtOpenKeyEx
NtOpenKeyEx
NtReadFile
NtOpenFile
NtDisplayString
NtWriteFile
NtQueryDirectoryFile
NtCreateThreadEx
NtOpenTimer
NtOpenKeyEx
NtWriteFile
NtSetTimerEx
NtDrawText
NtReadFile
NtSaveKeyEx
NtCreateUserProcess
NtOpenFile
NtDisplayString
NtOpenKeyEx
NtQueryDirectoryFile
NtOpenFile
NtOpenFile
NtQueryDirectoryFile
NtOpenKeyEx
NtDisplayString
NtDisplayString
NtWriteFile
NtQueryDirectoryFile
NtOpenFile
NtQueryDirectoryFile
NtOpenKeyEx
NtOpenFile
NtQueryDirectoryFile
NtDisplayString
NtOpenFile
NtReadFile
NtSetTimerEx
NtDrawText
NtDrawText
NtSetTimerEx
NtQueryDirectoryFile
NtCreateUserProcess
NtReadFile
NtDisplayString
NtCreateThreadEx
NtDisplayString
NtDrawText
NtDisplayString
NtOpenTimer
NtWriteFile
NtReadFile
NtDrawText
NtOpenFile
NtOpenTimer
NtReadFile
NtCreateUserProcess
NtOpenKeyEx
NtDisplayString
NtDrawText
NtCreateProcessEx
NtReadFile
NtDrawText
NtCreateUserProcess
NtReadFile
NtDrawText
NtOpenFile
NtModifyBootEntry
NtOpenKeyEx
NtReadFile
RegSaveKeyEx
NtQueryDirectoryFile
NtCreateUserProcess
NtDisplayString
NtDrawText
NtReadFile
NtOpenTimer
NtReadFile
NtDrawText
NtOpenFile
NtReadFile
NtOpenTimer
NtQueryDirectoryFile
NtCreateUserProcess
NtQueryDirectoryFile
NtQueryDirectoryFile
NtDisplayString
NtOpenTimer
NtWriteFile
NtQueryDirectoryFile
NtDisplayString
NtWriteFile
NtDrawText
NtOpenFile
NtCreateUserProcess
NtOpenFile
NtWriteFile
NtReadFile
NtDrawText
NtWriteFile
NtReadFile
NtOpenTimer
NtReadFile
NtSaveKeyEx
NtOpenKeyEx
NtDrawText
NtDisplayString
NtCreateUserProcess
NtCreateUserProcess
NtDisplayString
NtReadFile
NtOpenKeyEx
NtCreateUserProcess
NtOpenKeyEx
NtDisplayString
NtDisplayString
NtCreateUserProcess
NtCreateUserProcess
NtOpenKeyEx
NtCreateUserProcess
NtReadFile
NtCreateUserProcess
NtOpenTimer
NtDrawText
NtCreateUserProcess
NtDrawText
NtCreateUserProcess
NtCreateUserProcess
NtDisplayString
NtQueryDirectoryFile
NtWriteFile
NtDrawText
NtDisplayString
NtWriteFile
NtOpenFile
NtDrawText
NtOpenTimer
RegSaveKeyEx
NtReadFile
NtOpenFile
NtDisplayString
NtQueryDirectoryFile
NtQueryDirectoryFile
NtDrawText
NtCreateUserProcess
NtCreateUserProcess
NtCreateUserProcess
NtOpenKeyEx
NtOpenTimer
NtCreateUserProcess
NtSaveKeyEx
NtReadFile
NtDisplayString
NtDisplayString
NtWriteFile
NtQueryDirectoryFile
NtDrawText
NtDrawText
NtDrawText
NtDisplayString
NtQueryDirectoryFile
NtOpenTimer
NtOpenKeyEx
NtWriteFile
NtOpenTimer
NtOpenKeyEx
NtDisplayString
NtOpenKeyEx
NtDrawText
NtCreateUserProcess
NtDrawText
NtReadFile
NtReadFile
NtDrawText
RegSaveKeyEx
NtOpenFile
NtDrawText
NtWriteFile
NtQueryDirectoryFile
NtQueryDirectoryFile
NtOpenKeyEx
NtWriteFile
NtDrawText
NtReadFile
NtDisplayString
NtOpenFile
NtDrawText
NtDisplayString
NtCreateUserProcess
NtDisplayString
NtOpenFile
NtOpenTimer
NtDrawText
NtDrawText
NtReadFile
NtOpenTimer
NtReadFile
NtWriteFile
NtReadFile
NtSetTimerEx
NtQueryDirectoryFile
NtOpenTimer
NtReadFile
NtDrawText
NtCreateUserProcess
NtReadFile
NtReadFile
NtReadFile
NtOpenKeyEx
NtDisplayString
NtOpenKeyEx
NtQueryDirectoryFile
NtDrawText
NtDrawText
NtDrawText
NtReadFile
RegCreateKeyEx
NtReadFile
NtDisplayString
NtQueryDirectoryFile
NtCreateThreadEx
RegCreateKeyEx
NtCreateUserProcess
NtQueryDirectoryFile
NtQueryDirectoryFile
NtDrawText
NtReadFile
NtOpenFile
NtCreateUserProcess
NtOpenTimer
NtDrawText
NtCreateProcessEx
NtOpenFile
NtCreateUserProcess
NtWriteFile
NtCreateUserProcess
NtOpenFile
NtSaveKeyEx
NtWriteFile
NtOpenTimer
NtSaveKeyEx
NtDrawText
NtDrawText
NtWriteFile
NtDrawText
NtCreateUserProcess
NtQueryDirectoryFile
NtSetTimerEx
NtCreateUserProcess
NtDisplayString
NtDisplayString
NtOpenFile
NtQueryDirectoryFile
NtDrawText
NtQueryDirectoryFile
NtDisplayString
NtWriteFile
NtOpenTimer
NtOpenFile
NtOpenFile
NtDrawText
NtDisplayString
NtReadFile
NtOpenFile
NtDisplayString
NtDisplayString
RegCreateKeyEx
NtOpenKeyEx
NtSaveKeyEx
NtOpenKeyEx
NtQueryDirectoryFile
NtOpenTimer
NtDisplayString
NtOpenKeyEx
NtOpenTimer
NtWriteFile
NtOpenTimer
NtDrawText
NtWriteFile
NtOpenKeyEx
NtOpenTimer
NtCreateUserProcess
NtQueryDirectoryFile
NtDrawText
NtOpenTimer
NtDrawText
NtOpenKeyEx
NtOpenFile
NtWriteFile
NtCreateUserProcess
NtDisplayString
NtCreateThreadEx
NtWriteFile
NtWriteFile
NtDisplayString
NtDisplayString
NtWriteFile
NtQueryDirectoryFile
NtWriteFile
NtQueryDirectoryFile
NtCreateUserProcess
NtOpenKeyEx
NtWriteFile
NtOpenFile
NtCreateUserProcess
NtCreateUserProcess
NtReadFile
NtCreateUserProcess
NtOpenTimer
NtCreateUserProcess
NtOpenFile
NtCreateUserProcess
NtOpenKeyEx
NtWriteFile
NtReadFile
NtOpenKeyEx
NtOpenFile
NtOpenFile
NtOpenKeyEx
NtOpenTimer
NtOpenFile
NtDrawText
NtDrawText
NtSaveKeyEx
NtCreateUserProcess
NtCreateUserProcess
NtDisplayString
NtDisplayString
NtWriteFile
NtDisplayString
NtWriteFile
NtQueryDirectoryFile
NtDisplayString
NtDrawText
NtOpenFile
NtWriteFile
NtCreateUserProcess
NtQueryDirectoryFile
NtOpenTimer
NtQueryDirectoryFile
NtOpenKeyEx
NtDisplayString
NtCreateThreadEx
NtReadFile
NtOpenKeyEx
NtQueryDirectoryFile
RegCreateKeyEx
NtQueryDirectoryFile
NtReadFile
NtCreateUserProcess
NtOpenFile
NtReadFile
NtOpenKeyEx
NtReadFile
NtOpenFile
NtCreateUserProcess
NtWriteFile
NtOpenFile
NtReadFile
NtSetTimerEx
NtWriteFile
NtDisplayString
NtCreateUserProcess
NtOpenFile
NtOpenFile
NtOpenKeyEx
NtCreateThreadEx
NtWriteFile
NtWriteFile
NtCreateUserProcess
NtCreateThreadEx
NtQueryDirectoryFile
NtWriteFile
NtDrawText
NtCreateUserProcess
RegSaveKeyEx
NtCreateUserProcess
NtOpenFile
NtWriteFile
NtSetTimerEx
NtDrawText
NtDisplayString
NtOpenTimer
NtReadFile
NtDrawText
NtCreateUserProcess
NtWriteFile
NtReadFile
NtOpenTimer
NtOpenKeyEx
NtCreateUserProcess
NtOpenKeyEx
NtCreateUserProcess
NtDisplayString
NtOpenFile
NtQueryDirectoryFile
NtQueryDirectoryFile
NtWriteFile
NtWriteFile
NtOpenFile
NtOpenKeyEx
NtWriteFile
NtCreateUserProcess
NtWriteFile
NtCreateUserProcess
NtReadFile
RegSaveKeyEx
NtCreateUserProcess
NtReadFile
NtOpenTimer
NtOpenFile
NtDisplayString
NtQueryDirectoryFile
NtOpenKeyEx
NtDisplayString
NtOpenTimer
NtOpenKeyEx
NtQueryDirectoryFile
NtWriteFile
NtDrawText
NtOpenKeyEx
NtModifyBootEntry
NtOpenTimer
RegCreateKeyEx
NtQueryDirectoryFile
NtQueryDirectoryFile
NtOpenKeyEx
NtReadFile
NtCreateUserProcess
NtOpenTimer
NtOpenKeyEx
NtQueryDirectoryFile
NtWriteFile
NtCreateUserProcess
NtCreateUserProcess
NtOpenTimer
NtDrawText
NtOpenTimer
NtCreateUserProcess
NtOpenKeyEx
NtDrawText
NtCreateUserProcess
NtCreateUserProcess
NtCreateUserProcess
NtWriteFile
NtOpenFile
NtWriteFile
NtDrawText
NtQueryDirectoryFile
NtWriteFile
NtReadFile
RegCreateKeyEx
NtQueryDirectoryFile
NtOpenTimer
NtDisplayString
NtDisplayString
NtCreateThreadEx
NtOpenTimer
NtOpenTimer
NtDrawText
NtDrawText
NtModifyBootEntry
NtOpenKeyEx
NtQueryDirectoryFile
NtOpenFile
NtReadFile
NtReadFile
NtWriteFile
NtWriteFile
RegCreateKeyEx
NtDrawText
NtOpenKeyEx
NtDisplayString
NtQueryDirectoryFile
NtOpenTimer
NtReadFile
NtCreateUserProcess
NtReadFile
NtOpenFile
RegCreateKeyEx
NtCreateUserProcess
NtQueryDirectoryFile
NtCreateProcessEx
NtCreateUserProcess
NtOpenTimer
NtOpenKeyEx
NtCreateUserProcess
NtReadFile
NtCreateProcessEx
NtReadFile
NtReadFile
NtQueryDirectoryFile
NtOpenKeyEx
NtReadFile
NtCreateUserProcess
NtDrawText
NtOpenKeyEx
NtOpenTimer
NtCreateUserProcess
NtOpenFile
NtDisplayString
NtDisplayString
NtCreateUserProcess
NtWriteFile
NtCreateUserProcess
NtOpenTimer
NtDisplayString
NtCreateUserProcess
NtDrawText
NtOpenTimer
NtDisplayString
NtDrawText
NtOpenFile
NtWriteFile
NtOpenKeyEx
NtOpenKeyEx
NtDrawText
NtDisplayString
NtDrawText
NtOpenKeyEx
NtCreateUserProcess
NtOpenTimer
NtSetTimerEx
NtWriteFile
NtOpenFile
NtDisplayString
NtOpenKeyEx
NtWriteFile
NtQueryDirectoryFile
NtWriteFile
NtQueryDirectoryFile
NtOpenKeyEx
RegCreateKeyEx
NtOpenFile
NtOpenTimer
NtOpenTimer
NtOpenKeyEx
NtQueryDirectoryFile
NtOpenFile
NtWriteFile
NtSaveKeyEx
NtCreateUserProcess
NtOpenKeyEx
NtOpenFile
NtDrawText
NtWriteFile
NtDisplayString
NtCreateUserProcess
NtDisplayString
NtDrawText
NtDrawText
NtOpenTimer
NtDisplayString
NtOpenTimer
NtQueryDirectoryFile
NtDisplayString
NtOpenFile
NtCreateProcessEx
NtReadFile
NtOpenTimer
NtQueryDirectoryFile
NtOpenFile
NtDisplayString
NtSetTimerEx
NtOpenTimer
NtDisplayString
NtOpenFile
NtQueryDirectoryFile
NtQueryDirectoryFile
NtQueryDirectoryFile
NtDrawText
NtDrawText
RegCreateKeyEx
NtCreateUserProcess
NtSetTimerEx
NtQueryDirectoryFile
NtQueryDirectoryFile
NtOpenKeyEx
NtOpenFile
NtWriteFile
NtCreateUserProcess
NtSaveKeyEx
NtOpenTimer
NtDrawText
NtReadFile
NtCreateUserProcess
NtCreateUserProcess
NtCreateProcessEx
NtSaveKeyEx
NtOpenFile
NtReadFile
NtOpenKeyEx
RegCreateKeyEx
NtOpenFile
NtDrawText
NtDisplayString
NtQueryDirectoryFile
NtOpenKeyEx
NtOpenTimer
NtOpenKeyEx
NtQueryDirectoryFile
NtQueryDirectoryFile
NtOpenFile
NtCreateUserProcess
RegCreateKeyEx
NtDrawText
NtQueryDirectoryFile
NtCreateUserProcess
NtOpenFile
NtReadFile
NtWriteFile
NtDisplayString
RegCreateKeyEx
NtOpenFile
NtOpenFile
NtWriteFile
RegSaveKeyEx
NtOpenKeyEx
NtReadFile
NtQueryDirectoryFile
NtQueryDirectoryFile
NtDisplayString
NtQueryDirectoryFile
NtDrawText
NtDrawText
NtOpenTimer
NtDrawText
NtCreateUserProcess
NtDisplayString
NtOpenFile
NtWriteFile
NtOpenKeyEx
NtCreateUserProcess
NtOpenFile
NtCreateUserProcess
NtDrawText
NtOpenTimer
NtReadFile
NtReadFile
NtReadFile
NtOpenKeyEx
NtOpenKeyEx
NtDrawText
NtOpenKeyEx
NtOpenKeyEx
NtDrawText
NtReadFile
NtWriteFile
RegCreateKeyEx
NtDisplayString
NtOpenFile
NtOpenFile
NtSetTimerEx
NtOpenKeyEx
NtDrawText
NtOpenKeyEx
NtOpenFile
NtOpenTimer
NtDisplayString
NtWriteFile
NtOpenKeyEx
NtReadFile
NtReadFile
RegSaveKeyEx
NtCreateUserProcess
NtWriteFile
NtWriteFile
NtWriteFile
NtWriteFile
NtModifyBootEntry
NtOpenFile
NtWriteFile
NtCreateProcessEx
NtReadFile
NtQueryDirectoryFile
NtDisplayString
NtSaveKeyEx
NtDrawText
NtQueryDirectoryFile
NtReadFile
NtReadFile
NtDrawText
NtWriteFile
NtReadFile
NtOpenTimer
NtReadFile
NtWriteFile
NtWriteFile
NtCreateUserProcess
NtWriteFile
NtOpenKeyEx
NtDrawText
NtWriteFile
NtCreateUserProcess
NtReadFile
NtCreateUserProcess
NtOpenTimer
NtSetTimerEx
NtOpenFile
