NtCreateUserProcess
NtDisplayString
NtDrawText
NtReadFile
NtCreateUserProcess
NtCreateUserProcess
NtOpenTimer
NtWriteFile
NtCreateUserProcess
NtWriteFile
NtWriteFile
NtReadFile
NtOpenTimer
NtQueryDirectoryFile
NtOpenFile
NtCreateUserProcess
NtCreateThreadEx
NtDrawText
NtOpenTimer
NtCreateUserProcess
NtQueryDirectoryFile
NtQueryDirectoryFile
NtDrawText
NtDrawText
NtDrawText
NtCreateUserProcess
NtOpenKeyEx
NtOpenFile
NtModifyBootEntry
NtOpenFile
NtCreateUserProcess
NtOpenTimer
NtCreateProcessEx
NtCreateUserProcess
NtDisplayString
NtQueryDirectoryFile
NtWriteFile
NtOpenTimer
NtQueryDirectoryFile
NtWriteFile
NtReadFile
NtCreateUserProcess
NtReadFile
NtQueryDirectoryFile
NtDisplayString
NtCreateUserProcess
NtQueryDirectoryFile
NtDrawText
NtQueryDirectoryFile
NtReadFile
NtWriteFile
NtOpenTimer
NtOpenKeyEx
NtOpenKeyEx
NtReadFile
NtCreateUserProcess
NtOpenTimer
NtQueryDirectoryFile
NtOpenFile
NtDisplayString
NtOpenTimer
NtOpenKeyEx
NtOpenKeyEx
NtDrawText
NtCreateThreadEx
NtWriteFile
NtOpenKeyEx
NtReadFile
NtOpenKeyEx
NtOpenFile
NtDrawText
NtWriteFile
NtReadFile
NtOpenTimer
NtCreateUserProcess
NtOpenFile
NtOpenFile
NtOpenFile
NtWriteFile
NtOpenTimer
NtOpenFile
NtOpenKeyEx
NtOpenKeyEx
NtDisplayString
NtOpenTimer
NtOpenKeyEx
NtDisplayString
NtQueryDirectoryFile
NtOpenFile
NtReadFile
NtOpenFile
NtOpenFile
NtOpenFile
NtReadFile
NtOpenTimer
NtOpenFile
NtQueryDirectoryFile
NtDrawText
NtOpenKeyEx
NtQueryDirectoryFile
NtDrawText
NtOpenFile
NtDisplayString
NtDisplayString
NtWriteFile
NtWriteFile
NtOpenFile
RegSaveKeyEx
NtSetTimerEx
NtOpenFile
NtDisplayString
NtOpenFile
NtDrawText
NtReadFile
NtQueryDirectoryFile
NtOpenTimer
NtOpenFile
NtReadFile
NtDisplayString
NtOpenTimer
NtReadFile
NtDrawText
NtOpenTimer
NtWriteFile
NtOpenKeyEx
NtDisplayString
NtDisplayString
NtReadFile
NtWriteFile
NtOpenTimer
NtDisplayString
RegSaveKeyEx
NtOpenTimer
NtReadFile
NtWriteFile
NtDrawText
NtDrawText
NtOpenFile
NtCreateUserProcess
NtDisplayString
NtQueryDirectoryFile
NtCreateUserProcess
NtDisplayString
NtWriteFile
NtDrawText
NtQueryDirectoryFile
NtWriteFile
NtOpenTimer
NtDisplayString
NtCreateUserProcess
NtDrawText
NtOpenTimer
NtOpenTimer
NtDisplayString
NtWriteFile
NtOpenFile
NtOpenTimer
NtOpenKeyEx
NtDrawText
RegSaveKeyEx
NtOpenFile
NtQueryDirectoryFile
NtReadFile
NtReadFile
NtQueryDirectoryFile
NtReadFile
NtOpenFile
NtOpenTimer
NtWriteFile
NtSaveKeyEx
NtQueryDirectoryFile
NtCreateUserProcess
NtOpenTimer
NtCreateThreadEx
NtWriteFile
NtCreateUserProcess
NtWriteFile
NtOpenKeyEx
NtQueryDirectoryFile
NtOpenTimer
NtDisplayString
NtOpenTimer
NtOpenFile
NtModifyBootEntry
NtQueryDirectoryFile
NtModifyBootEntry
NtReadFile
NtOpenKeyEx
NtOpenKeyEx
NtOpenFile
NtDisplayString
NtOpenFile
NtDrawText
NtOpenKeyEx
NtDisplayString
NtCreateUserProcess
NtWriteFile
NtOpenFile
NtDisplayString
NtQueryDirectoryFile
NtCreateUserProcess
NtWriteFile
NtOpenKeyEx
NtOpenTimer
NtOpenFile
NtDisplayString
NtOpenKeyEx
NtDrawText
NtOpenKeyEx
NtDisplayString
NtOpenTimer
NtReadFile
NtOpenTimer
NtOpenKeyEx
RegSaveKeyEx
NtCreateThreadEx
NtDisplayString
NtOpenFile
NtCreateUserProcess
NtSetTimerEx
NtReadFile
NtReadFile
NtDisplayString
NtOpenTimer
NtOpenFile
NtDrawText
NtWriteFile
NtOpenTimer
NtSaveKeyEx
NtCreateUserProcess
NtQueryDirectoryFile
NtDisplayString
NtDrawText
NtOpenKeyEx
NtOpenTimer
NtDisplayString
NtOpenKeyEx
NtCreateUserProcess
NtDrawText
NtOpenKeyEx
NtWriteFile
NtWriteFile
NtOpenTimer
NtQueryDirectoryFile
NtDrawText
NtQueryDirectoryFile
NtOpenKeyEx
NtDisplayString
NtCreateProcessEx
NtCreateThreadEx
NtOpenTimer
NtReadFile
NtReadFile
NtSaveKeyEx
NtQueryDirectoryFile
NtDisplayString
NtQueryDirectoryFile
NtWriteFile
NtDisplayString
NtDisplayString
NtCreateThreadEx
NtDisplayString
NtCreateUserProcess
NtOpenKeyEx
NtOpenKeyEx
NtSaveKeyEx
NtReadFile
NtOpenFile
NtModifyBootEntry
NtOpenFile
NtOpenFile
NtDrawText
NtQueryDirectoryFile
NtOpenFile
NtCreateUserProcess
NtCreateUserProcess
NtOpenKeyEx
NtOpenFile
NtModifyBootEntry
NtOpenTimer
NtDisplayString
NtDrawText
NtDisplayString
NtQueryDirectoryFile
NtDisplayString
NtQueryDirectoryFile
NtCreateProcessEx
NtDisplayString
NtOpenKeyEx
NtOpenKeyEx
NtDisplayString
NtDrawText
NtDrawText
NtDrawText
NtOpenFile
NtQueryDirectoryFile
NtReadFile
NtWriteFile
NtQueryDirectoryFile
NtDrawText
NtOpenFile
NtWriteFile
NtReadFile
NtReadFile
NtCreateUserProcess
NtWriteFile
NtQueryDirectoryFile
NtOpenKeyEx
NtDisplayString
NtDrawText
NtOpenKeyEx
NtReadFile
NtDrawText
NtOpenFile
NtOpenTimer
NtOpenFile
NtOpenFile
NtReadFile
NtReadFile
NtCreateUserProcess
NtDrawText
NtWriteFile
NtOpenKeyEx
NtCreateUserProcess
NtSetTimerEx
NtCreateUserProcess
NtOpenTimer
NtModifyBootEntry
NtDrawText
NtDisplayString
NtOpenKeyEx
NtDrawText
NtCreateThreadEx
NtSetTimerEx
NtCreateThreadEx
NtDrawText
NtOpenKeyEx
NtOpenKeyEx
NtReadFile
NtOpenKeyEx
NtReadFile
NtDisplayString
NtDisplayString
NtOpenTimer
NtReadFile
NtWriteFile
NtCreateUserProcess
NtOpenTimer
NtOpenKeyEx
NtOpenKeyEx
NtReadFile
NtDrawText
NtQueryDirectoryFile
NtQueryDirectoryFile
RegCreateKeyEx
NtReadFile
NtOpenTimer
NtOpenFile
RegCreateKeyEx
NtOpenKeyEx
NtCreateUserProcess
NtDrawText
NtOpenFile
NtDisplayString
NtCreateProcessEx
NtOpenTimer
NtReadFile
NtCreateThreadEx
NtWriteFile
NtQueryDirectoryFile
NtWriteFile
NtWriteFile
NtWriteFile
NtDisplayString
NtWriteFile
NtOpenTimer
NtWriteFile
NtOpenTimer
NtCreateUserProcess
NtWriteFile
NtReadFile
NtCreateUserProcess
NtOpenKeyEx
NtReadFile
NtOpenFile
NtWriteFile
NtOpenFile
NtOpenTimer
NtDrawText
NtCreateProcessEx
NtReadFile
NtDisplayString
NtOpenTimer
NtOpenFile
NtWriteFile
NtCreateUserProcess
NtOpenKeyEx
NtOpenTimer
NtWriteFile
NtWriteFile
NtOpenKeyEx
NtOpenTimer
NtSaveKeyEx
NtOpenFile
NtDrawText
NtWriteFile
NtDrawText
NtDrawText
NtCreateUserProcess
NtReadFile
NtWriteFile
NtCreateUserProcess
NtWriteFile
NtQueryDirectoryFile
NtQueryDirectoryFile
NtOpenKeyEx
NtOpenTimer
NtCreateThreadEx
NtOpenTimer
NtDisplayString
NtOpenKeyEx
NtDisplayString
NtOpenKeyEx
NtOpenFile
NtOpenTimer
NtDrawText
NtWriteFile
NtCreateUserProcess
NtOpenKeyEx
NtWriteFile
NtWriteFile
NtOpenTimer
NtReadFile
NtOpenFile
RegSaveKeyEx
NtDisplayString
NtDisplayString
NtQueryDirectoryFile
NtReadFile
NtDrawText
NtQueryDirectoryFile
NtQueryDirectoryFile
NtWriteFile
NtQueryDirectoryFile
NtOpenTimer
NtCreateUserProcess
NtReadFile
NtOpenFile
NtOpenFile
NtOpenFile
NtCreateUserProcess
NtCreateProcessEx
RegSaveKeyEx
NtDrawText
NtDrawText
NtDrawText
NtReadFile
NtWriteFile
NtCreateUserProcess
NtReadFile
NtDrawText
NtOpenFile
NtQueryDirectoryFile
NtModifyBootEntry
NtSaveKeyEx
NtOpenKeyEx
NtReadFile
NtDrawText
NtDisplayString
NtOpenKeyEx
NtWriteFile
NtOpenKeyEx
NtDrawText
NtOpenKeyEx
NtDrawText
NtQueryDirectoryFile
NtDisplayString
NtOpenTimer
NtDrawText
NtOpenFile
NtCreateUserProcess
NtSaveKeyEx
NtOpenTimer
NtCreateUserProcess
NtDrawText
NtReadFile
NtOpenKeyEx
NtSaveKeyEx
NtReadFile
NtWriteFile
NtDrawText
NtDisplayString
NtOpenFile
NtDrawText
NtDisplayString
NtOpenKeyEx
NtCreateUserProcess
NtCreateUserProcess
NtWriteFile
NtDisplayString
NtDisplayString
NtDrawText
NtQueryDirectoryFile
NtDrawText
NtOpenKeyEx
NtDrawText
NtReadFile
NtOpenKeyEx
NtOpenKeyEx
NtReadFile
NtOpenTimer
NtCreateUserProcess
NtDrawText
NtWriteFile
NtReadFile
NtWriteFile
NtOpenFile
NtWriteFile
NtOpenTimer
NtDisplayString
NtDrawText
NtOpenKeyEx
NtOpenKeyEx
NtOpenFile
NtOpenKeyEx
NtWriteFile
NtDisplayString
NtOpenTimer
NtDisplayString
NtReadFile
NtWriteFile
NtWriteFile
NtQueryDirectoryFile
NtQueryDirectoryFile
NtOpenKeyEx
NtWriteFile
NtReadFile
NtReadFile
NtQueryDirectoryFile
NtReadFile
NtCreateUserProcess
NtWriteFile
NtOpenTimer
NtOpenTimer
NtCreateProcessEx
NtDisplayString
NtOpenFile
NtOpenKeyEx
NtDrawText
NtQueryDirectoryFile
NtDrawText
RegSaveKeyEx
NtWriteFile
NtWriteFile
NtQueryDirectoryFile
NtReadFile
NtCreateProcessEx
NtOpenTimer
NtCreateUserProcess
NtOpenFile
NtWriteFile
NtCreateUserProcess
NtCreateUserProcess
NtQueryDirectoryFile
NtCreateUserProcess
NtQueryDirectoryFile
NtDisplayString
NtCreateUserProcess
NtOpenTimer
NtReadFile
NtWriteFile
NtOpenTimer
NtOpenKeyEx
NtDrawText
NtWriteFile
NtReadFile
NtOpenTimer
NtOpenTimer
NtSetTimerEx
NtSaveKeyEx
NtCreateUserProcess
NtOpenTimer
NtDrawText
NtCreateProcessEx
NtQueryDirectoryFile
NtOpenFile
NtQueryDirectoryFile
NtQueryDirectoryFile
NtReadFile
NtCreateUserProcess
NtDisplayString
NtOpenTimer
NtCreateUserProcess
NtDisplayString
NtSetTimerEx
NtWriteFile
NtDisplayString
NtReadFile
NtSetTimerEx
NtModifyBootEntry
NtOpenFile
NtSetTimerEx
NtOpenTimer
NtOpenKeyEx
NtReadFile
NtWriteFile
NtDisplayString
NtOpenKeyEx
NtOpenFile
NtOpenKeyEx
NtDrawText
NtSetTimerEx
NtCreateUserProcess
NtCreateUserProcess
NtModifyBootEntry
NtOpenFile
NtCreateUserProcess
NtQueryDirectoryFile
NtWriteFile
NtModifyBootEntry
NtOpenTimer
NtReadFile
NtSaveKeyEx
NtCreateUserProcess
NtOpenTimer
NtOpenFile
NtQueryDirectoryFile
NtDisplayString
NtReadFile
NtCreateProcessEx
