NtOpenFile
NtOpenFile
NtCreateUserProcess
NtReadFile
NtQueryDirectoryFile
NtOpenKeyEx
NtQueryDirectoryFile
NtDisplayString
NtCreateUserProcess
NtOpenKeyEx
NtCreateUserProcess
NtCreateUserProcess
NtOpenFile
NtDrawText
NtReadFile
NtOpenFile
NtCreateUserProcess
NtReadFile
NtWriteFile
NtQueryDirectoryFile
NtQueryDirectoryFile
NtOpenTimer
NtOpenTimer
NtCreateUserProcess
NtOpenKeyEx
NtModifyBootEntry
NtModifyBootEntry
NtDrawText
NtCreateThreadEx
NtCreateUserProcess
NtOpenTimer
NtDisplayString
NtWriteFile
NtReadFile
NtCreateThreadEx
NtQueryDirectoryFile
NtDisplayString
NtQueryDirectoryFile
NtCreateUserProcess
NtOpenTimer
NtDisplayString
NtOpenKeyEx
NtSetTimerEx
NtDrawText
NtQueryDirectoryFile
NtQueryDirectoryFile
NtReadFile
NtReadFile
NtDisplayString
NtQueryDirectoryFile
NtDisplayString
NtWriteFile
NtOpenFile
NtDrawText
NtCreateProcessEx
NtOpenFile
NtQueryDirectoryFile
NtOpenKeyEx
NtOpenTimer
NtDrawText
NtOpenFile
NtDisplayString
NtQueryDirectoryFile
NtReadFile
NtCreateUserProcess
NtOpenTimer
NtOpenTimer
NtDrawText
NtQueryDirectoryFile
NtWriteFile
NtOpenKeyEx
NtWriteFile
NtCreateUserProcess
NtCreateUserProcess
NtDisplayString
NtQueryDirectoryFile
NtModifyBootEntry
NtDrawText
NtSetTimerEx
NtReadFile
NtDrawText
NtWriteFile
NtWriteFile
NtDisplayString
NtReadFile
NtReadFile
NtCreateUserProcess
NtSetTimerEx
NtReadFile
NtOpenKeyEx
NtOpenTimer
NtOpenFile
NtQueryDirectoryFile
NtReadFile
NtWriteFile
NtWriteFile
NtDisplayString
NtSaveKeyEx
NtSaveKeyEx
NtQueryDirectoryFile
NtQueryDirectoryFile
NtDrawText
NtOpenKeyEx
NtWriteFile
NtOpenFile
NtCreateUserProcess
NtOpenKeyEx
NtOpenKeyEx
NtSetTimerEx
NtQueryDirectoryFile
NtOpenFile
NtCreateUserProcess
NtReadFile
NtOpenTimer
NtCreateUserProcess
NtSaveKeyEx
NtDisplayString
NtCreateThreadEx
NtCreateUserProcess
NtQueryDirectoryFile
NtReadFile
NtOpenFile
NtOpenKeyEx
NtOpenFile
NtOpenFile
NtWriteFile
NtCreateUserProcess
NtOpenFile
NtDisplayString
NtQueryDirectoryFile
NtQueryDirectoryFile
NtCreateUserProcess
NtModifyBootEntry
NtCreateUserProcess
NtDisplayString
NtOpenKeyEx
NtOpenTimer
NtDrawText
NtQueryDirectoryFile
NtDrawText
NtModifyBootEntry
NtCreateThreadEx
NtDrawText
NtWriteFile
NtOpenTimer
NtCreateUserProcess
NtQueryDirectoryFile
NtCreateUserProcess
NtDrawText
NtDrawText
NtQueryDirectoryFile
NtReadFile
NtReadFile
NtQueryDirectoryFile
NtQueryDirectoryFile
NtOpenTimer
NtDisplayString
NtReadFile
NtDrawText
NtDisplayString
NtWriteFile
NtOpenTimer
NtReadFile
NtDisplayString
NtDrawText
NtWriteFile
NtOpenFile
NtDrawText
NtOpenTimer
NtDrawText
NtQueryDirectoryFile
NtReadFile
NtOpenFile
NtOpenTimer
NtOpenKeyEx
NtOpenKeyEx
RegCreateKeyEx
NtOpenFile
NtOpenTimer
NtModifyBootEntry
NtOpenFile
NtDisplayString
NtCreateUserProcess
NtReadFile
NtOpenKeyEx
NtOpenTimer
NtOpenFile
NtOpenFile
NtOpenTimer
NtCreateUserProcess
NtSetTimerEx
NtWriteFile
NtWriteFile
NtDrawText
NtOpenTimer
NtCreateUserProcess
NtDrawText
NtOpenKeyEx
NtOpenFile
NtOpenTimer
NtOpenFile
NtQueryDirectoryFile
NtWriteFile
NtCreateUserProcess
NtCreateThreadEx
NtCreateUserProcess
NtReadFile
NtCreateThreadEx
NtOpenKeyEx
NtOpenFile
NtDisplayString
NtDrawText
NtQueryDirectoryFile
NtOpenTimer
NtCreateThreadEx
NtCreateProcessEx
NtOpenFile
NtOpenTimer
NtDrawText
NtCreateUserProcess
NtWriteFile
NtQueryDirectoryFile
NtDisplayString
NtOpenTimer
NtQueryDirectoryFile
NtWriteFile
NtCreateThreadEx
NtOpenKeyEx
NtWriteFile
NtCreateUserProcess
NtOpenFile
NtWriteFile
NtWriteFile
NtReadFile
NtQueryDirectoryFile
NtDrawText
RegCreateKeyEx
NtOpenTimer
NtCreateUserProcess
NtReadFile
NtQueryDirectoryFile
NtQueryDirectoryFile
NtDrawText
NtWriteFile
NtDisplayString
NtDisplayString
NtQueryDirectoryFile
NtOpenTimer
NtQueryDirectoryFile
NtCreateUserProcess
NtOpenKeyEx
NtReadFile
NtOpenFile
NtWriteFile
NtOpenFile
NtDrawText
NtOpenTimer
NtOpenFile
NtQueryDirectoryFile
NtDisplayString
NtOpenFile
NtCreateUserProcess
NtQueryDirectoryFile
NtOpenKeyEx
NtOpenKeyEx
NtModifyBootEntry
NtOpenFile
NtOpenTimer
NtDisplayString
NtOpenTimer
NtQueryDirectoryFile
NtSaveKeyEx
NtCreateUserProcess
NtOpenTimer
NtQueryDirectoryFile
NtQueryDirectoryFile
NtWriteFile
NtReadFile
NtOpenFile
NtQueryDirectoryFile
NtCreateThreadEx
NtModifyBootEntry
NtDrawText
NtDisplayString
NtQueryDirectoryFile
NtWriteFile
NtQueryDirectoryFile
NtWriteFile
NtOpenFile
NtQueryDirectoryFile
NtOpenKeyEx
NtCreateUserProcess
NtDisplayString
NtCreateUserProcess
NtDisplayString
NtWriteFile
NtReadFile
NtOpenTimer
NtDisplayString
NtOpenFile
NtCreateThreadEx
NtDisplayString
NtCreateUserProcess
NtDrawText
NtOpenTimer
NtDisplayString
NtWriteFile
NtOpenKeyEx
NtDrawText
NtWriteFile
NtDisplayString
NtCreateUserProcess
NtCreateProcessEx
NtQueryDirectoryFile
NtWriteFile
NtWriteFile
NtDisplayString
NtWriteFile
NtReadFile
NtDisplayString
NtOpenTimer
NtOpenTimer
NtQueryDirectoryFile
NtDrawText
NtReadFile
NtQueryDirectoryFile
NtDisplayString
NtReadFile
NtDrawText
NtReadFile
NtOpenTimer
NtDisplayString
NtWriteFile
NtOpenTimer
NtCreateUserProcess
NtWriteFile
NtDrawText
NtOpenKeyEx
NtOpenKeyEx
NtReadFile
NtWriteFile
NtDrawText
NtCreateUserProcess
NtReadFile
NtOpenFile
NtQueryDirectoryFile
NtOpenTimer
NtDisplayString
NtDisplayString
NtQueryDirectoryFile
NtOpenTimer
NtDisplayString
NtCreateUserProcess
NtReadFile
NtOpenKeyEx
NtReadFile
NtReadFile
NtCreateUserProcess
NtDisplayString
NtReadFile
NtDisplayString
NtCreateUserProcess
NtCreateUserProcess
NtOpenTimer
NtReadFile
NtWriteFile
NtOpenKeyEx
NtOpenKeyEx
NtCreateUserProcess
NtOpenFile
NtOpenTimer
NtWriteFile
NtOpenFile
NtSetTimerEx
NtDrawText
NtCreateUserProcess
NtOpenTimer
NtOpenKeyEx
NtReadFile
RegSaveKeyEx
NtOpenFile
NtOpenFile
NtWriteFile
NtReadFile
NtOpenTimer
NtCreateThreadEx
NtReadFile
NtWriteFile
NtOpenKeyEx
NtOpenKeyEx
NtReadFile
NtOpenTimer
NtOpenTimer
NtOpenKeyEx
NtDisplayString
NtDrawText
NtDisplayString
NtOpenTimer
NtSetTimerEx
NtDisplayString
NtReadFile
NtReadFile
NtOpenFile
NtQueryDirectoryFile
NtWriteFile
NtCreateUserProcess
NtWriteFile
NtOpenTimer
NtQueryDirectoryFile
NtDisplayString
NtCreateUserProcess
NtOpenTimer
NtCreateUserProcess
NtDisplayString
NtDisplayString
NtDisplayString
NtDisplayString
NtOpenTimer
NtCreateUserProcess
NtCreateUserProcess
NtReadFile
NtCreateUserProcess
NtOpenFile
NtDisplayString
NtQueryDirectoryFile
NtOpenKeyEx
NtReadFile
NtReadFile
NtWriteFile
NtOpenKeyEx
NtSaveKeyEx
NtCreateUserProcess
NtDisplayString
NtQueryDirectoryFile
NtOpenKeyEx
NtDisplayString
NtCreateProcessEx
NtQueryDirectoryFile
NtCreateProcessEx
NtCreateUserProcess
NtCreateProcessEx
NtOpenKeyEx
NtReadFile
NtOpenFile
NtReadFile
NtOpenKeyEx
NtWriteFile
NtOpenKeyEx
NtOpenKeyEx
NtSetTimerEx
NtModifyBootEntry
NtOpenTimer
NtCreateUserProcess
NtDrawText
NtCreateUserProcess
NtReadFile
NtOpenTimer
NtReadFile
RegCreateKeyEx
NtReadFile
NtDrawText
NtOpenTimer
NtOpenKeyEx
NtOpenKeyEx
NtDrawText
NtOpenKeyEx
NtDrawText
NtOpenFile
NtDrawText
NtOpenFile
NtWriteFile
NtCreateUserProcess
NtQueryDirectoryFile
NtQueryDirectoryFile
NtOpenKeyEx
NtOpenTimer
NtQueryDirectoryFile
NtDrawText
NtOpenTimer
NtDisplayString
NtQueryDirectoryFile
NtOpenTimer
NtQueryDirectoryFile
NtDisplayString
NtOpenTimer
NtCreateUserProcess
NtOpenKeyEx
NtModifyBootEntry
NtOpenTimer
NtCreateUserProcess
NtSetTimerEx
NtQueryDirectoryFile
NtOpenFile
NtOpenFile
NtQueryDirectoryFile
NtQueryDirectoryFile
NtOpenKeyEx
NtSetTimerEx
NtQueryDirectoryFile
NtDrawText
NtOpenFile
NtCreateProcessEx
NtOpenFile
NtCreateUserProcess
NtOpenTimer
NtOpenTimer
NtSaveKeyEx
NtCreateThreadEx
NtDisplayString
NtDisplayString
NtDisplayString
NtSetTimerEx
NtReadFile
NtOpenTimer
NtOpenKeyEx
NtOpenFile
NtReadFile
NtDrawText
NtOpenTimer
NtWriteFile
NtReadFile
NtOpenTimer
NtOpenFile
NtDrawText
NtOpenFile
NtCreateUserProcess
NtOpenKeyEx
NtOpenTimer
NtWriteFile
NtOpenFile
NtReadFile
NtCreateUserProcess
NtCreateThreadEx
NtWriteFile
NtCreateUserProcess
NtDisplayString
NtWriteFile
NtWriteFile
NtDrawText
NtReadFile
NtModifyBootEntry
NtDisplayString
NtQueryDirectoryFile
NtWriteFile
NtOpenFile
NtOpenKeyEx
NtReadFile
NtWriteFile
NtOpenFile
NtCreateUserProcess
NtQueryDirectoryFile
NtOpenFile
NtReadFile
NtWriteFile
NtReadFile
NtCreateThreadEx
NtQueryDirectoryFile
NtCreateUserProcess
NtCreateUserProcess
NtCreateUserProcess
NtCreateUserProcess
NtWriteFile
NtDrawText
NtDisplayString
NtOpenTimer
NtOpenKeyEx
NtCreateUserProcess
NtWriteFile
NtDrawText
NtCreateUserProcess
NtOpenKeyEx
NtDisplayString
NtOpenKeyEx
NtDisplayString
NtDrawText
NtOpenTimer
NtWriteFile
NtCreateUserProcess
NtOpenKeyEx
NtOpenTimer
NtDisplayString
NtQueryDirectoryFile
NtCreateUserProcess
NtCreateUserProcess
NtReadFile
NtOpenKeyEx
NtOpenKeyEx
NtOpenFile
NtOpenFile
NtReadFile
NtWriteFile
NtOpenFile
NtOpenTimer
NtQueryDirectoryFile
NtQueryDirectoryFile
NtReadFile
NtOpenKeyEx
NtQueryDirectoryFile
NtOpenTimer
NtOpenKeyEx
NtOpenKeyEx
NtDrawText
NtOpenTimer
NtDrawText
NtOpenFile
NtOpenKeyEx
NtOpenTimer
NtReadFile
NtOpenFile
NtOpenFile
NtDisplayString
NtReadFile
NtDisplayString
NtOpenFile
NtQueryDirectoryFile
NtOpenTimer
NtReadFile
NtDrawText
NtOpenTimer
NtQueryDirectoryFile
NtQueryDirectoryFile
NtReadFile
NtReadFile
NtQueryDirectoryFile
NtOpenFile
NtModifyBootEntry
NtCreateUserProcess
RegSaveKeyEx
NtReadFile
NtOpenTimer
NtCreateUserProcess
NtOpenFile
NtDrawText
NtOpenKeyEx
NtReadFile
NtQueryDirectoryFile
NtOpenKeyEx
NtOpenKeyEx
NtQueryDirectoryFile
NtReadFile
RegSaveKeyEx
NtQueryDirectoryFile
NtOpenKeyEx
NtDisplayString
NtCreateUserProcess
NtOpenTimer
NtDisplayString
NtDisplayString
NtOpenKeyEx
NtDisplayString
NtDisplayString
NtCreateUserProcess
NtCreateUserProcess
NtWriteFile
NtCreateUserProcess
NtDrawText
NtReadFile
NtOpenKeyEx
NtQueryDirectoryFile
NtOpenKeyEx
NtQueryDirectoryFile
NtDisplayString
NtQueryDirectoryFile
NtQueryDirectoryFile
NtReadFile
NtDrawText
NtQueryDirectoryFile
NtCreateProcessEx
NtOpenFile
NtDisplayString
NtQueryDirectoryFile
