NtReadFile
NtQueryDirectoryFile
NtQueryDirectoryFile
NtReadFile
NtWriteFile
NtOpenKeyEx
RegSaveKeyEx
NtQueryDirectoryFile
NtWriteFile
NtWriteFile
NtModifyBootEntry
NtDisplayString
NtDisplayString
NtOpenKeyEx
NtOpenFile
NtReadFile
NtOpenFile
NtOpenKeyEx
NtOpenKeyEx
NtOpenFile
NtDrawText
NtWriteFile
NtCreateUserProcess
NtWriteFile
NtOpenFile
NtDrawText
NtWriteFile
NtOpenFile
NtOpenTimer
NtReadFile
NtQueryDirectoryFile
NtSetTimerEx
NtDisplayString
NtQueryDirectoryFile
NtOpenTimer
NtQueryDirectoryFile
NtModifyBootEntry
NtDisplayString
NtQueryDirectoryFile
NtOpenKeyEx
NtQueryDirectoryFile
NtReadFile
NtDisplayString
NtReadFile
NtOpenFile
NtOpenFile
NtWriteFile
NtDrawText
NtQueryDirectoryFile
NtOpenFile
NtQueryDirectoryFile
NtOpenKeyEx
NtQueryDirectoryFile
NtDisplayString
NtOpenFile
NtOpenFile
NtOpenFile
NtOpenKeyEx
NtQueryDirectoryFile
NtDrawText
NtOpenTimer
NtQueryDirectoryFile
NtCreateThreadEx
NtOpenKeyEx
NtQueryDirectoryFile
NtDisplayString
NtReadFile
NtWriteFile
NtWriteFile
NtOpenFile
NtModifyBootEntry
NtQueryDirectoryFile
NtOpenKeyEx
NtOpenTimer
NtCreateUserProcess
NtOpenTimer
NtQueryDirectoryFile
NtOpenTimer
NtOpenKeyEx
NtDrawText
NtReadFile
NtDrawText
NtQueryDirectoryFile
NtOpenTimer
NtOpenTimer
NtQueryDirectoryFile
NtWriteFile
NtOpenKeyEx
NtOpenFile
NtOpenTimer
NtOpenTimer
NtDisplayString
NtCreateUserProcess
NtReadFile
NtDisplayString
NtOpenKeyEx
NtDrawText
NtOpenFile
NtOpenFile
NtWriteFile
NtOpenTimer
NtQueryDirectoryFile
NtOpenKeyEx
NtWriteFile
NtQueryDirectoryFile
NtReadFile
NtDisplayString
NtOpenFile
NtWriteFile
NtDisplayString
NtDrawText
NtOpenKeyEx
NtQueryDirectoryFile
NtOpenKeyEx
NtDisplayString
NtWriteFile
NtWriteFile
NtDrawText
NtWriteFile
NtOpenTimer
NtDisplayString
NtOpenKeyEx
NtCreateUserProcess
NtDisplayString
NtDrawText
NtReadFile
NtOpenKeyEx
NtQueryDirectoryFile
NtCreateUserProcess
NtDisplayString
NtOpenTimer
NtCreateUserProcess
NtQueryDirectoryFile
NtOpenTimer
NtOpenFile
NtOpenTimer
NtOpenKeyEx
NtDrawText
NtDrawText
NtQueryDirectoryFile
NtOpenTimer
NtOpenTimer
NtCreateUserProcess
NtReadFile
NtCreateUserProcess
NtOpenKeyEx
NtOpenFile
NtDisplayString
NtDisplayString
NtDisplayString
NtDisplayString
NtOpenFile
NtOpenTimer
NtCreateUserProcess
NtSetTimerEx
NtOpenTimer
NtWriteFile
NtQueryDirectoryFile
NtCreateUserProcess
NtOpenKeyEx
NtQueryDirectoryFile
NtCreateUserProcess
NtCreateUserProcess
NtOpenTimer
NtCreateUserProcess
NtCreateUserProcess
NtCreateUserProcess
NtOpenTimer
NtDisplayString
NtQueryDirectoryFile
NtOpenKeyEx
NtDrawText
NtDisplayString
NtModifyBootEntry
NtOpenFile
NtQueryDirectoryFile
NtDrawText
NtModifyBootEntry
NtOpenKeyEx
NtOpenFile
RegCreateKeyEx
NtOpenFile
NtQueryDirectoryFile
NtOpenKeyEx
NtDrawText
NtDisplayString
NtWriteFile
NtReadFile
NtQueryDirectoryFile
NtReadFile
NtOpenFile
NtDisplayString
NtQueryDirectoryFile
NtCreateUserProcess
NtWriteFile
NtOpenKeyEx
NtOpenTimer
NtOpenFile
NtDrawText
NtWriteFile
NtCreateUserProcess
RegCreateKeyEx
NtQueryDirectoryFile
NtDisplayString
NtOpenKeyEx
NtOpenTimer
NtCreateThreadEx
NtOpenTimer
NtDrawText
NtCreateThreadEx
NtReadFile
NtDisplayString
NtOpenTimer
NtOpenFile
NtDrawText
NtQueryDirectoryFile
NtSetTimerEx
NtWriteFile
NtWriteFile
NtWriteFile
NtWriteFile
NtQueryDirectoryFile
NtWriteFile
NtCreateUserProcess
NtCreateUserProcess
NtOpenKeyEx
RegCreateKeyEx
NtDisplayString
NtWriteFile
NtDrawText
NtReadFile
NtOpenKeyEx
NtQueryDirectoryFile
NtCreateThreadEx
NtOpenFile
NtDrawText
NtCreateUserProcess
NtQueryDirectoryFile
NtQueryDirectoryFile
NtReadFile
NtOpenKeyEx
NtDisplayString
NtDrawText
NtCreateThreadEx
NtDrawText
NtReadFile
NtOpenFile
NtDrawText
NtDisplayString
NtOpenFile
NtDrawText
NtDisplayString
NtOpenFile
NtWriteFile
NtCreateThreadEx
NtDrawText
NtDisplayString
NtWriteFile
RegSaveKeyEx
NtModifyBootEntry
NtOpenTimer
NtOpenKeyEx
NtCreateUserProcess
NtSetTimerEx
NtCreateUserProcess
NtQueryDirectoryFile
NtDisplayString
NtReadFile
NtWriteFile
NtCreateProcessEx
NtDisplayString
NtOpenKeyEx
NtDisplayString
NtDisplayString
NtOpenFile
NtWriteFile
NtOpenKeyEx
RegSaveKeyEx
NtSaveKeyEx
NtWriteFile
NtOpenTimer
NtOpenKeyEx
NtCreateUserProcess
NtCreateUserProcess
NtDrawText
NtOpenKeyEx
NtReadFile
NtOpenTimer
NtOpenTimer
NtOpenFile
NtDrawText
NtOpenTimer
NtDrawText
NtOpenKeyEx
NtQueryDirectoryFile
NtOpenFile
NtDisplayString
NtCreateUserProcess
NtQueryDirectoryFile
NtDisplayString
NtDrawText
RegSaveKeyEx
NtDrawText
NtDrawText
NtCreateUserProcess
NtOpenTimer
NtDisplayString
NtReadFile
NtReadFile
NtReadFile
NtCreateUserProcess
NtDisplayString
NtDrawText
NtCreateUserProcess
NtOpenFile
NtDisplayString
NtOpenFile
NtWriteFile
NtOpenKeyEx
NtCreateUserProcess
NtDrawText
NtDisplayString
NtQueryDirectoryFile
NtWriteFile
NtQueryDirectoryFile
NtDisplayString
NtOpenKeyEx
NtCreateUserProcess
NtReadFile
NtReadFile
NtOpenTimer
NtDisplayString
NtOpenFile
NtWriteFile
NtDisplayString
NtOpenKeyEx
NtOpenKeyEx
NtDrawText
NtCreateUserProcess
NtQueryDirectoryFile
NtDrawText
NtQueryDirectoryFile
NtDrawText
NtOpenTimer
NtOpenFile
NtCreateUserProcess
NtWriteFile
NtOpenTimer
NtDisplayString
NtDisplayString
NtQueryDirectoryFile
NtReadFile
NtReadFile
NtOpenTimer
NtDisplayString
NtDisplayString
NtWriteFile
NtReadFile
NtOpenTimer
NtQueryDirectoryFile
NtOpenFile
NtCreateUserProcess
NtReadFile
NtQueryDirectoryFile
NtDrawText
NtOpenKeyEx
NtDisplayString
NtReadFile
NtCreateThreadEx
NtOpenTimer
NtOpenKeyEx
NtQueryDirectoryFile
NtWriteFile
NtQueryDirectoryFile
NtCreateUserProcess
NtQueryDirectoryFile
NtOpenFile
NtReadFile
NtOpenFile
NtReadFile
NtDisplayString
NtCreateUserProcess
NtOpenTimer
NtOpenKeyEx
NtDisplayString
NtQueryDirectoryFile
NtOpenKeyEx
NtOpenTimer
NtDrawText
NtOpenFile
NtDrawText
NtOpenTimer
NtOpenTimer
NtOpenFile
NtWriteFile
NtOpenTimer
NtCreateUserProcess
NtQueryDirectoryFile
NtReadFile
NtWriteFile
NtCreateProcessEx
NtWriteFile
NtOpenTimer
NtWriteFile
NtCreateUserProcess
NtWriteFile
NtCreateThreadEx
NtOpenKeyEx
NtOpenKeyEx
RegSaveKeyEx
NtDisplayString
NtSaveKeyEx
RegSaveKeyEx
NtWriteFile
NtWriteFile
NtDisplayString
NtOpenTimer
NtOpenTimer
NtQueryDirectoryFile
NtOpenFile
NtOpenTimer
NtOpenTimer
NtCreateUserProcess
NtOpenKeyEx
NtCreateUserProcess
NtReadFile
NtDisplayString
NtReadFile
NtSetTimerEx
NtReadFile
NtCreateThreadEx
NtWriteFile
NtOpenTimer
NtOpenKeyEx
NtWriteFile
NtOpenTimer
NtWriteFile
NtCreateUserProcess
NtOpenFile
NtDrawText
NtOpenKeyEx
NtDrawText
NtOpenFile
NtQueryDirectoryFile
NtWriteFile
NtDrawText
NtSaveKeyEx
RegSaveKeyEx
NtQueryDirectoryFile
NtDrawText
NtWriteFile
NtWriteFile
NtWriteFile
NtReadFile
NtOpenKeyEx
NtQueryDirectoryFile
NtDrawText
NtOpenFile
NtDisplayString
NtOpenKeyEx
NtOpenTimer
NtWriteFile
NtDrawText
NtWriteFile
NtOpenKeyEx
NtSetTimerEx
NtDisplayString
NtDrawText
NtDrawText
RegCreateKeyEx
NtCreateUserProcess
NtCreateUserProcess
NtReadFile
NtWriteFile
NtDisplayString
NtWriteFile
NtDrawText
NtWriteFile
NtOpenTimer
NtDisplayString
NtDisplayString
NtWriteFile
RegCreateKeyEx
NtOpenFile
NtWriteFile
NtQueryDirectoryFile
NtQueryDirectoryFile
NtSetTimerEx
NtDrawText
NtOpenFile
NtWriteFile
NtReadFile
NtWriteFile
NtSaveKeyEx
NtCreateProcessEx
NtCreateUserProcess
NtOpenKeyEx
NtOpenTimer
NtWriteFile
NtReadFile
NtOpenFile
NtDisplayString
NtDisplayString
NtOpenKeyEx
NtDisplayString
NtDrawText
NtOpenTimer
NtOpenFile
NtQueryDirectoryFile
NtOpenFile
NtDrawText
NtDrawText
NtQueryDirectoryFile
NtReadFile
NtDisplayString
NtDrawText
NtWriteFile
RegCreateKeyEx
RegCreateKeyEx
NtWriteFile
NtWriteFile
NtCreateUserProcess
NtReadFile
NtOpenTimer
NtCreateUserProcess
NtOpenKeyEx
NtReadFile
NtDisplayString
NtReadFile
NtReadFile
NtOpenFile
NtOpenFile
NtDisplayString
NtReadFile
NtDisplayString
NtDisplayString
NtModifyBootEntry
NtCreateUserProcess
NtReadFile
NtDisplayString
NtDrawText
NtReadFile
NtReadFile
NtWriteFile
NtDrawText
NtOpenTimer
NtOpenFile
NtQueryDirectoryFile
NtQueryDirectoryFile
NtModifyBootEntry
NtOpenTimer
NtOpenKeyEx
NtOpenKeyEx
NtWriteFile
NtWriteFile
NtDisplayString
NtOpenKeyEx
RegSaveKeyEx
NtWriteFile
NtOpenFile
NtReadFile
NtQueryDirectoryFile
NtOpenTimer
NtDrawText
NtCreateUserProcess
NtDisplayString
NtDrawText
NtWriteFile
NtQueryDirectoryFile
NtModifyBootEntry
NtCreateUserProcess
NtOpenKeyEx
NtWriteFile
NtCreateUserProcess
NtDisplayString
NtReadFile
NtQueryDirectoryFile
NtOpenFile
NtWriteFile
NtOpenFile
NtOpenKeyEx
NtQueryDirectoryFile
NtReadFile
NtSaveKeyEx
NtOpenFile
NtDisplayString
NtWriteFile
NtQueryDirectoryFile
NtReadFile
NtOpenKeyEx
NtOpenFile
NtQueryDirectoryFile
NtWriteFile
NtCreateUserProcess
NtReadFile
NtDrawText
NtCreateProcessEx
NtQueryDirectoryFile
NtOpenTimer
NtDrawText
NtDrawText
NtWriteFile
NtCreateUserProcess
NtOpenKeyEx
NtOpenKeyEx
NtCreateUserProcess
NtOpenTimer
NtDrawText
NtWriteFile
NtDisplayString
NtReadFile
NtQueryDirectoryFile
NtQueryDirectoryFile
NtReadFile
NtOpenFile
NtDisplayString
NtReadFile
NtDisplayString
NtOpenKeyEx
NtDisplayString
NtQueryDirectoryFile
NtDisplayString
RegCreateKeyEx
NtOpenKeyEx
NtReadFile
NtWriteFile
NtOpenKeyEx
NtOpenTimer
NtWriteFile
RegCreateKeyEx
NtOpenTimer
NtOpenKeyEx
NtCreateUserProcess
NtWriteFile
NtOpenFile
NtWriteFile
NtQueryDirectoryFile
