NtOpenFile
NtOpenTimer
NtCreateUserProcess
NtOpenTimer
NtCreateUserProcess
NtDrawText
NtOpenFile
NtModifyBootEntry
NtCreateUserProcess
NtCreateUserProcess
NtOpenTimer
NtDisplayString
NtQueryDirectoryFile
NtOpenFile
NtReadFile
NtCreateProcessEx
NtWriteFile
NtQueryDirectoryFile
NtQueryDirectoryFile
NtQueryDirectoryFile
NtOpenKeyEx
NtWriteFile
NtOpenTimer
NtQueryDirectoryFile
RegSaveKeyEx
NtOpenTimer
NtQueryDirectoryFile
NtOpenTimer
NtOpenKeyEx
NtReadFile
NtWriteFile
NtWriteFile
RegCreateKeyEx
NtDrawText
NtDrawText
NtOpenKeyEx
NtReadFile
NtWriteFile
NtOpenKeyEx
NtDrawText
NtDrawText
NtQueryDirectoryFile
NtDrawText
NtOpenFile
NtOpenKeyEx
NtWriteFile
NtOpenKeyEx
NtOpenFile
NtOpenFile
NtOpenFile
NtWriteFile
NtOpenTimer
NtQueryDirectoryFile
NtWriteFile
NtReadFile
NtOpenTimer
NtCreateThreadEx
NtOpenFile
NtWriteFile
NtDisplayString
NtCreateUserProcess
NtOpenTimer
NtCreateUserProcess
NtOpenKeyEx
NtOpenKeyEx
NtOpenFile
NtOpenFile
RegCreateKeyEx
NtWriteFile
NtOpenFile
NtQueryDirectoryFile
RegSaveKeyEx
NtDisplayString
NtOpenKeyEx
NtOpenKeyEx
NtReadFile
NtOpenKeyEx
NtOpenTimer
NtQueryDirectoryFile
NtWriteFile
NtDisplayString
NtOpenTimer
NtDisplayString
NtWriteFile
NtDisplayString
NtReadFile
NtOpenFile
NtDisplayString
NtCreateProcessEx
NtDisplayString
NtDisplayString
NtOpenTimer
NtCreateUserProcess
NtCreateThreadEx
NtWriteFile
NtOpenKeyEx
NtOpenTimer
NtDrawText
NtOpenKeyEx
NtDisplayString
NtQueryDirectoryFile
NtQueryDirectoryFile
NtOpenKeyEx
NtCreateUserProcess
NtOpenFile
RegSaveKeyEx
NtQueryDirectoryFile
NtOpenFile
NtQueryDirectoryFile
NtSetTimerEx
NtReadFile
NtQueryDirectoryFile
NtCreateUserProcess
RegCreateKeyEx
NtOpenFile
NtSetTimerEx
NtReadFile
NtOpenTimer
NtOpenKeyEx
NtWriteFile
NtOpenKeyEx
NtDrawText
NtOpenTimer
NtOpenKeyEx
NtCreateUserProcess
NtOpenFile
NtWriteFile
NtSetTimerEx
NtOpenFile
NtOpenFile
NtModifyBootEntry
NtOpenTimer
RegSaveKeyEx
NtQueryDirectoryFile
NtDrawText
NtWriteFile
NtDrawText
NtWriteFile
NtDisplayString
NtReadFile
NtWriteFile
NtCreateUserProcess
NtReadFile
NtQueryDirectoryFile
NtDisplayString
NtOpenTimer
NtCreateProcessEx
NtCreateThreadEx
NtOpenFile
NtReadFile
NtReadFile
NtOpenFile
NtQueryDirectoryFile
NtQueryDirectoryFile
NtQueryDirectoryFile
NtOpenFile
NtCreateUserProcess
NtOpenFile
NtOpenTimer
NtWriteFile
NtOpenFile
NtDisplayString
NtQueryDirectoryFile
NtDrawText
NtWriteFile
NtCreateUserProcess
NtWriteFile
NtOpenFile
NtOpenKeyEx
NtWriteFile
NtReadFile
NtSetTimerEx
NtCreateUserProcess
NtOpenFile
NtWriteFile
NtDrawText
NtOpenKeyEx
NtQueryDirectoryFile
NtOpenTimer
NtQueryDirectoryFile
NtOpenTimer
NtOpenKeyEx
NtCreateUserProcess
NtOpenFile
NtDrawText
NtSaveKeyEx
NtReadFile
NtOpenTimer
NtDrawText
NtOpenFile
NtDrawText
NtCreateThreadEx
NtQueryDirectoryFile
NtOpenFile
NtReadFile
NtSetTimerEx
NtWriteFile
NtReadFile
NtReadFile
NtWriteFile
NtCreateProcessEx
NtDrawText
NtOpenKeyEx
RegSaveKeyEx
NtQueryDirectoryFile
NtCreateUserProcess
NtDisplayString
NtOpenTimer
NtCreateUserProcess
NtCreateUserProcess
RegSaveKeyEx
NtDrawText
NtOpenFile
NtOpenTimer
NtCreateUserProcess
NtSaveKeyEx
NtOpenKeyEx
NtQueryDirectoryFile
NtQueryDirectoryFile
NtQueryDirectoryFile
NtWriteFile
NtWriteFile
NtDrawText
NtQueryDirectoryFile
NtOpenFile
NtCreateUserProcess
NtDrawText
NtWriteFile
NtReadFile
NtCreateProcessEx
NtOpenTimer
NtDrawText
NtOpenTimer
NtReadFile
NtOpenKeyEx
NtOpenKeyEx
NtQueryDirectoryFile
NtQueryDirectoryFile
NtDisplayString
NtOpenFile
NtReadFile
NtOpenKeyEx
NtReadFile
RegCreateKeyEx
NtQueryDirectoryFile
NtOpenTimer
NtWriteFile
NtSaveKeyEx
NtOpenFile
NtCreateProcessEx
NtOpenFile
NtOpenTimer
NtOpenTimer
NtOpenKeyEx
NtDisplayString
NtDisplayString
NtWriteFile
NtDisplayString
NtQueryDirectoryFile
NtOpenTimer
NtWriteFile
NtQueryDirectoryFile
NtDrawText
NtCreateUserProcess
NtQueryDirectoryFile
NtOpenFile
RegCreateKeyEx
NtReadFile
NtOpenKeyEx
NtCreateUserProcess
NtCreateThreadEx
NtOpenFile
NtOpenTimer
NtDisplayString
NtCreateUserProcess
NtOpenKeyEx
NtOpenFile
NtCreateUserProcess
NtCreateUserProcess
NtDrawText
NtDrawText
NtCreateUserProcess
NtDrawText
NtDisplayString
NtDisplayString
NtQueryDirectoryFile
NtOpenTimer
NtDisplayString
RegCreateKeyEx
NtReadFile
NtDrawText
NtReadFile
NtOpenTimer
NtOpenKeyEx
NtOpenFile
NtDrawText
NtDrawText
NtModifyBootEntry
NtCreateUserProcess
NtReadFile
NtOpenTimer
NtReadFile
NtDisplayString
NtWriteFile
NtDisplayString
NtWriteFile
NtDrawText
NtCreateUserProcess
NtWriteFile
NtOpenTimer
NtDrawText
NtCreateUserProcess
NtOpenTimer
NtDisplayString
NtOpenKeyEx
NtQueryDirectoryFile
NtDrawText
NtWriteFile
NtCreateUserProcess
NtModifyBootEntry
NtReadFile
NtCreateUserProcess
NtDisplayString
NtDisplayString
NtReadFile
NtCreateUserProcess
NtDisplayString
NtOpenFile
NtOpenKeyEx
NtWriteFile
NtQueryDirectoryFile
NtWriteFile
NtDisplayString
NtReadFile
NtCreateUserProcess
NtDrawText
NtWriteFile
NtOpenFile
NtWriteFile
NtReadFile
NtCreateThreadEx
NtOpenTimer
NtQueryDirectoryFile
NtCreateUserProcess
NtCreateUserProcess
NtOpenFile
NtCreateUserProcess
NtOpenFile
NtDisplayString
NtReadFile
NtOpenTimer
NtCreateUserProcess
NtOpenKeyEx
NtQueryDirectoryFile
NtOpenKeyEx
NtOpenTimer
NtCreateUserProcess
NtCreateUserProcess
NtQueryDirectoryFile
NtWriteFile
NtWriteFile
NtOpenKeyEx
NtReadFile
NtOpenTimer
NtWriteFile
NtOpenTimer
NtDrawText
NtOpenFile
NtDisplayString
NtQueryDirectoryFile
NtDisplayString
NtQueryDirectoryFile
NtOpenKeyEx
NtOpenTimer
NtDisplayString
NtDisplayString
NtReadFile
NtWriteFile
NtDisplayString
NtCreateUserProcess
NtWriteFile
NtDrawText
NtCreateUserProcess
NtQueryDirectoryFile
NtDrawText
NtDrawText
NtDisplayString
NtDisplayString
NtCreateUserProcess
NtOpenTimer
NtOpenTimer
NtDrawText
NtDrawText
NtOpenKeyEx
NtQueryDirectoryFile
NtDrawText
NtReadFile
NtQueryDirectoryFile
NtOpenKeyEx
NtWriteFile
NtOpenTimer
NtDrawText
NtOpenKeyEx
NtDisplayString
NtReadFile
NtDrawText
NtOpenFile
NtOpenTimer
NtCreateUserProcess
NtDrawText
NtDrawText
NtWriteFile
NtOpenFile
NtWriteFile
NtOpenTimer
NtCreateUserProcess
NtDrawText
NtDrawText
NtOpenKeyEx
NtDrawText
NtWriteFile
NtOpenTimer
NtReadFile
NtOpenKeyEx
NtCreateUserProcess
NtQueryDirectoryFile
NtCreateUserProcess
NtOpenKeyEx
NtOpenKeyEx
NtQueryDirectoryFile
NtCreateUserProcess
NtDisplayString
NtWriteFile
NtOpenKeyEx
NtWriteFile
NtCreateUserProcess
NtOpenKeyEx
NtReadFile
RegCreateKeyEx
NtWriteFile
NtOpenTimer
NtCreateUserProcess
NtCreateUserProcess
NtDisplayString
NtOpenFile
NtDisplayString
NtCreateUserProcess
NtOpenFile
NtDrawText
NtWriteFile
NtOpenKeyEx
NtCreateUserProcess
NtWriteFile
NtOpenFile
NtOpenFile
NtOpenTimer
NtWriteFile
NtOpenKeyEx
NtWriteFile
NtWriteFile
NtQueryDirectoryFile
NtModifyBootEntry
NtCreateUserProcess
NtOpenKeyEx
NtOpenKeyEx
NtDisplayString
NtReadFile
NtOpenKeyEx
NtWriteFile
NtDrawText
NtOpenKeyEx
NtCreateUserProcess
NtOpenFile
NtDrawText
NtOpenFile
NtQueryDirectoryFile
NtOpenFile
NtQueryDirectoryFile
NtQueryDirectoryFile
NtWriteFile
NtQueryDirectoryFile
NtOpenKeyEx
NtDrawText
NtOpenFile
NtWriteFile
NtReadFile
NtCreateProcessEx
NtWriteFile
NtOpenFile
NtQueryDirectoryFile
NtOpenFile
NtCreateUserProcess
NtSetTimerEx
NtWriteFile
NtDisplayString
NtCreateUserProcess
NtCreateThreadEx
NtOpenKeyEx
NtQueryDirectoryFile
NtDrawText
NtOpenFile
NtDrawText
NtReadFile
NtOpenKeyEx
NtReadFile
NtOpenFile
NtReadFile
NtWriteFile
NtDrawText
RegCreateKeyEx
NtQueryDirectoryFile
NtDisplayString
NtDrawText
RegSaveKeyEx
NtQueryDirectoryFile
NtWriteFile
NtWriteFile
RegSaveKeyEx
NtOpenFile
NtCreateUserProcess
NtOpenFile
NtQueryDirectoryFile
NtCreateUserProcess
NtWriteFile
NtCreateUserProcess
NtDisplayString
NtWriteFile
NtQueryDirectoryFile
NtOpenFile
NtReadFile
NtOpenFile
NtDisplayString
NtOpenKeyEx
NtDrawText
NtOpenFile
NtOpenKeyEx
NtQueryDirectoryFile
NtOpenKeyEx
NtWriteFile
NtDrawText
NtQueryDirectoryFile
NtModifyBootEntry
NtDisplayString
NtOpenFile
NtDrawText
NtDisplayString
NtOpenTimer
NtOpenKeyEx
NtOpenTimer
NtModifyBootEntry
NtReadFile
NtDisplayString
NtOpenTimer
NtDrawText
NtOpenKeyEx
NtOpenFile
NtCreateUserProcess
NtOpenTimer
NtOpenFile
NtDrawText
NtReadFile
NtDrawText
NtOpenTimer
NtWriteFile
NtModifyBootEntry
