NtDrawText
NtDrawText
NtQueryDirectoryFile
NtQueryDirectoryFile
NtCreateUserProcess
NtCreateUserProcess
NtOpenFile
NtSetTimerEx
NtSetTimerEx
NtOpenTimer
NtOpenKeyEx
NtOpenTimer
NtDisplayString
NtReadFile
NtDisplayString
NtCreateThreadEx
NtOpenKeyEx
NtSaveKeyEx
NtCreateUserProcess
NtOpenKeyEx
NtDrawText
NtWriteFile
NtCreateUserProcess
NtDrawText
NtCreateUserProcess
NtOpenFile
NtDisplayString
NtDisplayString
NtQueryDirectoryFile
NtOpenFile
NtDisplayString
NtOpenFile
NtDrawText
NtOpenKeyEx
NtCreateUserProcess
NtReadFile
NtDrawText
NtDisplayString
NtOpenTimer
NtQueryDirectoryFile
NtOpenKeyEx
NtOpenKeyEx
NtOpenTimer
NtCreateUserProcess
NtOpenFile
NtDisplayString
NtCreateProcessEx
NtOpenTimer
NtOpenTimer
NtWriteFile
NtOpenFile
NtWriteFile
RegCreateKeyEx
NtQueryDirectoryFile
NtDrawText
NtOpenTimer
NtDisplayString
NtOpenTimer
NtCreateProcessEx
NtOpenKeyEx
NtCreateUserProcess
NtSetTimerEx
NtWriteFile
NtCreateUserProcess
NtOpenTimer
NtOpenTimer
NtWriteFile
NtDrawText
NtWriteFile
NtWriteFile
NtQueryDirectoryFile
NtOpenFile
NtQueryDirectoryFile
NtQueryDirectoryFile
NtQueryDirectoryFile
NtDisplayString
NtDisplayString
NtOpenTimer
NtQueryDirectoryFile
NtQueryDirectoryFile
NtOpenKeyEx
NtOpenKeyEx
NtWriteFile
NtCreateUserProcess
NtCreateProcessEx
NtOpenTimer
NtCreateThreadEx
NtOpenKeyEx
NtCreateUserProcess
NtOpenTimer
NtOpenKeyEx
NtWriteFile
NtReadFile
NtCreateUserProcess
NtDrawText
NtReadFile
NtReadFile
NtCreateProcessEx
NtDrawText
NtReadFile
NtQueryDirectoryFile
NtOpenKeyEx
NtOpenTimer
NtCreateUserProcess
NtDisplayString
NtOpenFile
NtOpenFile
NtDrawText
NtWriteFile
NtCreateUserProcess
NtCreateUserProcess
NtOpenFile
NtQueryDirectoryFile
NtSaveKeyEx
NtQueryDirectoryFile
NtDisplayString
NtDrawText
NtOpenTimer
NtOpenTimer
NtWriteFile
NtQueryDirectoryFile
NtCreateUserProcess
NtDrawText
NtOpenFile
NtQueryDirectoryFile
NtOpenKeyEx
NtReadFile
NtDisplayString
NtQueryDirectoryFile
NtQueryDirectoryFile
NtOpenFile
NtModifyBootEntry
NtDrawText
NtCreateUserProcess
NtCreateThreadEx
NtWriteFile
RegSaveKeyEx
NtDisplayString
NtCreateUserProcess
NtCreateUserProcess
NtQueryDirectoryFile
NtOpenFile
NtWriteFile
NtWriteFile
NtQueryDirectoryFile
NtOpenTimer
NtOpenTimer
NtDrawText
NtCreateUserProcess
NtReadFile
NtDrawText
NtOpenFile
NtReadFile
NtCreateUserProcess
NtCreateUserProcess
NtOpenFile
NtDrawText
NtReadFile
NtQueryDirectoryFile
NtWriteFile
NtDrawText
NtDisplayString
NtWriteFile
NtReadFile
NtWriteFile
NtQueryDirectoryFile
NtOpenTimer
NtDisplayString
NtQueryDirectoryFile
NtDrawText
NtOpenTimer
NtDrawText
NtOpenTimer
NtDrawText
NtDisplayString
NtCreateUserProcess
NtWriteFile
NtCreateUserProcess
NtOpenTimer
NtDisplayString
NtOpenKeyEx
NtDrawText
NtDrawText
NtQueryDirectoryFile
NtQueryDirectoryFile
NtOpenFile
NtDisplayString
NtWriteFile
NtDisplayString
NtOpenFile
NtOpenKeyEx
NtCreateUserProcess
NtReadFile
NtWriteFile
NtWriteFile
NtOpenKeyEx
NtWriteFile
NtReadFile
NtReadFile
NtOpenFile
NtDisplayString
NtReadFile
NtDrawText
NtQueryDirectoryFile
NtWriteFile
NtCreateProcessEx
NtWriteFile
NtReadFile
NtQueryDirectoryFile
NtOpenTimer
NtWriteFile
NtCreateUserProcess
NtOpenTimer
NtOpenFile
NtReadFile
NtCreateThreadEx
NtOpenTimer
NtWriteFile
NtOpenFile
NtOpenFile
NtWriteFile
NtOpenFile
NtWriteFile
NtCreateUserProcess
NtCreateUserProcess
NtCreateUserProcess
NtDrawText
NtWriteFile
NtReadFile
NtDrawText
NtCreateUserProcess
NtCreateUserProcess
NtDrawText
NtOpenKeyEx
NtOpenTimer
NtOpenKeyEx
NtCreateUserProcess
NtDrawText
NtOpenFile
NtCreateUserProcess
NtCreateUserProcess
NtReadFile
NtCreateUserProcess
NtOpenFile
NtQueryDirectoryFile
NtOpenKeyEx
NtOpenTimer
NtOpenKeyEx
NtWriteFile
NtOpenFile
NtQueryDirectoryFile
NtOpenFile
NtOpenKeyEx
NtDisplayString
NtWriteFile
NtQueryDirectoryFile
NtOpenFile
NtWriteFile
NtCreateUserProcess
NtOpenFile
NtWriteFile
NtSetTimerEx
NtOpenKeyEx
NtCreateProcessEx
NtReadFile
NtOpenTimer
NtQueryDirectoryFile
NtDrawText
NtWriteFile
NtSaveKeyEx
NtDrawText
NtOpenKeyEx
NtReadFile
NtReadFile
NtWriteFile
NtOpenKeyEx
NtOpenKeyEx
NtOpenKeyEx
NtWriteFile
NtDisplayString
NtQueryDirectoryFile
RegCreateKeyEx
NtWriteFile
NtOpenFile
NtDisplayString
NtSaveKeyEx
NtOpenFile
NtDrawText
NtDisplayString
NtDrawText
NtWriteFile
NtReadFile
NtWriteFile
NtDisplayString
NtOpenKeyEx
NtReadFile
NtWriteFile
NtDisplayString
NtOpenTimer
NtDisplayString
NtDrawText
NtSaveKeyEx
NtOpenTimer
NtModifyBootEntry
NtOpenTimer
NtOpenFile
NtOpenFile
NtWriteFile
NtDrawText
NtOpenTimer
NtDisplayString
NtWriteFile
NtOpenKeyEx
NtQueryDirectoryFile
NtDrawText
NtQueryDirectoryFile
NtSetTimerEx
NtCreateUserProcess
NtQueryDirectoryFile
NtSaveKeyEx
NtSaveKeyEx
NtSetTimerEx
NtSetTimerEx
NtCreateUserProcess
NtOpenKeyEx
NtQueryDirectoryFile
NtWriteFile
NtWriteFile
NtQueryDirectoryFile
NtDrawText
NtOpenTimer
NtCreateUserProcess
NtDisplayString
NtOpenTimer
NtOpenFile
NtOpenFile
NtOpenTimer
NtDrawText
NtOpenFile
NtOpenFile
NtOpenKeyEx
NtCreateProcessEx
NtQueryDirectoryFile
NtOpenFile
NtQueryDirectoryFile
NtDrawText
NtDisplayString
NtDrawText
NtCreateUserProcess
NtQueryDirectoryFile
NtModifyBootEntry
NtDisplayString
NtOpenTimer
NtOpenFile
NtCreateUserProcess
NtQueryDirectoryFile
NtQueryDirectoryFile
NtWriteFile
NtDisplayString
NtDrawText
NtWriteFile
NtCreateUserProcess
NtCreateUserProcess
NtCreateUserProcess
NtDisplayString
NtCreateUserProcess
NtDrawText
NtCreateUserProcess
NtDisplayString
NtOpenFile
NtDrawText
NtOpenKeyEx
NtOpenKeyEx
NtCreateUserProcess
NtReadFile
NtOpenFile
NtOpenTimer
NtQueryDirectoryFile
NtCreateUserProcess
NtOpenFile
NtReadFile
NtOpenTimer
NtCreateUserProcess
NtCreateUserProcess
NtOpenTimer
NtWriteFile
NtOpenFile
NtOpenTimer
NtWriteFile
NtCreateProcessEx
NtDrawText
NtCreateUserProcess
NtOpenTimer
NtCreateUserProcess
NtOpenKeyEx
NtDisplayString
NtOpenTimer
RegCreateKeyEx
NtSaveKeyEx
NtDisplayString
NtReadFile
NtDrawText
NtReadFile
NtOpenKeyEx
NtCreateUserProcess
NtDrawText
NtDrawText
NtSetTimerEx
NtCreateUserProcess
NtQueryDirectoryFile
NtDisplayString
NtOpenTimer
NtOpenFile
NtDisplayString
RegSaveKeyEx
NtDisplayString
NtCreateProcessEx
NtOpenKeyEx
NtDisplayString
NtSaveKeyEx
NtDrawText
NtQueryDirectoryFile
NtOpenKeyEx
NtOpenTimer
NtOpenFile
NtDisplayString
NtDrawText
NtQueryDirectoryFile
NtOpenTimer
NtSetTimerEx
NtOpenTimer
NtDisplayString
NtOpenFile
NtCreateUserProcess
NtCreateUserProcess
NtCreateUserProcess
NtOpenTimer
NtReadFile
NtDrawText
NtCreateUserProcess
NtWriteFile
NtDrawText
NtWriteFile
NtQueryDirectoryFile
NtOpenTimer
NtOpenKeyEx
NtDisplayString
NtOpenTimer
NtQueryDirectoryFile
NtOpenFile
NtWriteFile
NtWriteFile
NtOpenTimer
NtDisplayString
NtDrawText
NtDrawText
NtOpenTimer
NtCreateUserProcess
NtReadFile
NtDisplayString
NtQueryDirectoryFile
NtCreateUserProcess
NtDrawText
NtDisplayString
NtOpenTimer
NtCreateUserProcess
NtOpenTimer
NtModifyBootEntry
NtReadFile
NtReadFile
NtDisplayString
NtDrawText
NtQueryDirectoryFile
NtDrawText
NtWriteFile
NtOpenFile
NtWriteFile
NtCreateUserProcess
NtQueryDirectoryFile
NtDisplayString
NtQueryDirectoryFile
NtReadFile
NtWriteFile
NtWriteFile
NtCreateUserProcess
NtDrawText
NtDisplayString
NtOpenTimer
NtWriteFile
NtOpenTimer
NtDrawText
NtOpenKeyEx
NtQueryDirectoryFile
NtOpenKeyEx
NtCreateProcessEx
NtReadFile
NtReadFile
NtCreateUserProcess
NtWriteFile
NtDrawText
NtOpenKeyEx
NtQueryDirectoryFile
NtOpenFile
NtOpenFile
NtCreateProcessEx
NtOpenKeyEx
NtCreateUserProcess
NtOpenTimer
NtCreateThreadEx
NtOpenTimer
NtDrawText
NtOpenFile
NtQueryDirectoryFile
NtReadFile
NtOpenTimer
NtDisplayString
NtWriteFile
NtReadFile
NtOpenKeyEx
NtCreateThreadEx
NtWriteFile
NtWriteFile
NtOpenTimer
NtOpenTimer
NtOpenKeyEx
NtOpenFile
NtSaveKeyEx
NtOpenKeyEx
NtReadFile
NtOpenKeyEx
NtOpenFile
