NtReadFile
NtDrawText
NtQueryDirectoryFile
NtOpenTimer
NtReadFile
NtWriteFile
NtOpenTimer
NtWriteFile
NtReadFile
NtOpenTimer
NtWriteFile
NtOpenFile
NtOpenTimer
RegSaveKeyEx
NtQueryDirectoryFile
NtOpenKeyEx
NtQueryDirectoryFile
NtDrawText
NtQueryDirectoryFile
NtReadFile
NtDisplayString
NtCreateUserProcess
NtOpenFile
NtDisplayString
NtOpenFile
NtOpenKeyEx
RegSaveKeyEx
NtWriteFile
NtDisplayString
NtOpenFile
NtWriteFile
NtSetTimerEx
NtDisplayString
NtCreateUserProcess
NtDisplayString
NtCreateUserProcess
NtReadFile
NtCreateProcessEx
NtOpenKeyEx
NtReadFile
NtOpenTimer
NtDrawText
NtDisplayString
NtOpenKeyEx
NtDrawText
NtCreateUserProcess
NtReadFile
NtWriteFile
NtOpenTimer
NtOpenFile
NtOpenTimer
NtQueryDirectoryFile
NtQueryDirectoryFile
NtDrawText
NtOpenTimer
NtDrawText
NtWriteFile
NtOpenTimer
NtWriteFile
NtOpenTimer
NtOpenKeyEx
NtOpenKeyEx
NtQueryDirectoryFile
NtDisplayString
NtOpenTimer
NtReadFile
NtOpenTimer
NtOpenKeyEx
NtOpenFile
NtOpenTimer
RegCreateKeyEx
NtDrawText
NtOpenKeyEx
NtDrawText
NtWriteFile
NtDisplayString
NtOpenTimer
NtCreateThreadEx
NtSaveKeyEx
NtWriteFile
NtOpenTimer
NtOpenFile
NtCreateUserProcess
NtDisplayString
NtOpenFile
NtReadFile
NtSaveKeyEx
NtOpenFile
NtDrawText
NtReadFile
NtDrawText
NtReadFile
NtDisplayString
NtReadFile
NtCreateUserProcess
RegCreateKeyEx
RegSaveKeyEx
NtOpenTimer
NtDisplayString
NtQueryDirectoryFile
NtCreateUserProcess
NtDrawText
NtWriteFile
NtReadFile
NtQueryDirectoryFile
NtDrawText
NtReadFile
NtQueryDirectoryFile
NtDisplayString
NtOpenTimer
NtQueryDirectoryFile
NtWriteFile
RegCreateKeyEx
NtReadFile
NtSaveKeyEx
NtOpenKeyEx
NtOpenTimer
NtQueryDirectoryFile
NtCreateUserProcess
NtOpenKeyEx
NtDisplayString
NtOpenKeyEx
NtCreateUserProcess
NtOpenFile
NtCreateUserProcess
NtOpenTimer
RegSaveKeyEx
NtOpenTimer
NtQueryDirectoryFile
NtReadFile
NtDrawText
NtOpenTimer
NtCreateUserProcess
NtQueryDirectoryFile
RegSaveKeyEx
NtDrawText
NtDisplayString
NtOpenKeyEx
NtReadFile
NtModifyBootEntry
NtOpenFile
NtCreateUserProcess
NtWriteFile
NtCreateUserProcess
NtOpenTimer
NtOpenKeyEx
NtReadFile
NtDisplayString
NtCreateUserProcess
NtQueryDirectoryFile
RegCreateKeyEx
NtWriteFile
NtQueryDirectoryFile
NtDrawText
NtReadFile
NtQueryDirectoryFile
NtDrawText
NtDisplayString
NtOpenKeyEx
NtOpenKeyEx
NtWriteFile
RegSaveKeyEx
NtWriteFile
NtDisplayString
NtWriteFile
NtDrawText
NtCreateProcessEx
NtOpenKeyEx
NtCreateUserProcess
NtOpenFile
NtQueryDirectoryFile
NtDrawText
NtOpenFile
NtOpenFile
NtDrawText
NtWriteFile
NtOpenKeyEx
NtDrawText
NtDrawText
NtOpenKeyEx
NtWriteFile
NtDisplayString
NtOpenKeyEx
NtDrawText
NtOpenKeyEx
NtOpenFile
NtOpenTimer
NtModifyBootEntry
NtOpenFile
NtDisplayString
NtDisplayString
NtOpenFile
NtWriteFile
NtWriteFile
NtDrawText
NtOpenKeyEx
NtDisplayString
NtWriteFile
NtOpenFile
NtReadFile
NtModifyBootEntry
NtReadFile
NtOpenKeyEx
NtWriteFile
NtDisplayString
NtOpenFile
NtCreateUserProcess
NtQueryDirectoryFile
NtQueryDirectoryFile
NtDrawText
NtWriteFile
NtDisplayString
NtSetTimerEx
NtDrawText
NtWriteFile
NtDisplayString
NtOpenFile
NtDisplayString
NtOpenTimer
NtWriteFile
NtOpenKeyEx
NtReadFile
NtOpenKeyEx
NtOpenTimer
NtOpenTimer
NtOpenTimer
NtCreateThreadEx
NtDrawText
NtQueryDirectoryFile
NtOpenFile
NtCreateUserProcess
NtWriteFile
NtOpenTimer
NtDrawText
NtOpenFile
NtDisplayString
NtCreateUserProcess
NtDrawText
NtOpenKeyEx
NtDrawText
NtQueryDirectoryFile
NtDrawText
RegSaveKeyEx
NtOpenKeyEx
NtCreateUserProcess
NtOpenTimer
NtDrawText
NtOpenFile
NtQueryDirectoryFile
NtDrawText
NtOpenKeyEx
NtOpenKeyEx
NtOpenKeyEx
NtDisplayString
NtWriteFile
NtReadFile
NtWriteFile
NtCreateUserProcess
NtQueryDirectoryFile
NtCreateUserProcess
NtOpenFile
NtModifyBootEntry
NtDisplayString
NtWriteFile
NtOpenFile
NtDisplayString
NtWriteFile
NtWriteFile
NtOpenFile
NtOpenKeyEx
NtSaveKeyEx
NtOpenKeyEx
NtDrawText
NtOpenTimer
NtOpenKeyEx
NtOpenKeyEx
NtDrawText
NtOpenTimer
NtReadFile
NtModifyBootEntry
RegSaveKeyEx
NtOpenKeyEx
NtQueryDirectoryFile
NtOpenFile
NtWriteFile
NtOpenFile
NtOpenFile
NtOpenTimer
NtOpenKeyEx
NtDrawText
NtOpenFile
NtCreateUserProcess
NtOpenFile
NtOpenKeyEx
NtCreateUserProcess
NtDrawText
NtSetTimerEx
NtOpenFile
NtQueryDirectoryFile
NtDrawText
NtOpenKeyEx
NtOpenTimer
NtWriteFile
NtOpenTimer
NtQueryDirectoryFile
NtOpenTimer
NtCreateUserProcess
NtCreateProcessEx
NtOpenKeyEx
NtDisplayString
NtOpenKeyEx
NtReadFile
NtQueryDirectoryFile
NtWriteFile
RegSaveKeyEx
NtWriteFile
NtWriteFile
NtOpenKeyEx
NtOpenTimer
NtReadFile
NtOpenTimer
NtQueryDirectoryFile
NtOpenKeyEx
NtOpenFile
NtOpenKeyEx
NtWriteFile
NtOpenFile
NtDrawText
NtCreateUserProcess
NtWriteFile
NtOpenTimer
NtDisplayString
NtReadFile
NtOpenKeyEx
NtReadFile
NtOpenKeyEx
NtWriteFile
NtWriteFile
NtOpenKeyEx
NtDisplayString
NtReadFile
NtReadFile
NtSetTimerEx
NtSaveKeyEx
NtCreateUserProcess
NtOpenKeyEx
NtReadFile
NtReadFile
NtOpenTimer
NtCreateProcessEx
NtCreateUserProcess
NtCreateUserProcess
NtReadFile
NtOpenTimer
NtOpenKeyEx
NtDrawText
NtQueryDirectoryFile
NtReadFile
NtDrawText
NtOpenTimer
NtOpenKeyEx
NtDrawText
NtDrawText
NtDrawText
NtReadFile
NtModifyBootEntry
NtOpenTimer
NtDrawText
NtDrawText
NtDrawText
NtOpenKeyEx
NtCreateUserProcess
NtDisplayString
NtOpenFile
NtOpenTimer
NtWriteFile
NtDisplayString
NtDisplayString
NtWriteFile
NtReadFile
NtDisplayString
NtOpenFile
NtOpenFile
NtReadFile
NtCreateThreadEx
NtDisplayString
NtDrawText
NtOpenKeyEx
NtWriteFile
NtQueryDirectoryFile
NtDrawText
NtOpenKeyEx
NtQueryDirectoryFile
NtCreateUserProcess
NtOpenTimer
NtOpenKeyEx
NtOpenTimer
NtOpenTimer
NtOpenKeyEx
NtOpenFile
NtDisplayString
RegCreateKeyEx
NtReadFile
NtOpenFile
NtOpenKeyEx
NtCreateUserProcess
NtDisplayString
NtSaveKeyEx
NtOpenFile
NtDisplayString
NtOpenTimer
NtDrawText
NtOpenKeyEx
NtOpenKeyEx
NtOpenTimer
NtWriteFile
NtCreateUserProcess
NtWriteFile
NtWriteFile
NtCreateUserProcess
NtDrawText
NtCreateUserProcess
NtOpenTimer
NtWriteFile
NtDrawText
NtDrawText
NtDrawText
NtCreateThreadEx
NtCreateUserProcess
NtReadFile
NtOpenTimer
RegSaveKeyEx
NtQueryDirectoryFile
NtCreateThreadEx
NtReadFile
NtQueryDirectoryFile
NtCreateUserProcess
NtOpenTimer
NtOpenKeyEx
NtCreateThreadEx
NtOpenKeyEx
NtDisplayString
NtDrawText
NtWriteFile
NtReadFile
NtOpenKeyEx
NtOpenTimer
NtQueryDirectoryFile
NtOpenTimer
NtQueryDirectoryFile
NtDisplayString
NtWriteFile
NtDisplayString
NtOpenTimer
NtQueryDirectoryFile
NtDisplayString
NtCreateThreadEx
NtOpenKeyEx
NtDrawText
NtWriteFile
NtCreateProcessEx
NtCreateProcessEx
NtReadFile
NtDrawText
NtWriteFile
NtReadFile
NtOpenTimer
NtCreateUserProcess
NtWriteFile
NtOpenFile
NtReadFile
RegSaveKeyEx
NtDrawText
NtCreateUserProcess
NtDisplayString
NtCreateUserProcess
NtSetTimerEx
NtOpenFile
NtQueryDirectoryFile
NtOpenKeyEx
NtDrawText
NtWriteFile
NtOpenFile
NtDrawText
NtOpenKeyEx
NtOpenFile
NtOpenTimer
NtOpenKeyEx
NtOpenTimer
NtOpenTimer
NtDrawText
NtOpenTimer
NtWriteFile
NtOpenKeyEx
NtWriteFile
NtQueryDirectoryFile
NtModifyBootEntry
NtReadFile
NtDrawText
NtOpenFile
NtQueryDirectoryFile
NtReadFile
NtQueryDirectoryFile
NtOpenFile
NtDisplayString
NtDrawText
NtReadFile
NtOpenKeyEx
NtDrawText
NtOpenFile
NtQueryDirectoryFile
NtOpenKeyEx
NtCreateUserProcess
NtCreateUserProcess
NtOpenFile
NtWriteFile
NtQueryDirectoryFile
NtWriteFile
NtOpenTimer
NtDrawText
NtQueryDirectoryFile
NtCreateUserProcess
NtOpenTimer
NtWriteFile
NtSetTimerEx
NtQueryDirectoryFile
NtDisplayString
NtReadFile
NtWriteFile
NtQueryDirectoryFile
NtDisplayString
NtDrawText
NtOpenKeyEx
NtCreateUserProcess
NtDisplayString
NtCreateUserProcess
NtDisplayString
NtOpenFile
NtDisplayString
NtOpenTimer
RegCreateKeyEx
NtSaveKeyEx
NtReadFile
NtDisplayString
NtDisplayString
NtCreateUserProcess
NtDrawText
NtOpenTimer
NtQueryDirectoryFile
NtWriteFile
NtCreateUserProcess
NtOpenFile
NtCreateUserProcess
NtDrawText
NtOpenTimer
NtWriteFile
NtDrawText
NtDrawText
NtQueryDirectoryFile
NtDisplayString
NtOpenTimer
NtCreateUserProcess
NtOpenTimer
NtReadFile
NtWriteFile
NtCreateProcessEx
NtOpenFile
NtOpenFile
NtDrawText
NtDisplayString
NtCreateUserProcess
NtDrawText
NtDisplayString
NtDrawText
NtReadFile
NtWriteFile
NtOpenKeyEx
NtReadFile
NtCreateUserProcess
NtOpenKeyEx
NtQueryDirectoryFile
NtOpenFile
NtCreateUserProcess
NtQueryDirectoryFile
NtOpenFile
NtSetTimerEx
NtWriteFile
NtSaveKeyEx
NtOpenFile
NtWriteFile
