NtReadFile
NtOpenTimer
NtCreateUserProcess
NtOpenKeyEx
NtOpenKeyEx
NtCreateProcessEx
NtOpenFile
NtOpenTimer
NtOpenTimer
NtOpenFile
NtOpenKeyEx
NtCreateUserProcess
NtOpenFile
NtWriteFile
NtDisplayString
NtModifyBootEntry
NtQueryDirectoryFile
NtOpenFile
NtDisplayString
NtOpenFile
NtOpenTimer
NtWriteFile
NtOpenTimer
NtDisplayString
NtOpenKeyEx
NtCreateProcessEx
NtDrawText
NtOpenKeyEx
NtDisplayString
NtCreateProcessEx
NtReadFile
RegCreateKeyEx
NtCreateUserProcess
NtOpenKeyEx
NtCreateUserProcess
NtCreateUserProcess
NtOpenFile
RegCreateKeyEx
NtOpenFile
NtReadFile
NtDrawText
NtOpenTimer
NtOpenKeyEx
NtOpenFile
NtDisplayString
NtCreateUserProcess
NtOpenFile
NtCreateProcessEx
NtDisplayString
NtOpenTimer
NtOpenFile
NtDrawText
NtQueryDirectoryFile
NtOpenFile
NtReadFile
NtOpenTimer
NtReadFile
NtModifyBootEntry
NtOpenKeyEx
NtOpenFile
NtDisplayString
NtCreateProcessEx
NtOpenKeyEx
NtOpenFile
NtDisplayString
NtReadFile
NtQueryDirectoryFile
NtOpenKeyEx
NtOpenKeyEx
RegSaveKeyEx
NtQueryDirectoryFile
NtQueryDirectoryFile
NtQueryDirectoryFile
NtCreateUserProcess
NtDisplayString
RegSaveKeyEx
NtDrawText
NtOpenTimer
NtQueryDirectoryFile
NtReadFile
NtDisplayString
RegSaveKeyEx
NtDrawText
NtCreateUserProcess
NtOpenKeyEx
RegSaveKeyEx
RegCreateKeyEx
NtOpenTimer
NtReadFile
NtQueryDirectoryFile
NtCreateUserProcess
NtOpenKeyEx
NtCreateProcessEx
NtWriteFile
NtReadFile
NtReadFile
NtWriteFile
NtDrawText
NtReadFile
NtReadFile
NtWriteFile
NtReadFile
NtOpenTimer
NtDisplayString
NtOpenTimer
NtDisplayString
NtCreateUserProcess
NtReadFile
NtWriteFile
NtCreateProcessEx
NtOpenKeyEx
NtCreateUserProcess
NtCreateUserProcess
NtDisplayString
NtReadFile
NtSetTimerEx
NtCreateUserProcess
NtDrawText
NtDisplayString
NtQueryDirectoryFile
NtOpenTimer
NtCreateUserProcess
NtDrawText
NtOpenFile
NtOpenKeyEx
NtOpenKeyEx
NtWriteFile
NtOpenKeyEx
NtReadFile
NtDrawText
NtDrawText
NtQueryDirectoryFile
NtOpenTimer
NtReadFile
NtOpenKeyEx
NtOpenTimer
NtSetTimerEx
NtDisplayString
NtOpenFile
NtDrawText
NtOpenKeyEx
NtDisplayString
NtDisplayString
NtOpenTimer
NtCreateUserProcess
NtOpenKeyEx
NtDisplayString
NtWriteFile
NtDrawText
NtCreateThreadEx
NtQueryDirectoryFile
NtCreateUserProcess
NtCreateProcessEx
NtReadFile
NtCreateUserProcess
NtQueryDirectoryFile
NtOpenTimer
NtSaveKeyEx
NtOpenKeyEx
NtOpenKeyEx
NtOpenKeyEx
NtReadFile
NtWriteFile
NtDrawText
NtReadFile
NtWriteFile
NtOpenKeyEx
NtWriteFile
NtCreateUserProcess
NtSetTimerEx
NtCreateUserProcess
NtDrawText
NtOpenTimer
NtReadFile
NtOpenFile
NtCreateProcessEx
NtWriteFile
NtOpenFile
RegSaveKeyEx
NtQueryDirectoryFile
NtDisplayString
NtDrawText
NtDrawText
NtSetTimerEx
NtOpenKeyEx
NtOpenFile
NtModifyBootEntry
NtCreateUserProcess
NtWriteFile
NtDisplayString
NtOpenTimer
NtWriteFile
NtOpenFile
NtOpenFile
NtOpenTimer
NtQueryDirectoryFile
NtDisplayString
NtWriteFile
NtOpenKeyEx
NtDisplayString
NtReadFile
NtOpenTimer
NtOpenTimer
NtDrawText
NtOpenFile
NtCreateUserProcess
NtWriteFile
NtOpenFile
NtQueryDirectoryFile
NtDrawText
NtQueryDirectoryFile
NtCreateUserProcess
NtDrawText
NtWriteFile
NtQueryDirectoryFile
NtOpenTimer
NtOpenFile
NtOpenFile
NtCreateUserProcess
NtDrawText
NtReadFile
NtOpenKeyEx
NtOpenTimer
NtDisplayString
NtOpenTimer
NtDrawText
NtDrawText
NtOpenKeyEx
NtQueryDirectoryFile
NtQueryDirectoryFile
NtDrawText
NtOpenKeyEx
NtDrawText
NtCreateUserProcess
NtOpenFile
NtQueryDirectoryFile
NtOpenTimer
NtOpenKeyEx
NtReadFile
NtDisplayString
NtReadFile
NtQueryDirectoryFile
NtCreateUserProcess
NtWriteFile
NtSetTimerEx
NtDisplayString
NtWriteFile
NtOpenKeyEx
NtDrawText
NtQueryDirectoryFile
NtQueryDirectoryFile
NtDisplayString
NtOpenFile
NtDrawText
NtCreateUserProcess
NtCreateUserProcess
NtDisplayString
NtDrawText
NtOpenFile
NtReadFile
NtOpenKeyEx
NtOpenTimer
NtOpenTimer
NtReadFile
NtReadFile
NtCreateUserProcess
NtDrawText
NtDisplayString
NtOpenTimer
NtDisplayString
NtSaveKeyEx
NtDisplayString
NtOpenTimer
NtOpenKeyEx
NtWriteFile
NtWriteFile
NtOpenKeyEx
NtWriteFile
NtDrawText
NtQueryDirectoryFile
NtCreateUserProcess
NtWriteFile
NtOpenTimer
NtWriteFile
NtOpenKeyEx
NtReadFile
NtDisplayString
NtWriteFile
NtOpenKeyEx
NtOpenKeyEx
NtWriteFile
NtOpenTimer
NtCreateUserProcess
NtReadFile
NtQueryDirectoryFile
NtOpenTimer
NtDrawText
NtReadFile
NtReadFile
NtCreateUserProcess
NtOpenFile
NtOpenTimer
NtOpenFile
NtReadFile
NtCreateUserProcess
NtDisplayString
NtDrawText
NtReadFile
NtWriteFile
NtDisplayString
NtWriteFile
NtQueryDirectoryFile
NtModifyBootEntry
NtWriteFile
NtReadFile
NtWriteFile
RegCreateKeyEx
NtDisplayString
NtOpenKeyEx
NtOpenFile
NtWriteFile
NtDrawText
NtQueryDirectoryFile
NtOpenTimer
NtOpenKeyEx
NtOpenFile
NtWriteFile
NtWriteFile
NtDisplayString
NtCreateProcessEx
NtReadFile
NtOpenKeyEx
NtOpenKeyEx
NtReadFile
NtQueryDirectoryFile
NtOpenFile
NtSaveKeyEx
NtReadFile
NtQueryDirectoryFile
NtOpenTimer
NtOpenFile
NtOpenTimer
RegCreateKeyEx
NtCreateUserProcess
NtOpenKeyEx
NtOpenFile
NtOpenTimer
NtDisplayString
NtOpenKeyEx
NtDrawText
NtOpenFile
NtOpenFile
NtDrawText
NtDisplayString
NtDisplayString
NtWriteFile
NtCreateUserProcess
NtWriteFile
NtCreateUserProcess
NtModifyBootEntry
NtDrawText
NtDisplayString
NtReadFile
NtOpenKeyEx
NtQueryDirectoryFile
NtDisplayString
NtDrawText
NtDisplayString
NtCreateUserProcess
NtWriteFile
NtWriteFile
NtOpenFile
NtWriteFile
NtCreateUserProcess
NtWriteFile
NtDrawText
NtCreateThreadEx
NtCreateUserProcess
NtOpenFile
NtDisplayString
NtOpenTimer
NtReadFile
NtWriteFile
NtOpenFile
NtWriteFile
NtOpenTimer
NtWriteFile
NtDisplayString
NtDrawText
NtOpenFile
NtQueryDirectoryFile
NtReadFile
NtReadFile
NtQueryDirectoryFile
NtWriteFile
NtDrawText
NtDisplayString
NtDrawText
NtSaveKeyEx
NtCreateThreadEx
NtOpenKeyEx
NtCreateProcessEx
NtQueryDirectoryFile
NtOpenTimer
NtOpenKeyEx
NtOpenKeyEx
NtWriteFile
NtDisplayString
NtDisplayString
NtModifyBootEntry
NtOpenFile
NtDrawText
NtOpenKeyEx
NtReadFile
NtWriteFile
NtDrawText
NtOpenFile
NtOpenFile
NtQueryDirectoryFile
NtQueryDirectoryFile
NtOpenFile
NtDisplayString
NtReadFile
NtDisplayString
NtDisplayString
NtCreateUserProcess
NtDisplayString
NtOpenTimer
NtDisplayString
NtWriteFile
NtCreateUserProcess
RegCreateKeyEx
NtCreateThreadEx
NtCreateUserProcess
NtDrawText
NtDisplayString
NtQueryDirectoryFile
RegCreateKeyEx
NtWriteFile
NtOpenKeyEx
NtDisplayString
NtOpenFile
NtOpenTimer
NtOpenTimer
NtDrawText
NtDisplayString
NtCreateUserProcess
NtDrawText
NtQueryDirectoryFile
NtOpenFile
NtDrawText
NtDisplayString
NtQueryDirectoryFile
NtOpenFile
NtOpenTimer
NtOpenFile
NtQueryDirectoryFile
NtReadFile
NtDrawText
NtOpenKeyEx
NtDisplayString
NtDrawText
NtOpenKeyEx
NtOpenTimer
NtQueryDirectoryFile
NtOpenFile
NtQueryDirectoryFile
NtOpenTimer
NtOpenFile
NtOpenKeyEx
NtQueryDirectoryFile
NtQueryDirectoryFile
NtWriteFile
NtWriteFile
NtCreateUserProcess
NtCreateUserProcess
NtCreateUserProcess
NtCreateUserProcess
NtOpenKeyEx
NtOpenKeyEx
NtWriteFile
NtWriteFile
NtOpenKeyEx
NtCreateUserProcess
NtOpenTimer
NtOpenTimer
NtOpenTimer
NtCreateUserProcess
NtOpenTimer
NtOpenFile
NtSetTimerEx
NtReadFile
NtCreateUserProcess
NtDrawText
NtOpenTimer
NtQueryDirectoryFile
NtOpenTimer
NtDrawText
NtCreateThreadEx
NtCreateUserProcess
NtDisplayString
NtOpenTimer
NtWriteFile
NtDisplayString
NtDrawText
NtQueryDirectoryFile
NtOpenFile
NtWriteFile
NtOpenFile
NtReadFile
NtReadFile
NtOpenFile
NtQueryDirectoryFile
NtQueryDirectoryFile
NtDisplayString
NtReadFile
NtOpenFile
NtDisplayString
NtCreateUserProcess
RegSaveKeyEx
NtModifyBootEntry
NtWriteFile
NtDrawText
NtDisplayString
NtWriteFile
NtReadFile
NtReadFile
NtDisplayString
NtDisplayString
NtCreateUserProcess
NtQueryDirectoryFile
NtDisplayString
NtSaveKeyEx
NtCreateUserProcess
NtOpenTimer
NtCreateUserProcess
NtQueryDirectoryFile
NtOpenTimer
NtOpenFile
NtOpenKeyEx
NtOpenKeyEx
NtReadFile
NtQueryDirectoryFile
NtOpenTimer
NtModifyBootEntry
NtReadFile
NtOpenKeyEx
NtReadFile
NtDrawText
NtOpenKeyEx
NtOpenTimer
NtCreateUserProcess
NtOpenTimer
NtDrawText
NtReadFile
NtWriteFile
NtWriteFile
NtQueryDirectoryFile
NtOpenFile
NtDrawText
NtOpenTimer
NtOpenTimer
NtDisplayString
NtOpenTimer
NtOpenTimer
NtReadFile
NtSaveKeyEx
NtCreateUserProcess
NtReadFile
NtOpenTimer
NtDrawText
NtWriteFile
