RegCreateKeyEx
NtModifyBootEntry
NtCreateProcessEx
NtDisplayString
NtCreateThreadEx
RegCreateKeyEx
NtWriteFile
NtSetTimerEx
NtCreateThreadEx
NtSaveKeyEx
NtCreateProcessEx
RegSaveKeyEx
RegSaveKeyEx
RegCreateKeyEx
RegSaveKeyEx
NtSetTimerEx
NtSetTimerEx
NtSaveKeyEx
NtDisplayString
NtModifyBootEntry
NtOpenKeyEx
RegCreateKeyEx
NtSetTimerEx
NtDisplayString
NtQueryDirectoryFile
NtCreateProcessEx
NtCreateThreadEx
NtCreateThreadEx
NtSaveKeyEx
NtCreateProcessEx
NtCreateProcessEx
NtReadFile
NtWriteFile
NtCreateProcessEx
RegSaveKeyEx
RegCreateKeyEx
RegSaveKeyEx
NtModifyBootEntry
RegCreateKeyEx
RegCreateKeyEx
RegCreateKeyEx
NtCreateThreadEx
NtCreateProcessEx
NtCreateProcessEx
NtCreateProcessEx
NtCreateProcessEx
NtModifyBootEntry
NtSaveKeyEx
NtSetTimerEx
NtSetTimerEx
NtSaveKeyEx
NtModifyBootEntry
NtOpenTimer
RegCreateKeyEx
NtCreateThreadEx
RegCreateKeyEx
NtSetTimerEx
RegCreateKeyEx
NtWriteFile
NtCreateProcessEx
RegCreateKeyEx
NtModifyBootEntry
NtSaveKeyEx
RegCreateKeyEx
NtSetTimerEx
RegSaveKeyEx
NtWriteFile
NtModifyBootEntry
NtCreateProcessEx
NtCreateThreadEx
RegSaveKeyEx
NtCreateThreadEx
NtModifyBootEntry
RegCreateKeyEx
NtOpenFile
RegCreateKeyEx
NtOpenFile
NtSetTimerEx
NtCreateThreadEx
NtSaveKeyEx
NtCreateProcessEx
NtSetTimerEx
RegCreateKeyEx
RegSaveKeyEx
NtCreateProcessEx
NtModifyBootEntry
NtCreateProcessEx
NtModifyBootEntry
RegCreateKeyEx
NtCreateThreadEx
NtCreateProcessEx
NtCreateThreadEx
NtSetTimerEx
NtModifyBootEntry
NtSetTimerEx
NtWriteFile
RegSaveKeyEx
NtCreateProcessEx
NtSaveKeyEx
RegSaveKeyEx
NtSaveKeyEx
NtSaveKeyEx
NtWriteFile
RegSaveKeyEx
RegCreateKeyEx
NtModifyBootEntry
NtModifyBootEntry
RegCreateKeyEx
RegSaveKeyEx
RegSaveKeyEx
NtCreateProcessEx
NtSaveKeyEx
NtCreateThreadEx
RegCreateKeyEx
NtSetTimerEx
NtCreateThreadEx
NtDrawText
RegCreateKeyEx
NtOpenTimer
NtQueryDirectoryFile
RegSaveKeyEx
RegCreateKeyEx
NtCreateThreadEx
NtWriteFile
RegCreateKeyEx
NtModifyBootEntry
RegCreateKeyEx
NtSaveKeyEx
NtModifyBootEntry
NtWriteFile
NtCreateThreadEx
NtOpenKeyEx
NtCreateThreadEx
NtModifyBootEntry
RegSaveKeyEx
NtSetTimerEx
NtCreateProcessEx
RegSaveKeyEx
RegSaveKeyEx
NtSaveKeyEx
NtCreateProcessEx
RegCreateKeyEx
NtWriteFile
NtSetTimerEx
NtWriteFile
NtSetTimerEx
RegSaveKeyEx
RegSaveKeyEx
NtCreateProcessEx
NtWriteFile
NtModifyBootEntry
NtWriteFile
NtSaveKeyEx
NtWriteFile
NtModifyBootEntry
RegSaveKeyEx
NtSetTimerEx
NtModifyBootEntry
RegCreateKeyEx
NtCreateProcessEx
NtCreateProcessEx
RegSaveKeyEx
NtWriteFile
RegCreateKeyEx
RegSaveKeyEx
RegCreateKeyEx
RegSaveKeyEx
NtCreateProcessEx
NtReadFile
NtWriteFile
NtSetTimerEx
NtCreateProcessEx
RegCreateKeyEx
RegSaveKeyEx
NtWriteFile
NtModifyBootEntry
NtCreateThreadEx
RegSaveKeyEx
NtModifyBootEntry
NtModifyBootEntry
NtDisplayString
NtSaveKeyEx
NtCreateThreadEx
RegSaveKeyEx
NtOpenTimer
NtCreateProcessEx
NtSaveKeyEx
NtCreateThreadEx
NtSaveKeyEx
NtWriteFile
NtCreateThreadEx
NtSetTimerEx
NtCreateThreadEx
NtSetTimerEx
RegCreateKeyEx
RegCreateKeyEx
NtCreateThreadEx
RegSaveKeyEx
RegSaveKeyEx
NtWriteFile
NtSaveKeyEx
NtSaveKeyEx
NtCreateThreadEx
NtModifyBootEntry
NtSetTimerEx
RegSaveKeyEx
NtModifyBootEntry
NtWriteFile
NtCreateThreadEx
NtSaveKeyEx
NtCreateThreadEx
NtModifyBootEntry
NtSetTimerEx
NtDisplayString
NtModifyBootEntry
NtCreateThreadEx
NtModifyBootEntry
NtModifyBootEntry
NtCreateThreadEx
NtSaveKeyEx
NtSaveKeyEx
NtSaveKeyEx
RegCreateKeyEx
RegSaveKeyEx
NtCreateProcessEx
NtSaveKeyEx
NtWriteFile
NtCreateProcessEx
NtModifyBootEntry
NtSetTimerEx
NtSaveKeyEx
NtModifyBootEntry
NtModifyBootEntry
NtModifyBootEntry
NtCreateProcessEx
RegSaveKeyEx
NtCreateProcessEx
NtSetTimerEx
RegCreateKeyEx
RegCreateKeyEx
RegCreateKeyEx
NtOpenFile
NtCreateThreadEx
NtCreateThreadEx
NtWriteFile
RegCreateKeyEx
NtCreateUserProcess
NtModifyBootEntry
NtCreateThreadEx
NtCreateThreadEx
RegSaveKeyEx
NtModifyBootEntry
NtOpenFile
NtWriteFile
NtSaveKeyEx
NtOpenTimer
NtCreateThreadEx
NtCreateThreadEx
NtSetTimerEx
NtCreateUserProcess
NtCreateProcessEx
RegSaveKeyEx
RegCreateKeyEx
RegSaveKeyEx
NtModifyBootEntry
NtWriteFile
NtQueryDirectoryFile
NtCreateThreadEx
NtCreateProcessEx
NtCreateProcessEx
NtSetTimerEx
RegCreateKeyEx
NtModifyBootEntry
NtSaveKeyEx
NtModifyBootEntry
NtOpenKeyEx
NtSetTimerEx
NtCreateThreadEx
NtModifyBootEntry
NtSetTimerEx
NtWriteFile
RegSaveKeyEx
NtWriteFile
NtCreateProcessEx
NtSaveKeyEx
NtWriteFile
NtCreateProcessEx
RegSaveKeyEx
NtCreateProcessEx
NtDisplayString
RegCreateKeyEx
NtSetTimerEx
NtSaveKeyEx
NtDrawText
NtCreateThreadEx
NtSetTimerEx
NtSaveKeyEx
NtCreateThreadEx
NtCreateProcessEx
NtSaveKeyEx
NtCreateProcessEx
NtCreateThreadEx
NtCreateProcessEx
RegSaveKeyEx
NtCreateThreadEx
NtCreateProcessEx
NtSetTimerEx
NtSaveKeyEx
NtSetTimerEx
NtCreateThreadEx
NtWriteFile
RegSaveKeyEx
NtModifyBootEntry
NtSaveKeyEx
NtCreateThreadEx
RegCreateKeyEx
NtSaveKeyEx
NtSaveKeyEx
RegSaveKeyEx
NtSaveKeyEx
NtCreateThreadEx
RegSaveKeyEx
RegCreateKeyEx
RegCreateKeyEx
NtCreateProcessEx
RegCreateKeyEx
NtQueryDirectoryFile
NtCreateThreadEx
NtSetTimerEx
NtOpenTimer
NtCreateProcessEx
NtSaveKeyEx
NtCreateThreadEx
NtModifyBootEntry
NtSaveKeyEx
NtCreateProcessEx
RegSaveKeyEx
NtSetTimerEx
NtWriteFile
NtSaveKeyEx
NtCreateProcessEx
RegSaveKeyEx
NtSetTimerEx
NtSetTimerEx
NtSetTimerEx
NtWriteFile
NtSetTimerEx
NtModifyBootEntry
NtSaveKeyEx
NtCreateProcessEx
RegCreateKeyEx
NtSetTimerEx
NtSaveKeyEx
NtCreateProcessEx
NtModifyBootEntry
NtCreateThreadEx
NtModifyBootEntry
NtSetTimerEx
RegSaveKeyEx
NtSetTimerEx
RegSaveKeyEx
NtDrawText
RegSaveKeyEx
RegSaveKeyEx
NtOpenTimer
NtCreateProcessEx
NtCreateThreadEx
RegSaveKeyEx
NtCreateProcessEx
NtWriteFile
NtModifyBootEntry
NtSetTimerEx
NtCreateThreadEx
NtSetTimerEx
NtSaveKeyEx
RegCreateKeyEx
NtCreateProcessEx
NtCreateProcessEx
NtCreateThreadEx
NtCreateThreadEx
RegCreateKeyEx
NtSetTimerEx
NtCreateProcessEx
NtModifyBootEntry
NtSetTimerEx
NtCreateThreadEx
NtCreateThreadEx
NtSaveKeyEx
NtCreateThreadEx
NtModifyBootEntry
NtWriteFile
NtModifyBootEntry
NtCreateProcessEx
NtWriteFile
NtOpenTimer
NtModifyBootEntry
NtCreateProcessEx
NtSaveKeyEx
NtOpenKeyEx
NtModifyBootEntry
NtCreateThreadEx
NtWriteFile
NtCreateThreadEx
RegSaveKeyEx
RegCreateKeyEx
NtWriteFile
NtWriteFile
NtCreateProcessEx
NtModifyBootEntry
RegSaveKeyEx
NtCreateThreadEx
NtCreateProcessEx
NtWriteFile
NtCreateThreadEx
NtCreateThreadEx
NtSetTimerEx
NtWriteFile
NtReadFile
RegCreateKeyEx
RegSaveKeyEx
RegSaveKeyEx
NtOpenKeyEx
NtModifyBootEntry
RegSaveKeyEx
RegCreateKeyEx
NtSetTimerEx
NtCreateThreadEx
NtModifyBootEntry
NtSaveKeyEx
RegSaveKeyEx
NtSetTimerEx
NtDisplayString
RegCreateKeyEx
RegCreateKeyEx
NtCreateThreadEx
NtModifyBootEntry
NtSaveKeyEx
RegCreateKeyEx
NtSaveKeyEx
NtCreateProcessEx
NtWriteFile
RegSaveKeyEx
RegCreateKeyEx
RegSaveKeyEx
NtQueryDirectoryFile
NtSaveKeyEx
NtSaveKeyEx
NtWriteFile
NtCreateThreadEx
NtWriteFile
NtCreateThreadEx
NtModifyBootEntry
NtModifyBootEntry
NtSetTimerEx
RegCreateKeyEx
NtCreateProcessEx
NtSetTimerEx
NtSaveKeyEx
NtModifyBootEntry
NtSaveKeyEx
NtOpenTimer
NtQueryDirectoryFile
RegSaveKeyEx
NtOpenFile
RegCreateKeyEx
NtDisplayString
NtReadFile
NtModifyBootEntry
NtCreateUserProcess
NtModifyBootEntry
NtCreateProcessEx
NtSetTimerEx
NtOpenKeyEx
NtCreateThreadEx
RegCreateKeyEx
NtModifyBootEntry
NtSetTimerEx
NtSetTimerEx
NtCreateThreadEx
RegCreateKeyEx
NtSetTimerEx
NtOpenTimer
RegCreateKeyEx
NtSaveKeyEx
NtReadFile
NtCreateUserProcess
NtCreateThreadEx
NtCreateThreadEx
NtModifyBootEntry
NtSetTimerEx
NtCreateProcessEx
NtSaveKeyEx
RegSaveKeyEx
NtSaveKeyEx
NtModifyBootEntry
NtModifyBootEntry
NtCreateThreadEx
NtOpenTimer
NtSaveKeyEx
NtModifyBootEntry
NtDisplayString
NtSetTimerEx
NtCreateThreadEx
RegCreateKeyEx
RegSaveKeyEx
NtCreateProcessEx
NtOpenTimer
NtSetTimerEx
NtWriteFile
NtSaveKeyEx
NtCreateProcessEx
NtModifyBootEntry
NtSetTimerEx
NtWriteFile
RegCreateKeyEx
NtCreateThreadEx
RegCreateKeyEx
NtOpenKeyEx
NtCreateThreadEx
NtSetTimerEx
RegSaveKeyEx
NtSetTimerEx
RegCreateKeyEx
NtSetTimerEx
NtSetTimerEx
RegCreateKeyEx
NtSetTimerEx
NtModifyBootEntry
NtCreateProcessEx
NtCreateThreadEx
NtCreateThreadEx
NtModifyBootEntry
NtSaveKeyEx
NtCreateProcessEx
NtModifyBootEntry
RegCreateKeyEx
NtSetTimerEx
NtWriteFile
NtCreateThreadEx
NtSaveKeyEx
RegCreateKeyEx
NtSetTimerEx
NtCreateUserProcess
NtModifyBootEntry
RegCreateKeyEx
NtCreateThreadEx
NtCreateProcessEx
NtSaveKeyEx
NtOpenTimer
RegSaveKeyEx
NtSaveKeyEx
NtCreateThreadEx
NtOpenFile
NtCreateThreadEx
NtSetTimerEx
RegSaveKeyEx
NtCreateProcessEx
NtOpenTimer
RegSaveKeyEx
NtCreateThreadEx
NtSetTimerEx
RegSaveKeyEx
RegSaveKeyEx
NtSaveKeyEx
NtSetTimerEx
NtOpenTimer
NtCreateProcessEx
NtQueryDirectoryFile
NtCreateProcessEx
NtOpenTimer
NtWriteFile
NtSetTimerEx
NtCreateProcessEx
NtWriteFile
NtSetTimerEx
NtCreateThreadEx
NtSetTimerEx
RegCreateKeyEx
RegSaveKeyEx
NtSaveKeyEx
RegSaveKeyEx
NtCreateUserProcess
NtCreateProcessEx
NtSetTimerEx
RegCreateKeyEx
NtCreateThreadEx
NtSaveKeyEx
NtModifyBootEntry
RegCreateKeyEx
NtCreateThreadEx
RegSaveKeyEx
NtCreateThreadEx
NtModifyBootEntry
NtWriteFile
RegSaveKeyEx
RegSaveKeyEx
NtCreateThreadEx
RegSaveKeyEx
NtModifyBootEntry
NtSetTimerEx
NtSetTimerEx
NtOpenKeyEx
NtWriteFile
NtCreateProcessEx
NtWriteFile
NtCreateThreadEx
RegSaveKeyEx
RegCreateKeyEx
RegCreateKeyEx
NtDrawText
NtSetTimerEx
NtModifyBootEntry
RegCreateKeyEx
NtModifyBootEntry
RegCreateKeyEx
NtSaveKeyEx
RegCreateKeyEx
NtModifyBootEntry
NtWriteFile
RegSaveKeyEx
NtWriteFile
NtWriteFile
NtWriteFile
NtWriteFile
NtWriteFile
RegCreateKeyEx
NtSaveKeyEx
NtModifyBootEntry
NtCreateProcessEx
NtWriteFile
NtQueryDirectoryFile
NtModifyBootEntry
NtCreateProcessEx
NtCreateProcessEx
RegCreateKeyEx
NtCreateUserProcess
NtWriteFile
NtReadFile
NtDisplayString
NtReadFile
NtSaveKeyEx
NtModifyBootEntry
NtCreateUserProcess
NtOpenTimer
NtSetTimerEx
NtModifyBootEntry
NtCreateThreadEx
