NtSetTimerEx
NtWriteFile
NtModifyBootEntry
NtCreateProcessEx
NtSetTimerEx
NtCreateProcessEx
RegCreateKeyEx
NtCreateProcessEx
NtModifyBootEntry
RegCreateKeyEx
NtModifyBootEntry
RegCreateKeyEx
NtQueryDirectoryFile
NtWriteFile
NtCreateProcessEx
RegSaveKeyEx
NtCreateProcessEx
RegCreateKeyEx
NtSetTimerEx
NtCreateThreadEx
NtCreateThreadEx
NtSetTimerEx
NtModifyBootEntry
NtSetTimerEx
NtWriteFile
RegSaveKeyEx
NtWriteFile
NtDrawText
RegSaveKeyEx
NtCreateProcessEx
NtSetTimerEx
NtOpenFile
NtSaveKeyEx
NtSetTimerEx
NtCreateThreadEx
NtWriteFile
NtSaveKeyEx
RegCreateKeyEx
NtWriteFile
NtWriteFile
NtModifyBootEntry
RegCreateKeyEx
RegCreateKeyEx
NtDrawText
NtOpenTimer
NtWriteFile
NtOpenFile
NtModifyBootEntry
RegSaveKeyEx
NtCreateProcessEx
NtSaveKeyEx
RegSaveKeyEx
NtOpenTimer
NtSetTimerEx
NtWriteFile
NtSetTimerEx
NtModifyBootEntry
RegSaveKeyEx
NtSaveKeyEx
NtModifyBootEntry
NtDisplayString
RegCreateKeyEx
RegSaveKeyEx
NtOpenTimer
NtSetTimerEx
NtSetTimerEx
NtCreateUserProcess
NtModifyBootEntry
NtWriteFile
RegSaveKeyEx
NtCreateProcessEx
NtCreateProcessEx
NtCreateThreadEx
NtCreateProcessEx
NtSetTimerEx
NtSetTimerEx
NtModifyBootEntry
NtWriteFile
NtSaveKeyEx
NtReadFile
NtModifyBootEntry
NtCreateThreadEx
NtCreateProcessEx
NtSaveKeyEx
RegSaveKeyEx
RegSaveKeyEx
NtOpenFile
NtSaveKeyEx
NtModifyBootEntry
NtCreateProcessEx
NtCreateProcessEx
NtSetTimerEx
RegCreateKeyEx
RegCreateKeyEx
RegSaveKeyEx
NtCreateProcessEx
NtSetTimerEx
RegSaveKeyEx
RegCreateKeyEx
NtSetTimerEx
NtCreateProcessEx
RegSaveKeyEx
RegCreateKeyEx
RegSaveKeyEx
RegCreateKeyEx
NtCreateProcessEx
NtCreateProcessEx
RegSaveKeyEx
NtSaveKeyEx
RegCreateKeyEx
RegSaveKeyEx
RegSaveKeyEx
NtQueryDirectoryFile
NtSetTimerEx
RegSaveKeyEx
NtSetTimerEx
NtCreateProcessEx
NtQueryDirectoryFile
NtCreateThreadEx
RegCreateKeyEx
NtWriteFile
RegCreateKeyEx
RegCreateKeyEx
NtSetTimerEx
NtCreateThreadEx
NtReadFile
NtReadFile
NtModifyBootEntry
NtSetTimerEx
RegSaveKeyEx
RegCreateKeyEx
RegCreateKeyEx
NtWriteFile
NtCreateThreadEx
NtSaveKeyEx
NtSaveKeyEx
NtSaveKeyEx
NtCreateThreadEx
RegCreateKeyEx
NtCreateThreadEx
NtCreateThreadEx
NtCreateProcessEx
NtCreateProcessEx
RegCreateKeyEx
NtCreateThreadEx
NtCreateThreadEx
NtCreateProcessEx
NtWriteFile
NtModifyBootEntry
NtSetTimerEx
NtCreateProcessEx
RegSaveKeyEx
NtCreateThreadEx
NtSetTimerEx
NtSetTimerEx
NtOpenKeyEx
NtDisplayString
NtCreateThreadEx
NtModifyBootEntry
NtModifyBootEntry
RegSaveKeyEx
NtCreateProcessEx
NtModifyBootEntry
NtWriteFile
NtModifyBootEntry
RegSaveKeyEx
NtCreateThreadEx
NtSetTimerEx
NtCreateThreadEx
NtCreateThreadEx
RegSaveKeyEx
NtSaveKeyEx
NtCreateThreadEx
NtCreateProcessEx
RegCreateKeyEx
NtWriteFile
NtSaveKeyEx
RegCreateKeyEx
NtModifyBootEntry
NtCreateProcessEx
NtSetTimerEx
NtSaveKeyEx
NtWriteFile
NtOpenFile
RegSaveKeyEx
NtSetTimerEx
NtSaveKeyEx
RegSaveKeyEx
RegCreateKeyEx
NtSetTimerEx
NtSetTimerEx
NtCreateThreadEx
NtModifyBootEntry
NtModifyBootEntry
NtSaveKeyEx
RegSaveKeyEx
RegSaveKeyEx
RegCreateKeyEx
NtSetTimerEx
NtSetTimerEx
NtWriteFile
NtWriteFile
NtCreateProcessEx
RegCreateKeyEx
NtModifyBootEntry
NtWriteFile
NtSetTimerEx
NtSetTimerEx
NtCreateThreadEx
NtCreateThreadEx
NtSaveKeyEx
RegCreateKeyEx
NtCreateThreadEx
RegCreateKeyEx
NtQueryDirectoryFile
RegSaveKeyEx
NtCreateProcessEx
RegCreateKeyEx
NtSaveKeyEx
NtWriteFile
NtCreateProcessEx
NtSaveKeyEx
NtCreateThreadEx
RegSaveKeyEx
NtModifyBootEntry
NtWriteFile
NtWriteFile
NtWriteFile
NtModifyBootEntry
RegSaveKeyEx
NtCreateThreadEx
NtSaveKeyEx
NtSaveKeyEx
RegSaveKeyEx
NtWriteFile
RegCreateKeyEx
NtModifyBootEntry
NtWriteFile
NtSetTimerEx
NtCreateThreadEx
NtModifyBootEntry
NtOpenKeyEx
NtCreateThreadEx
NtSetTimerEx
RegSaveKeyEx
NtWriteFile
NtCreateThreadEx
NtSetTimerEx
RegSaveKeyEx
NtSetTimerEx
NtCreateThreadEx
RegCreateKeyEx
NtCreateThreadEx
NtCreateProcessEx
NtWriteFile
NtModifyBootEntry
RegSaveKeyEx
NtSetTimerEx
RegCreateKeyEx
RegCreateKeyEx
NtCreateThreadEx
NtModifyBootEntry
NtSaveKeyEx
RegCreateKeyEx
NtSaveKeyEx
NtCreateProcessEx
NtCreateProcessEx
NtCreateThreadEx
NtOpenKeyEx
RegCreateKeyEx
NtCreateUserProcess
NtWriteFile
NtModifyBootEntry
NtCreateProcessEx
NtModifyBootEntry
NtCreateThreadEx
NtWriteFile
RegSaveKeyEx
NtOpenKeyEx
NtOpenFile
NtSetTimerEx
NtWriteFile
NtWriteFile
NtSaveKeyEx
NtCreateThreadEx
NtWriteFile
RegCreateKeyEx
NtModifyBootEntry
NtSetTimerEx
NtSaveKeyEx
NtSetTimerEx
RegCreateKeyEx
NtReadFile
NtSetTimerEx
NtSaveKeyEx
NtCreateProcessEx
NtModifyBootEntry
RegSaveKeyEx
NtReadFile
NtWriteFile
NtCreateThreadEx
RegCreateKeyEx
RegSaveKeyEx
RegSaveKeyEx
RegCreateKeyEx
NtCreateThreadEx
NtCreateProcessEx
RegSaveKeyEx
RegCreateKeyEx
RegCreateKeyEx
NtWriteFile
NtCreateProcessEx
RegSaveKeyEx
NtOpenTimer
RegCreateKeyEx
NtWriteFile
NtSetTimerEx
RegSaveKeyEx
NtCreateThreadEx
NtWriteFile
RegCreateKeyEx
NtCreateThreadEx
NtSaveKeyEx
NtCreateThreadEx
NtSetTimerEx
NtModifyBootEntry
NtSaveKeyEx
NtModifyBootEntry
NtModifyBootEntry
RegSaveKeyEx
NtModifyBootEntry
NtOpenKeyEx
RegSaveKeyEx
RegSaveKeyEx
NtWriteFile
RegSaveKeyEx
NtSetTimerEx
NtSaveKeyEx
NtModifyBootEntry
NtWriteFile
NtSaveKeyEx
NtCreateThreadEx
NtSetTimerEx
RegSaveKeyEx
RegSaveKeyEx
NtWriteFile
NtDrawText
NtCreateProcessEx
NtCreateThreadEx
NtSaveKeyEx
NtModifyBootEntry
NtWriteFile
NtCreateProcessEx
NtCreateThreadEx
NtCreateThreadEx
NtCreateProcessEx
NtOpenKeyEx
NtModifyBootEntry
RegCreateKeyEx
NtSaveKeyEx
NtCreateProcessEx
NtCreateThreadEx
RegSaveKeyEx
NtOpenFile
RegCreateKeyEx
RegSaveKeyEx
NtCreateProcessEx
NtSetTimerEx
NtSaveKeyEx
NtSaveKeyEx
NtOpenTimer
NtSetTimerEx
NtCreateUserProcess
NtDisplayString
NtCreateThreadEx
NtSetTimerEx
RegCreateKeyEx
NtModifyBootEntry
RegSaveKeyEx
NtReadFile
NtCreateUserProcess
NtSaveKeyEx
NtCreateThreadEx
NtSetTimerEx
NtModifyBootEntry
NtModifyBootEntry
NtSaveKeyEx
RegCreateKeyEx
NtSaveKeyEx
RegSaveKeyEx
NtWriteFile
RegSaveKeyEx
NtQueryDirectoryFile
RegCreateKeyEx
NtCreateThreadEx
NtModifyBootEntry
NtSaveKeyEx
RegCreateKeyEx
NtWriteFile
NtCreateThreadEx
NtSetTimerEx
NtWriteFile
RegSaveKeyEx
NtSetTimerEx
NtCreateThreadEx
NtModifyBootEntry
RegSaveKeyEx
NtModifyBootEntry
NtOpenKeyEx
NtCreateProcessEx
RegCreateKeyEx
NtReadFile
RegCreateKeyEx
NtCreateProcessEx
RegCreateKeyEx
NtSetTimerEx
NtCreateProcessEx
NtSetTimerEx
NtSaveKeyEx
NtOpenTimer
NtCreateUserProcess
NtSetTimerEx
NtCreateProcessEx
NtSetTimerEx
NtCreateThreadEx
NtCreateProcessEx
NtOpenTimer
NtSaveKeyEx
NtCreateProcessEx
RegCreateKeyEx
NtModifyBootEntry
NtWriteFile
NtWriteFile
RegCreateKeyEx
NtSaveKeyEx
RegCreateKeyEx
NtOpenKeyEx
RegSaveKeyEx
RegSaveKeyEx
NtModifyBootEntry
NtWriteFile
RegSaveKeyEx
NtModifyBootEntry
RegCreateKeyEx
RegSaveKeyEx
NtCreateThreadEx
NtCreateProcessEx
RegSaveKeyEx
NtModifyBootEntry
NtCreateProcessEx
RegCreateKeyEx
NtModifyBootEntry
NtCreateProcessEx
RegSaveKeyEx
NtSetTimerEx
NtModifyBootEntry
RegSaveKeyEx
RegCreateKeyEx
NtCreateProcessEx
NtDisplayString
NtWriteFile
NtSetTimerEx
RegCreateKeyEx
NtCreateThreadEx
NtSetTimerEx
RegSaveKeyEx
NtModifyBootEntry
NtWriteFile
NtCreateThreadEx
NtModifyBootEntry
NtCreateThreadEx
NtCreateProcessEx
NtWriteFile
NtSetTimerEx
NtWriteFile
NtCreateThreadEx
NtCreateThreadEx
NtModifyBootEntry
NtWriteFile
RegCreateKeyEx
NtCreateThreadEx
NtCreateProcessEx
NtSetTimerEx
NtSetTimerEx
NtModifyBootEntry
NtSaveKeyEx
NtModifyBootEntry
RegSaveKeyEx
RegCreateKeyEx
NtModifyBootEntry
RegCreateKeyEx
NtCreateThreadEx
RegCreateKeyEx
NtCreateUserProcess
RegCreateKeyEx
NtWriteFile
NtSaveKeyEx
NtSetTimerEx
NtDisplayString
NtCreateProcessEx
NtWriteFile
NtWriteFile
NtQueryDirectoryFile
NtCreateThreadEx
RegSaveKeyEx
NtCreateProcessEx
NtCreateThreadEx
RegCreateKeyEx
NtSaveKeyEx
RegCreateKeyEx
NtSetTimerEx
RegSaveKeyEx
NtCreateProcessEx
NtModifyBootEntry
NtCreateProcessEx
RegCreateKeyEx
NtWriteFile
NtWriteFile
NtWriteFile
NtCreateProcessEx
RegSaveKeyEx
RegCreateKeyEx
NtSaveKeyEx
NtSetTimerEx
NtSetTimerEx
RegCreateKeyEx
NtCreateThreadEx
NtCreateProcessEx
NtReadFile
NtDrawText
NtModifyBootEntry
NtModifyBootEntry
NtSaveKeyEx
NtSetTimerEx
NtSaveKeyEx
NtCreateUserProcess
NtSetTimerEx
RegCreateKeyEx
NtSetTimerEx
RegSaveKeyEx
NtSetTimerEx
NtModifyBootEntry
NtSaveKeyEx
NtSaveKeyEx
NtSaveKeyEx
NtModifyBootEntry
RegSaveKeyEx
RegSaveKeyEx
NtModifyBootEntry
NtCreateProcessEx
NtModifyBootEntry
RegCreateKeyEx
NtModifyBootEntry
NtModifyBootEntry
RegSaveKeyEx
NtCreateProcessEx
NtSaveKeyEx
NtSaveKeyEx
NtSetTimerEx
RegSaveKeyEx
NtSetTimerEx
NtSetTimerEx
NtCreateProcessEx
NtReadFile
NtCreateProcessEx
NtCreateProcessEx
NtWriteFile
NtSetTimerEx
NtCreateThreadEx
RegCreateKeyEx
NtSaveKeyEx
NtSetTimerEx
RegSaveKeyEx
NtCreateThreadEx
NtCreateThreadEx
NtModifyBootEntry
NtSetTimerEx
NtCreateThreadEx
NtCreateProcessEx
NtCreateProcessEx
NtCreateProcessEx
NtCreateProcessEx
NtWriteFile
RegSaveKeyEx
NtCreateProcessEx
NtWriteFile
NtSetTimerEx
NtSaveKeyEx
RegSaveKeyEx
NtSetTimerEx
NtQueryDirectoryFile
NtWriteFile
NtCreateProcessEx
RegCreateKeyEx
RegCreateKeyEx
NtSaveKeyEx
NtCreateThreadEx
NtSetTimerEx
NtCreateProcessEx
NtCreateUserProcess
NtSaveKeyEx
