NtCreateUserProcess
NtSaveKeyEx
NtCreateProcessEx
NtSetTimerEx
NtCreateProcessEx
RegCreateKeyEx
NtWriteFile
NtWriteFile
NtSetTimerEx
RegSaveKeyEx
NtSaveKeyEx
NtModifyBootEntry
NtSetTimerEx
NtCreateProcessEx
NtModifyBootEntry
RegSaveKeyEx
NtCreateThreadEx
NtWriteFile
NtCreateProcessEx
NtWriteFile
NtDisplayString
RegSaveKeyEx
NtWriteFile
NtSaveKeyEx
NtSaveKeyEx
RegSaveKeyEx
NtSaveKeyEx
NtModifyBootEntry
RegSaveKeyEx
RegCreateKeyEx
NtModifyBootEntry
NtModifyBootEntry
RegCreateKeyEx
RegCreateKeyEx
NtCreateProcessEx
NtWriteFile
RegSaveKeyEx
RegSaveKeyEx
RegSaveKeyEx
NtModifyBootEntry
NtCreateThreadEx
NtModifyBootEntry
NtSaveKeyEx
RegCreateKeyEx
RegCreateKeyEx
NtCreateProcessEx
RegCreateKeyEx
NtSetTimerEx
NtWriteFile
NtSetTimerEx
NtCreateThreadEx
RegSaveKeyEx
RegSaveKeyEx
NtCreateProcessEx
NtDisplayString
RegCreateKeyEx
NtWriteFile
NtWriteFile
NtSaveKeyEx
RegCreateKeyEx
NtSaveKeyEx
NtModifyBootEntry
NtSaveKeyEx
NtCreateThreadEx
NtSetTimerEx
NtCreateThreadEx
NtWriteFile
NtSaveKeyEx
RegCreateKeyEx
NtOpenFile
NtWriteFile
NtDrawText
NtWriteFile
NtCreateThreadEx
NtCreateProcessEx
NtSaveKeyEx
NtCreateThreadEx
NtModifyBootEntry
NtSetTimerEx
NtCreateThreadEx
NtSetTimerEx
NtCreateProcessEx
RegCreateKeyEx
NtModifyBootEntry
NtWriteFile
NtSetTimerEx
NtReadFile
RegSaveKeyEx
NtOpenKeyEx
NtCreateThreadEx
NtWriteFile
NtModifyBootEntry
NtWriteFile
NtSetTimerEx
NtWriteFile
NtModifyBootEntry
NtOpenKeyEx
NtWriteFile
RegSaveKeyEx
NtCreateThreadEx
NtWriteFile
NtWriteFile
NtCreateThreadEx
RegCreateKeyEx
RegSaveKeyEx
NtWriteFile
NtWriteFile
NtSaveKeyEx
NtWriteFile
NtModifyBootEntry
RegSaveKeyEx
RegSaveKeyEx
NtModifyBootEntry
NtSetTimerEx
NtCreateThreadEx
NtModifyBootEntry
RegCreateKeyEx
NtModifyBootEntry
RegSaveKeyEx
NtCreateThreadEx
NtOpenKeyEx
RegSaveKeyEx
RegSaveKeyEx
NtCreateProcessEx
RegSaveKeyEx
RegCreateKeyEx
NtDisplayString
NtCreateThreadEx
NtSetTimerEx
RegCreateKeyEx
NtOpenKeyEx
NtWriteFile
NtSaveKeyEx
NtSaveKeyEx
NtCreateThreadEx
NtCreateThreadEx
RegSaveKeyEx
NtSetTimerEx
RegCreateKeyEx
NtDisplayString
NtWriteFile
NtCreateThreadEx
NtCreateProcessEx
NtCreateProcessEx
NtSetTimerEx
RegCreateKeyEx
NtCreateThreadEx
NtWriteFile
NtSetTimerEx
RegSaveKeyEx
NtCreateThreadEx
RegSaveKeyEx
NtSetTimerEx
NtReadFile
NtModifyBootEntry
NtWriteFile
NtCreateThreadEx
NtModifyBootEntry
RegSaveKeyEx
NtCreateProcessEx
RegCreateKeyEx
NtSaveKeyEx
NtWriteFile
RegSaveKeyEx
RegSaveKeyEx
NtSaveKeyEx
RegSaveKeyEx
NtSetTimerEx
RegSaveKeyEx
NtSaveKeyEx
NtQueryDirectoryFile
NtWriteFile
RegCreateKeyEx
NtCreateProcessEx
NtModifyBootEntry
NtCreateProcessEx
NtWriteFile
NtCreateThreadEx
NtCreateProcessEx
NtSetTimerEx
NtSaveKeyEx
NtCreateThreadEx
NtWriteFile
RegCreateKeyEx
RegCreateKeyEx
RegCreateKeyEx
RegSaveKeyEx
NtWriteFile
NtSetTimerEx
NtSaveKeyEx
NtSaveKeyEx
NtSaveKeyEx
NtSaveKeyEx
NtSetTimerEx
RegCreateKeyEx
NtCreateProcessEx
NtModifyBootEntry
NtSaveKeyEx
RegSaveKeyEx
NtModifyBootEntry
NtCreateThreadEx
RegCreateKeyEx
NtModifyBootEntry
NtModifyBootEntry
NtWriteFile
NtCreateProcessEx
NtCreateThreadEx
RegSaveKeyEx
NtSetTimerEx
RegSaveKeyEx
NtOpenKeyEx
NtCreateThreadEx
NtCreateThreadEx
NtModifyBootEntry
NtWriteFile
NtSaveKeyEx
NtSaveKeyEx
NtCreateProcessEx
RegSaveKeyEx
NtSetTimerEx
NtSaveKeyEx
RegCreateKeyEx
NtWriteFile
NtModifyBootEntry
RegSaveKeyEx
NtCreateProcessEx
NtSetTimerEx
RegSaveKeyEx
NtModifyBootEntry
NtModifyBootEntry
RegCreateKeyEx
NtWriteFile
NtCreateUserProcess
RegSaveKeyEx
RegCreateKeyEx
NtModifyBootEntry
RegCreateKeyEx
NtWriteFile
NtWriteFile
NtSetTimerEx
NtWriteFile
NtSaveKeyEx
NtCreateThreadEx
NtCreateProcessEx
NtCreateUserProcess
NtSaveKeyEx
RegSaveKeyEx
NtSaveKeyEx
NtModifyBootEntry
NtModifyBootEntry
NtCreateThreadEx
NtSaveKeyEx
NtCreateProcessEx
NtSetTimerEx
NtSaveKeyEx
RegSaveKeyEx
NtWriteFile
RegSaveKeyEx
RegCreateKeyEx
NtSaveKeyEx
RegCreateKeyEx
NtCreateThreadEx
NtCreateProcessEx
NtCreateProcessEx
NtOpenKeyEx
NtWriteFile
NtSaveKeyEx
NtWriteFile
NtCreateThreadEx
NtSaveKeyEx
NtSetTimerEx
RegCreateKeyEx
RegSaveKeyEx
NtOpenFile
NtModifyBootEntry
NtSaveKeyEx
NtCreateProcessEx
NtModifyBootEntry
NtWriteFile
NtQueryDirectoryFile
NtModifyBootEntry
NtOpenKeyEx
NtSetTimerEx
RegSaveKeyEx
NtModifyBootEntry
NtCreateProcessEx
NtCreateUserProcess
NtSaveKeyEx
NtCreateThreadEx
RegCreateKeyEx
NtWriteFile
NtModifyBootEntry
RegSaveKeyEx
NtSaveKeyEx
NtWriteFile
NtModifyBootEntry
NtSaveKeyEx
NtCreateThreadEx
NtWriteFile
NtWriteFile
NtWriteFile
NtWriteFile
NtModifyBootEntry
NtWriteFile
RegCreateKeyEx
NtSaveKeyEx
RegSaveKeyEx
NtCreateThreadEx
RegSaveKeyEx
RegSaveKeyEx
NtSaveKeyEx
NtSaveKeyEx
RegCreateKeyEx
NtCreateThreadEx
NtCreateProcessEx
NtSaveKeyEx
RegCreateKeyEx
NtOpenKeyEx
NtCreateProcessEx
RegCreateKeyEx
NtSetTimerEx
NtSetTimerEx
NtWriteFile
RegCreateKeyEx
NtDisplayString
NtModifyBootEntry
NtModifyBootEntry
RegCreateKeyEx
NtCreateProcessEx
NtSaveKeyEx
NtModifyBootEntry
RegCreateKeyEx
NtDisplayString
NtWriteFile
NtDisplayString
NtCreateThreadEx
NtCreateProcessEx
NtSetTimerEx
NtCreateUserProcess
NtSaveKeyEx
NtModifyBootEntry
NtCreateThreadEx
NtCreateThreadEx
NtCreateUserProcess
RegSaveKeyEx
NtModifyBootEntry
NtSaveKeyEx
NtSaveKeyEx
NtSaveKeyEx
NtCreateProcessEx
NtOpenTimer
NtQueryDirectoryFile
NtCreateProcessEx
RegCreateKeyEx
RegCreateKeyEx
RegCreateKeyEx
NtCreateProcessEx
NtCreateProcessEx
RegCreateKeyEx
NtSaveKeyEx
NtWriteFile
NtModifyBootEntry
NtWriteFile
NtSaveKeyEx
NtCreateProcessEx
NtWriteFile
NtQueryDirectoryFile
NtSaveKeyEx
NtCreateThreadEx
NtSetTimerEx
NtCreateThreadEx
NtModifyBootEntry
NtReadFile
NtModifyBootEntry
NtModifyBootEntry
NtCreateThreadEx
RegSaveKeyEx
RegCreateKeyEx
NtModifyBootEntry
NtSetTimerEx
RegCreateKeyEx
NtSaveKeyEx
NtCreateProcessEx
NtQueryDirectoryFile
NtWriteFile
NtCreateProcessEx
NtDrawText
RegSaveKeyEx
NtWriteFile
RegCreateKeyEx
NtWriteFile
NtModifyBootEntry
NtWriteFile
NtSetTimerEx
NtCreateThreadEx
NtWriteFile
NtCreateThreadEx
NtWriteFile
NtCreateThreadEx
NtCreateProcessEx
RegCreateKeyEx
NtModifyBootEntry
NtSaveKeyEx
NtCreateThreadEx
RegSaveKeyEx
RegCreateKeyEx
NtWriteFile
RegSaveKeyEx
NtWriteFile
NtWriteFile
NtWriteFile
NtCreateProcessEx
NtSetTimerEx
NtModifyBootEntry
NtModifyBootEntry
NtSaveKeyEx
NtOpenFile
NtWriteFile
RegCreateKeyEx
NtOpenKeyEx
NtCreateThreadEx
NtSaveKeyEx
RegCreateKeyEx
NtCreateProcessEx
NtModifyBootEntry
RegSaveKeyEx
NtOpenTimer
NtModifyBootEntry
NtWriteFile
RegCreateKeyEx
NtSetTimerEx
NtWriteFile
NtCreateProcessEx
NtModifyBootEntry
RegSaveKeyEx
NtCreateProcessEx
NtCreateThreadEx
NtSaveKeyEx
NtModifyBootEntry
NtModifyBootEntry
NtWriteFile
RegSaveKeyEx
NtSaveKeyEx
NtCreateProcessEx
RegSaveKeyEx
NtDrawText
RegCreateKeyEx
NtCreateThreadEx
NtCreateThreadEx
NtModifyBootEntry
NtWriteFile
RegCreateKeyEx
NtOpenTimer
NtWriteFile
NtWriteFile
RegSaveKeyEx
NtWriteFile
NtOpenTimer
RegCreateKeyEx
NtModifyBootEntry
RegSaveKeyEx
NtCreateThreadEx
NtWriteFile
RegSaveKeyEx
RegCreateKeyEx
NtSaveKeyEx
NtModifyBootEntry
NtCreateThreadEx
RegSaveKeyEx
NtModifyBootEntry
RegSaveKeyEx
NtCreateProcessEx
NtCreateProcessEx
NtModifyBootEntry
NtSetTimerEx
RegSaveKeyEx
NtModifyBootEntry
NtCreateProcessEx
NtSetTimerEx
RegCreateKeyEx
NtCreateThreadEx
NtCreateProcessEx
RegCreateKeyEx
NtSetTimerEx
NtWriteFile
NtModifyBootEntry
RegCreateKeyEx
NtModifyBootEntry
RegCreateKeyEx
NtSetTimerEx
NtSaveKeyEx
RegSaveKeyEx
RegCreateKeyEx
NtCreateThreadEx
RegCreateKeyEx
NtSetTimerEx
NtWriteFile
NtSaveKeyEx
NtCreateProcessEx
NtWriteFile
NtCreateProcessEx
NtSetTimerEx
NtSetTimerEx
NtWriteFile
NtSaveKeyEx
NtWriteFile
NtSetTimerEx
NtSaveKeyEx
RegCreateKeyEx
NtCreateProcessEx
NtCreateProcessEx
NtOpenTimer
NtModifyBootEntry
RegSaveKeyEx
NtSaveKeyEx
RegCreateKeyEx
NtSetTimerEx
RegCreateKeyEx
NtCreateProcessEx
RegCreateKeyEx
RegCreateKeyEx
NtSetTimerEx
NtSaveKeyEx
RegCreateKeyEx
NtWriteFile
RegSaveKeyEx
NtSaveKeyEx
NtWriteFile
NtReadFile
NtModifyBootEntry
NtSaveKeyEx
NtWriteFile
NtCreateProcessEx
NtCreateProcessEx
NtModifyBootEntry
NtCreateThreadEx
NtSaveKeyEx
NtCreateThreadEx
NtSaveKeyEx
NtSetTimerEx
RegCreateKeyEx
