NtWriteFile
NtCreateThreadEx
NtCreateProcessEx
NtWriteFile
NtWriteFile
RegCreateKeyEx
NtCreateThreadEx
NtCreateProcessEx
NtModifyBootEntry
NtSetTimerEx
NtSetTimerEx
NtCreateThreadEx
NtCreateThreadEx
RegSaveKeyEx
NtCreateThreadEx
NtModifyBootEntry
RegSaveKeyEx
RegSaveKeyEx
RegSaveKeyEx
NtModifyBootEntry
NtCreateProcessEx
RegSaveKeyEx
NtWriteFile
NtCreateProcessEx
NtSaveKeyEx
NtDrawText
NtCreateProcessEx
RegCreateKeyEx
NtModifyBootEntry
NtCreateProcessEx
RegSaveKeyEx
NtSetTimerEx
NtSetTimerEx
NtCreateProcessEx
RegCreateKeyEx
NtQueryDirectoryFile
NtWriteFile
RegCreateKeyEx
NtCreateThreadEx
NtReadFile
NtCreateProcessEx
RegCreateKeyEx
NtSetTimerEx
RegSaveKeyEx
NtModifyBootEntry
NtSaveKeyEx
NtSetTimerEx
NtSetTimerEx
NtSetTimerEx
NtCreateThreadEx
RegSaveKeyEx
NtWriteFile
NtSetTimerEx
RegCreateKeyEx
NtSaveKeyEx
NtWriteFile
NtCreateProcessEx
NtOpenKeyEx
NtCreateProcessEx
NtCreateProcessEx
NtModifyBootEntry
NtWriteFile
RegSaveKeyEx
NtWriteFile
NtWriteFile
NtOpenFile
RegCreateKeyEx
RegCreateKeyEx
NtCreateProcessEx
NtCreateProcessEx
NtSaveKeyEx
NtCreateProcessEx
NtSetTimerEx
NtCreateThreadEx
NtCreateThreadEx
NtSaveKeyEx
NtOpenTimer
NtWriteFile
RegCreateKeyEx
NtSaveKeyEx
NtCreateThreadEx
NtSaveKeyEx
NtOpenKeyEx
NtSaveKeyEx
NtCreateProcessEx
NtOpenTimer
RegSaveKeyEx
RegSaveKeyEx
NtModifyBootEntry
NtCreateThreadEx
RegCreateKeyEx
NtSaveKeyEx
NtSetTimerEx
NtSaveKeyEx
NtWriteFile
NtSaveKeyEx
RegCreateKeyEx
NtCreateProcessEx
RegCreateKeyEx
NtCreateThreadEx
RegCreateKeyEx
RegCreateKeyEx
NtCreateThreadEx
NtCreateProcessEx
NtModifyBootEntry
NtCreateProcessEx
NtSaveKeyEx
NtModifyBootEntry
NtWriteFile
RegCreateKeyEx
NtModifyBootEntry
RegCreateKeyEx
NtWriteFile
NtModifyBootEntry
NtWriteFile
RegSaveKeyEx
NtSaveKeyEx
NtSetTimerEx
NtSaveKeyEx
RegSaveKeyEx
RegSaveKeyEx
NtCreateThreadEx
NtSaveKeyEx
NtModifyBootEntry
NtSetTimerEx
NtWriteFile
RegSaveKeyEx
NtOpenKeyEx
NtModifyBootEntry
NtCreateThreadEx
NtWriteFile
NtSaveKeyEx
RegCreateKeyEx
NtWriteFile
NtCreateProcessEx
NtWriteFile
NtCreateProcessEx
NtReadFile
NtCreateProcessEx
NtWriteFile
RegCreateKeyEx
NtSetTimerEx
RegCreateKeyEx
NtWriteFile
RegCreateKeyEx
NtWriteFile
NtSaveKeyEx
NtCreateThreadEx
NtCreateProcessEx
NtSetTimerEx
RegSaveKeyEx
NtCreateThreadEx
NtSetTimerEx
RegSaveKeyEx
NtSetTimerEx
NtReadFile
NtSetTimerEx
NtCreateProcessEx
NtModifyBootEntry
NtCreateThreadEx
RegSaveKeyEx
NtSaveKeyEx
NtCreateThreadEx
NtWriteFile
NtSetTimerEx
NtWriteFile
NtCreateThreadEx
RegSaveKeyEx
NtWriteFile
NtModifyBootEntry
RegCreateKeyEx
RegCreateKeyEx
NtWriteFile
RegSaveKeyEx
NtModifyBootEntry
RegCreateKeyEx
NtWriteFile
NtModifyBootEntry
NtCreateProcessEx
NtSetTimerEx
RegCreateKeyEx
NtWriteFile
NtWriteFile
NtWriteFile
NtSaveKeyEx
NtCreateThreadEx
RegCreateKeyEx
NtCreateProcessEx
RegSaveKeyEx
NtSetTimerEx
NtSaveKeyEx
NtModifyBootEntry
NtCreateProcessEx
NtSetTimerEx
NtModifyBootEntry
NtCreateThreadEx
NtSetTimerEx
NtSetTimerEx
NtSetTimerEx
NtWriteFile
RegCreateKeyEx
NtCreateThreadEx
NtSetTimerEx
NtCreateProcessEx
NtReadFile
NtOpenKeyEx
NtCreateProcessEx
NtModifyBootEntry
RegCreateKeyEx
NtSetTimerEx
NtSetTimerEx
NtModifyBootEntry
NtCreateProcessEx
RegSaveKeyEx
NtCreateProcessEx
RegSaveKeyEx
NtCreateThreadEx
NtCreateUserProcess
NtSetTimerEx
NtQueryDirectoryFile
NtSetTimerEx
NtOpenTimer
NtSaveKeyEx
RegSaveKeyEx
NtSetTimerEx
NtCreateProcessEx
RegCreateKeyEx
NtCreateProcessEx
NtSaveKeyEx
NtSetTimerEx
NtCreateProcessEx
NtWriteFile
NtWriteFile
NtModifyBootEntry
NtCreateProcessEx
NtModifyBootEntry
NtOpenTimer
NtSaveKeyEx
NtCreateProcessEx
NtCreateThreadEx
RegSaveKeyEx
RegCreateKeyEx
NtSaveKeyEx
NtCreateThreadEx
RegCreateKeyEx
RegCreateKeyEx
NtSaveKeyEx
NtModifyBootEntry
NtWriteFile
NtModifyBootEntry
RegCreateKeyEx
NtCreateThreadEx
NtWriteFile
RegCreateKeyEx
NtSaveKeyEx
NtSetTimerEx
RegSaveKeyEx
RegSaveKeyEx
RegSaveKeyEx
NtCreateProcessEx
NtCreateThreadEx
RegCreateKeyEx
NtCreateProcessEx
NtCreateProcessEx
NtCreateProcessEx
NtOpenFile
RegCreateKeyEx
NtSetTimerEx
NtWriteFile
NtDrawText
NtCreateProcessEx
NtSaveKeyEx
NtWriteFile
NtDisplayString
NtCreateThreadEx
NtWriteFile
NtCreateProcessEx
NtWriteFile
RegSaveKeyEx
RegCreateKeyEx
NtModifyBootEntry
NtSetTimerEx
NtCreateProcessEx
RegSaveKeyEx
NtSaveKeyEx
NtCreateProcessEx
RegSaveKeyEx
RegSaveKeyEx
NtOpenKeyEx
NtSetTimerEx
NtCreateThreadEx
NtCreateThreadEx
NtCreateProcessEx
NtModifyBootEntry
NtCreateThreadEx
NtSetTimerEx
NtModifyBootEntry
NtQueryDirectoryFile
RegSaveKeyEx
NtCreateThreadEx
NtSaveKeyEx
RegCreateKeyEx
RegSaveKeyEx
NtCreateProcessEx
NtCreateProcessEx
RegCreateKeyEx
RegSaveKeyEx
NtCreateProcessEx
NtSetTimerEx
NtWriteFile
NtCreateThreadEx
NtCreateThreadEx
NtSetTimerEx
NtModifyBootEntry
NtSaveKeyEx
RegCreateKeyEx
NtCreateProcessEx
NtCreateProcessEx
RegCreateKeyEx
RegSaveKeyEx
NtSetTimerEx
RegSaveKeyEx
RegCreateKeyEx
NtCreateProcessEx
NtSaveKeyEx
NtCreateProcessEx
NtWriteFile
NtSaveKeyEx
NtModifyBootEntry
NtSetTimerEx
NtSaveKeyEx
NtModifyBootEntry
NtWriteFile
NtCreateProcessEx
NtModifyBootEntry
NtCreateProcessEx
RegCreateKeyEx
NtModifyBootEntry
NtCreateThreadEx
NtModifyBootEntry
NtSaveKeyEx
NtWriteFile
NtModifyBootEntry
NtWriteFile
NtWriteFile
NtSetTimerEx
NtCreateThreadEx
NtCreateThreadEx
NtQueryDirectoryFile
NtWriteFile
NtSetTimerEx
RegSaveKeyEx
NtSetTimerEx
NtSaveKeyEx
NtWriteFile
NtSaveKeyEx
RegCreateKeyEx
NtWriteFile
NtWriteFile
NtModifyBootEntry
RegSaveKeyEx
NtWriteFile
RegCreateKeyEx
NtCreateProcessEx
NtWriteFile
NtSetTimerEx
NtCreateProcessEx
NtWriteFile
NtQueryDirectoryFile
RegSaveKeyEx
NtSaveKeyEx
RegSaveKeyEx
RegCreateKeyEx
NtModifyBootEntry
NtWriteFile
RegCreateKeyEx
NtSetTimerEx
NtModifyBootEntry
RegCreateKeyEx
NtReadFile
RegCreateKeyEx
NtWriteFile
NtModifyBootEntry
NtWriteFile
NtOpenFile
NtSetTimerEx
NtModifyBootEntry
NtWriteFile
NtCreateThreadEx
RegSaveKeyEx
NtSaveKeyEx
NtSetTimerEx
NtWriteFile
NtModifyBootEntry
NtCreateThreadEx
NtCreateThreadEx
RegSaveKeyEx
NtSetTimerEx
RegCreateKeyEx
NtSetTimerEx
NtSaveKeyEx
NtCreateProcessEx
NtWriteFile
NtWriteFile
NtCreateProcessEx
NtCreateProcessEx
NtCreateThreadEx
RegCreateKeyEx
RegSaveKeyEx
NtCreateThreadEx
NtCreateProcessEx
NtCreateProcessEx
NtModifyBootEntry
NtWriteFile
NtSetTimerEx
NtModifyBootEntry
RegCreateKeyEx
RegCreateKeyEx
NtCreateProcessEx
RegCreateKeyEx
RegSaveKeyEx
NtCreateUserProcess
NtModifyBootEntry
NtCreateUserProcess
NtCreateProcessEx
NtCreateThreadEx
RegSaveKeyEx
NtCreateProcessEx
NtSetTimerEx
NtCreateProcessEx
RegSaveKeyEx
NtSaveKeyEx
RegCreateKeyEx
NtCreateProcessEx
NtSaveKeyEx
NtSetTimerEx
NtModifyBootEntry
NtSaveKeyEx
NtCreateProcessEx
RegSaveKeyEx
NtModifyBootEntry
RegSaveKeyEx
RegSaveKeyEx
NtSetTimerEx
NtSaveKeyEx
NtModifyBootEntry
NtSetTimerEx
NtSaveKeyEx
NtSetTimerEx
NtSetTimerEx
RegCreateKeyEx
NtSetTimerEx
NtCreateThreadEx
NtSaveKeyEx
NtSetTimerEx
NtWriteFile
RegCreateKeyEx
NtCreateThreadEx
NtCreateThreadEx
NtModifyBootEntry
NtReadFile
NtModifyBootEntry
RegCreateKeyEx
RegSaveKeyEx
NtSetTimerEx
NtSaveKeyEx
NtSetTimerEx
NtWriteFile
NtCreateUserProcess
NtQueryDirectoryFile
NtCreateProcessEx
NtWriteFile
NtWriteFile
NtCreateProcessEx
NtCreateThreadEx
NtDisplayString
NtWriteFile
RegSaveKeyEx
NtCreateThreadEx
RegSaveKeyEx
NtWriteFile
NtSetTimerEx
RegSaveKeyEx
NtSetTimerEx
NtSetTimerEx
RegSaveKeyEx
RegSaveKeyEx
RegCreateKeyEx
NtSaveKeyEx
NtWriteFile
NtSaveKeyEx
NtModifyBootEntry
NtSetTimerEx
NtSetTimerEx
NtCreateThreadEx
NtSaveKeyEx
NtSetTimerEx
NtModifyBootEntry
NtSetTimerEx
RegCreateKeyEx
NtCreateProcessEx
NtCreateThreadEx
RegCreateKeyEx
RegCreateKeyEx
NtWriteFile
RegCreateKeyEx
NtSaveKeyEx
RegCreateKeyEx
NtSetTimerEx
NtSaveKeyEx
NtSetTimerEx
NtModifyBootEntry
NtSaveKeyEx
NtWriteFile
NtSaveKeyEx
RegSaveKeyEx
NtWriteFile
NtCreateProcessEx
NtSaveKeyEx
NtWriteFile
NtWriteFile
RegSaveKeyEx
NtSetTimerEx
RegSaveKeyEx
NtWriteFile
NtWriteFile
RegCreateKeyEx
NtSaveKeyEx
NtSetTimerEx
NtCreateProcessEx
NtSaveKeyEx
NtWriteFile
NtSaveKeyEx
RegSaveKeyEx
RegCreateKeyEx
NtCreateProcessEx
NtWriteFile
NtOpenFile
NtReadFile
NtWriteFile
NtSetTimerEx
RegSaveKeyEx
RegCreateKeyEx
NtOpenTimer
NtSaveKeyEx
RegCreateKeyEx
NtWriteFile
RegSaveKeyEx
RegCreateKeyEx
RegCreateKeyEx
NtModifyBootEntry
NtCreateProcessEx
NtWriteFile
NtCreateThreadEx
NtOpenFile
NtModifyBootEntry
NtSaveKeyEx
RegCreateKeyEx
NtReadFile
NtWriteFile
NtCreateProcessEx
NtWriteFile
RegSaveKeyEx
NtCreateUserProcess
NtCreateThreadEx
NtCreateProcessEx
NtModifyBootEntry
NtWriteFile
NtOpenFile
NtCreateThreadEx
NtModifyBootEntry
NtWriteFile
NtWriteFile
NtWriteFile
NtSaveKeyEx
NtDisplayString
NtSaveKeyEx
NtModifyBootEntry
NtCreateProcessEx
NtCreateProcessEx
NtCreateProcessEx
NtWriteFile
NtCreateProcessEx
NtCreateProcessEx
RegSaveKeyEx
NtSaveKeyEx
NtSetTimerEx
NtSetTimerEx
NtOpenKeyEx
NtDisplayString
NtSaveKeyEx
NtSetTimerEx
NtCreateThreadEx
NtWriteFile
NtWriteFile
RegCreateKeyEx
NtModifyBootEntry
NtCreateThreadEx
NtDrawText
NtCreateProcessEx
NtModifyBootEntry
RegCreateKeyEx
RegCreateKeyEx
RegCreateKeyEx
RegSaveKeyEx
NtModifyBootEntry
NtModifyBootEntry
NtWriteFile
RegSaveKeyEx
NtModifyBootEntry
NtWriteFile
NtSaveKeyEx
RegCreateKeyEx
NtSaveKeyEx
NtCreateUserProcess
NtWriteFile
NtSetTimerEx
NtCreateThreadEx
NtWriteFile
NtModifyBootEntry
RegSaveKeyEx
NtModifyBootEntry
RegCreateKeyEx
NtCreateThreadEx
NtWriteFile
NtSaveKeyEx
NtSetTimerEx
NtModifyBootEntry
NtWriteFile
NtSetTimerEx
NtCreateThreadEx
NtSetTimerEx
NtSetTimerEx
NtSetTimerEx
NtCreateThreadEx
NtCreateProcessEx
NtCreateProcessEx
NtCreateProcessEx
NtModifyBootEntry
NtQueryDirectoryFile
NtSetTimerEx
NtWriteFile
NtOpenKeyEx
RegCreateKeyEx
RegSaveKeyEx
NtOpenKeyEx
RegCreateKeyEx
NtCreateProcessEx
RegSaveKeyEx
NtWriteFile
NtSetTimerEx
NtCreateThreadEx
NtModifyBootEntry
NtCreateProcessEx
RegCreateKeyEx
NtCreateThreadEx
RegSaveKeyEx
NtCreateUserProcess
RegSaveKeyEx
RegCreateKeyEx
RegSaveKeyEx
NtWriteFile
NtModifyBootEntry
RegCreateKeyEx
NtDrawText
NtWriteFile
NtCreateProcessEx
NtSetTimerEx
NtModifyBootEntry
NtSetTimerEx
RegCreateKeyEx
RegSaveKeyEx
NtModifyBootEntry
NtSetTimerEx
NtSaveKeyEx
RegCreateKeyEx
NtDrawText
NtModifyBootEntry
NtCreateProcessEx
NtModifyBootEntry
RegSaveKeyEx
NtSaveKeyEx
RegCreateKeyEx
RegSaveKeyEx
RegCreateKeyEx
NtSaveKeyEx
RegCreateKeyEx
NtSaveKeyEx
RegSaveKeyEx
RegSaveKeyEx
NtWriteFile
NtSetTimerEx
NtCreateThreadEx
NtSaveKeyEx
NtOpenTimer
NtSetTimerEx
RegSaveKeyEx
NtSetTimerEx
NtSaveKeyEx
