NtSaveKeyEx
RegCreateKeyEx
NtSaveKeyEx
NtSaveKeyEx
NtSetTimerEx
RegSaveKeyEx
NtSaveKeyEx
NtModifyBootEntry
NtWriteFile
NtSetTimerEx
NtWriteFile
RegSaveKeyEx
RegSaveKeyEx
NtSetTimerEx
NtCreateThreadEx
RegSaveKeyEx
NtSaveKeyEx
NtQueryDirectoryFile
NtModifyBootEntry
RegCreateKeyEx
NtOpenKeyEx
RegSaveKeyEx
RegSaveKeyEx
NtModifyBootEntry
RegSaveKeyEx
RegCreateKeyEx
NtReadFile
NtSaveKeyEx
NtSaveKeyEx
NtCreateProcessEx
NtSetTimerEx
NtOpenFile
RegSaveKeyEx
RegCreateKeyEx
NtSetTimerEx
RegCreateKeyEx
NtCreateThreadEx
NtModifyBootEntry
NtCreateThreadEx
RegCreateKeyEx
NtDisplayString
RegCreateKeyEx
RegCreateKeyEx
NtCreateThreadEx
RegCreateKeyEx
RegSaveKeyEx
NtWriteFile
NtSetTimerEx
NtModifyBootEntry
NtCreateThreadEx
NtCreateProcessEx
NtCreateThreadEx
NtReadFile
NtWriteFile
NtModifyBootEntry
NtWriteFile
NtWriteFile
NtOpenTimer
NtDrawText
NtModifyBootEntry
NtWriteFile
NtSaveKeyEx
NtCreateProcessEx
NtModifyBootEntry
NtCreateThreadEx
NtSetTimerEx
RegCreateKeyEx
RegCreateKeyEx
NtCreateThreadEx
NtCreateProcessEx
RegCreateKeyEx
NtModifyBootEntry
RegCreateKeyEx
NtWriteFile
NtSetTimerEx
NtModifyBootEntry
NtCreateProcessEx
NtModifyBootEntry
NtModifyBootEntry
NtDisplayString
NtModifyBootEntry
NtCreateUserProcess
NtDrawText
NtSetTimerEx
NtModifyBootEntry
RegSaveKeyEx
NtCreateThreadEx
NtWriteFile
NtSaveKeyEx
NtCreateProcessEx
RegCreateKeyEx
RegCreateKeyEx
RegCreateKeyEx
NtCreateProcessEx
NtModifyBootEntry
RegCreateKeyEx
NtSaveKeyEx
NtSetTimerEx
NtWriteFile
NtSetTimerEx
NtSaveKeyEx
NtOpenKeyEx
NtCreateThreadEx
NtWriteFile
RegSaveKeyEx
NtCreateThreadEx
NtSetTimerEx
NtCreateProcessEx
RegCreateKeyEx
NtWriteFile
NtCreateProcessEx
RegCreateKeyEx
NtOpenKeyEx
NtWriteFile
NtCreateProcessEx
RegSaveKeyEx
RegCreateKeyEx
RegCreateKeyEx
NtCreateThreadEx
NtSetTimerEx
NtReadFile
NtCreateThreadEx
NtModifyBootEntry
NtSaveKeyEx
NtWriteFile
RegSaveKeyEx
NtSaveKeyEx
NtCreateThreadEx
NtWriteFile
NtCreateThreadEx
NtOpenKeyEx
NtSetTimerEx
RegSaveKeyEx
RegSaveKeyEx
NtSetTimerEx
NtModifyBootEntry
NtModifyBootEntry
RegSaveKeyEx
NtSaveKeyEx
NtCreateUserProcess
NtModifyBootEntry
RegSaveKeyEx
RegSaveKeyEx
RegCreateKeyEx
NtModifyBootEntry
RegCreateKeyEx
NtCreateProcessEx
NtModifyBootEntry
NtSaveKeyEx
NtModifyBootEntry
NtCreateThreadEx
NtModifyBootEntry
NtCreateProcessEx
RegCreateKeyEx
NtWriteFile
NtSaveKeyEx
NtSaveKeyEx
NtCreateProcessEx
NtOpenKeyEx
NtWriteFile
NtCreateThreadEx
RegSaveKeyEx
NtCreateProcessEx
NtCreateProcessEx
NtCreateProcessEx
NtSetTimerEx
RegCreateKeyEx
NtWriteFile
NtModifyBootEntry
NtCreateProcessEx
RegSaveKeyEx
NtWriteFile
NtWriteFile
NtSetTimerEx
NtDisplayString
NtOpenKeyEx
NtReadFile
NtCreateThreadEx
NtCreateProcessEx
NtCreateProcessEx
NtDrawText
RegSaveKeyEx
NtWriteFile
RegCreateKeyEx
NtDrawText
NtSetTimerEx
RegSaveKeyEx
RegCreateKeyEx
NtSaveKeyEx
NtWriteFile
NtCreateThreadEx
RegSaveKeyEx
RegCreateKeyEx
RegCreateKeyEx
NtSaveKeyEx
NtSaveKeyEx
NtWriteFile
NtCreateProcessEx
NtSetTimerEx
NtSetTimerEx
NtCreateProcessEx
NtCreateThreadEx
RegCreateKeyEx
NtModifyBootEntry
RegSaveKeyEx
NtSetTimerEx
NtSetTimerEx
NtModifyBootEntry
RegCreateKeyEx
RegSaveKeyEx
RegCreateKeyEx
NtWriteFile
NtCreateProcessEx
NtSaveKeyEx
NtSetTimerEx
RegCreateKeyEx
NtSaveKeyEx
NtSetTimerEx
NtModifyBootEntry
NtModifyBootEntry
NtModifyBootEntry
NtOpenFile
RegCreateKeyEx
NtWriteFile
NtWriteFile
RegSaveKeyEx
NtWriteFile
NtSaveKeyEx
NtSaveKeyEx
NtSaveKeyEx
NtModifyBootEntry
NtCreateThreadEx
NtCreateThreadEx
NtSaveKeyEx
NtCreateProcessEx
NtModifyBootEntry
RegCreateKeyEx
RegCreateKeyEx
NtWriteFile
NtCreateThreadEx
NtWriteFile
NtSaveKeyEx
NtModifyBootEntry
NtSetTimerEx
NtCreateThreadEx
NtWriteFile
NtWriteFile
NtDrawText
NtSaveKeyEx
NtSetTimerEx
NtSaveKeyEx
NtModifyBootEntry
RegSaveKeyEx
RegCreateKeyEx
NtCreateProcessEx
NtOpenFile
NtReadFile
NtCreateThreadEx
RegSaveKeyEx
NtModifyBootEntry
NtOpenKeyEx
NtCreateProcessEx
RegSaveKeyEx
RegCreateKeyEx
NtCreateThreadEx
NtWriteFile
NtSetTimerEx
NtWriteFile
NtCreateProcessEx
NtCreateProcessEx
RegCreateKeyEx
NtModifyBootEntry
NtCreateProcessEx
RegSaveKeyEx
RegCreateKeyEx
NtSetTimerEx
NtSetTimerEx
NtCreateUserProcess
RegCreateKeyEx
RegCreateKeyEx
NtDrawText
NtOpenKeyEx
NtSetTimerEx
NtModifyBootEntry
NtSaveKeyEx
NtCreateThreadEx
NtWriteFile
RegCreateKeyEx
NtSaveKeyEx
NtSetTimerEx
RegCreateKeyEx
NtCreateProcessEx
NtDrawText
NtModifyBootEntry
NtSetTimerEx
RegCreateKeyEx
NtReadFile
NtWriteFile
NtQueryDirectoryFile
NtSetTimerEx
NtDisplayString
RegSaveKeyEx
NtCreateThreadEx
NtWriteFile
NtWriteFile
RegCreateKeyEx
RegSaveKeyEx
NtSaveKeyEx
NtSetTimerEx
NtWriteFile
NtCreateThreadEx
NtCreateThreadEx
NtReadFile
NtCreateThreadEx
RegCreateKeyEx
RegSaveKeyEx
RegSaveKeyEx
NtWriteFile
NtCreateThreadEx
NtSetTimerEx
NtCreateProcessEx
NtWriteFile
NtCreateProcessEx
NtCreateThreadEx
NtWriteFile
NtCreateThreadEx
NtModifyBootEntry
RegCreateKeyEx
NtCreateProcessEx
NtModifyBootEntry
NtWriteFile
NtSetTimerEx
NtWriteFile
NtModifyBootEntry
NtSetTimerEx
NtWriteFile
NtOpenTimer
NtModifyBootEntry
NtWriteFile
NtCreateThreadEx
RegCreateKeyEx
NtCreateUserProcess
NtSaveKeyEx
RegSaveKeyEx
NtWriteFile
NtCreateThreadEx
NtModifyBootEntry
RegCreateKeyEx
NtCreateProcessEx
NtSaveKeyEx
NtCreateProcessEx
RegCreateKeyEx
RegCreateKeyEx
NtReadFile
RegSaveKeyEx
RegSaveKeyEx
RegSaveKeyEx
NtSetTimerEx
NtSaveKeyEx
NtCreateProcessEx
RegCreateKeyEx
RegSaveKeyEx
RegCreateKeyEx
NtQueryDirectoryFile
NtCreateThreadEx
RegCreateKeyEx
NtSetTimerEx
NtWriteFile
NtWriteFile
NtSaveKeyEx
NtCreateUserProcess
RegCreateKeyEx
NtWriteFile
NtSaveKeyEx
NtCreateProcessEx
NtCreateThreadEx
NtWriteFile
NtWriteFile
NtWriteFile
NtModifyBootEntry
RegCreateKeyEx
NtSetTimerEx
NtWriteFile
NtSetTimerEx
NtSaveKeyEx
NtWriteFile
NtCreateThreadEx
NtCreateThreadEx
RegCreateKeyEx
NtCreateThreadEx
RegCreateKeyEx
NtWriteFile
NtModifyBootEntry
NtCreateThreadEx
NtModifyBootEntry
NtSaveKeyEx
NtSaveKeyEx
NtReadFile
NtModifyBootEntry
NtSetTimerEx
RegSaveKeyEx
RegSaveKeyEx
NtSetTimerEx
NtSetTimerEx
RegCreateKeyEx
NtCreateThreadEx
RegCreateKeyEx
NtModifyBootEntry
NtCreateProcessEx
NtSetTimerEx
NtSetTimerEx
NtModifyBootEntry
RegSaveKeyEx
NtCreateProcessEx
RegSaveKeyEx
NtOpenTimer
RegSaveKeyEx
NtSaveKeyEx
NtSetTimerEx
NtWriteFile
NtWriteFile
RegCreateKeyEx
RegCreateKeyEx
RegCreateKeyEx
NtModifyBootEntry
NtSaveKeyEx
NtModifyBootEntry
NtSetTimerEx
NtCreateThreadEx
NtWriteFile
NtModifyBootEntry
NtModifyBootEntry
NtCreateProcessEx
NtDrawText
RegSaveKeyEx
RegCreateKeyEx
NtCreateProcessEx
NtWriteFile
NtCreateThreadEx
NtCreateProcessEx
NtSaveKeyEx
NtCreateProcessEx
NtSaveKeyEx
NtModifyBootEntry
RegCreateKeyEx
NtSetTimerEx
NtWriteFile
NtModifyBootEntry
NtCreateThreadEx
NtQueryDirectoryFile
NtReadFile
NtModifyBootEntry
RegCreateKeyEx
NtWriteFile
NtSaveKeyEx
RegCreateKeyEx
NtCreateThreadEx
RegSaveKeyEx
NtSaveKeyEx
NtQueryDirectoryFile
NtSetTimerEx
NtWriteFile
NtWriteFile
NtCreateProcessEx
RegCreateKeyEx
NtModifyBootEntry
NtSetTimerEx
RegSaveKeyEx
RegSaveKeyEx
NtDrawText
NtModifyBootEntry
NtCreateThreadEx
RegCreateKeyEx
RegCreateKeyEx
NtSetTimerEx
NtSaveKeyEx
NtWriteFile
NtCreateProcessEx
NtWriteFile
RegSaveKeyEx
NtCreateThreadEx
NtCreateThreadEx
NtModifyBootEntry
NtReadFile
NtSetTimerEx
NtWriteFile
RegSaveKeyEx
NtCreateThreadEx
NtSaveKeyEx
RegCreateKeyEx
NtReadFile
NtOpenKeyEx
NtModifyBootEntry
RegSaveKeyEx
RegCreateKeyEx
NtCreateProcessEx
NtCreateProcessEx
NtSetTimerEx
NtCreateThreadEx
NtSetTimerEx
NtCreateThreadEx
NtCreateThreadEx
NtOpenTimer
NtModifyBootEntry
NtQueryDirectoryFile
NtQueryDirectoryFile
NtCreateThreadEx
NtCreateThreadEx
NtCreateThreadEx
NtWriteFile
NtSaveKeyEx
NtQueryDirectoryFile
NtSetTimerEx
RegCreateKeyEx
NtWriteFile
RegCreateKeyEx
NtWriteFile
RegSaveKeyEx
NtSetTimerEx
RegSaveKeyEx
RegSaveKeyEx
NtReadFile
RegCreateKeyEx
NtCreateUserProcess
NtSaveKeyEx
NtCreateProcessEx
NtDisplayString
NtSetTimerEx
RegSaveKeyEx
NtWriteFile
NtCreateProcessEx
NtCreateThreadEx
NtReadFile
NtModifyBootEntry
NtSaveKeyEx
NtCreateUserProcess
NtSaveKeyEx
NtSaveKeyEx
NtCreateProcessEx
RegCreateKeyEx
NtCreateThreadEx
NtSaveKeyEx
NtSaveKeyEx
NtWriteFile
RegCreateKeyEx
NtModifyBootEntry
NtWriteFile
NtSaveKeyEx
NtReadFile
NtCreateThreadEx
RegCreateKeyEx
NtSetTimerEx
RegSaveKeyEx
NtSetTimerEx
NtWriteFile
NtCreateProcessEx
NtWriteFile
NtSetTimerEx
NtCreateThreadEx
NtWriteFile
NtSaveKeyEx
RegSaveKeyEx
NtModifyBootEntry
NtCreateThreadEx
NtDisplayString
NtCreateThreadEx
NtWriteFile
NtCreateThreadEx
NtDisplayString
NtQueryDirectoryFile
NtModifyBootEntry
NtWriteFile
NtSetTimerEx
NtCreateThreadEx
NtWriteFile
NtCreateProcessEx
NtSetTimerEx
NtSetTimerEx
NtCreateThreadEx
RegCreateKeyEx
NtSaveKeyEx
RegCreateKeyEx
NtOpenFile
NtCreateThreadEx
NtSetTimerEx
NtCreateThreadEx
NtSaveKeyEx
NtCreateProcessEx
NtDisplayString
NtWriteFile
NtCreateProcessEx
NtWriteFile
NtCreateThreadEx
NtSaveKeyEx
NtSetTimerEx
NtCreateProcessEx
NtCreateProcessEx
RegCreateKeyEx
NtSetTimerEx
NtSaveKeyEx
NtCreateUserProcess
NtSaveKeyEx
RegSaveKeyEx
NtSaveKeyEx
NtModifyBootEntry
NtOpenKeyEx
RegCreateKeyEx
NtModifyBootEntry
NtSetTimerEx
RegCreateKeyEx
NtCreateUserProcess
NtCreateProcessEx
NtSaveKeyEx
NtSetTimerEx
RegCreateKeyEx
NtSaveKeyEx
NtSaveKeyEx
NtSaveKeyEx
NtWriteFile
NtModifyBootEntry
RegCreateKeyEx
NtCreateThreadEx
NtWriteFile
NtModifyBootEntry
NtCreateThreadEx
NtWriteFile
RegSaveKeyEx
NtCreateProcessEx
NtSaveKeyEx
NtDisplayString
NtSaveKeyEx
NtCreateProcessEx
NtSetTimerEx
NtModifyBootEntry
NtCreateThreadEx
NtCreateProcessEx
RegSaveKeyEx
NtQueryDirectoryFile
NtModifyBootEntry
RegCreateKeyEx
RegSaveKeyEx
RegCreateKeyEx
NtSetTimerEx
NtSaveKeyEx
RegCreateKeyEx
RegCreateKeyEx
NtWriteFile
NtSaveKeyEx
NtCreateProcessEx
NtSetTimerEx
RegCreateKeyEx
RegSaveKeyEx
RegCreateKeyEx
RegCreateKeyEx
NtWriteFile
RegSaveKeyEx
NtOpenKeyEx
NtSetTimerEx
RegSaveKeyEx
NtModifyBootEntry
NtModifyBootEntry
RegSaveKeyEx
NtWriteFile
NtOpenKeyEx
NtSetTimerEx
NtSetTimerEx
RegCreateKeyEx
NtModifyBootEntry
RegSaveKeyEx
NtCreateThreadEx
NtCreateThreadEx
NtModifyBootEntry
NtWriteFile
NtDrawText
NtOpenFile
NtCreateProcessEx
RegSaveKeyEx
NtDrawText
NtSetTimerEx
NtDrawText
NtModifyBootEntry
NtModifyBootEntry
NtModifyBootEntry
NtSetTimerEx
NtModifyBootEntry
NtModifyBootEntry
NtModifyBootEntry
RegCreateKeyEx
NtCreateThreadEx
RegSaveKeyEx
NtModifyBootEntry
NtWriteFile
RegSaveKeyEx
NtCreateThreadEx
NtWriteFile
RegSaveKeyEx
RegCreateKeyEx
RegCreateKeyEx
NtSaveKeyEx
NtSetTimerEx
NtWriteFile
NtCreateProcessEx
NtCreateProcessEx
NtSetTimerEx
RegSaveKeyEx
NtModifyBootEntry
NtModifyBootEntry
NtCreateProcessEx
NtCreateProcessEx
NtWriteFile
NtModifyBootEntry
RegSaveKeyEx
RegSaveKeyEx
NtWriteFile
NtCreateProcessEx
NtWriteFile
NtCreateProcessEx
NtCreateThreadEx
NtCreateThreadEx
NtDisplayString
NtCreateProcessEx
NtSetTimerEx
NtWriteFile
NtCreateThreadEx
NtSetTimerEx
RegSaveKeyEx
NtSaveKeyEx
RegSaveKeyEx
NtSetTimerEx
RegCreateKeyEx
NtSetTimerEx
RegCreateKeyEx
RegSaveKeyEx
RegCreateKeyEx
NtSaveKeyEx
NtSetTimerEx
NtSaveKeyEx
NtSaveKeyEx
NtSetTimerEx
NtCreateThreadEx
NtSetTimerEx
NtWriteFile
NtSetTimerEx
RegSaveKeyEx
NtCreateThreadEx
NtCreateProcessEx
NtWriteFile
NtSetTimerEx
NtSetTimerEx
RegSaveKeyEx
NtSetTimerEx
RegSaveKeyEx
RegCreateKeyEx
NtSetTimerEx
NtModifyBootEntry
NtSetTimerEx
NtWriteFile
RegSaveKeyEx
RegSaveKeyEx
NtModifyBootEntry
RegSaveKeyEx
NtCreateThreadEx
NtWriteFile
NtOpenFile
RegCreateKeyEx
NtCreateProcessEx
NtQueryDirectoryFile
NtCreateProcessEx
RegSaveKeyEx
NtSetTimerEx
RegSaveKeyEx
NtCreateThreadEx
NtSaveKeyEx
NtCreateProcessEx
RegSaveKeyEx
RegCreateKeyEx
RegSaveKeyEx
RegCreateKeyEx
NtModifyBootEntry
RegSaveKeyEx
NtModifyBootEntry
NtSetTimerEx
RegSaveKeyEx
NtModifyBootEntry
NtWriteFile
RegCreateKeyEx
NtCreateThreadEx
RegCreateKeyEx
NtModifyBootEntry
NtCreateProcessEx
NtSaveKeyEx
NtCreateThreadEx
NtCreateThreadEx
NtReadFile
NtOpenFile
NtWriteFile
NtOpenFile
NtSetTimerEx
RegSaveKeyEx
NtSetTimerEx
RegCreateKeyEx
RegSaveKeyEx
NtSetTimerEx
NtCreateThreadEx
NtWriteFile
NtCreateThreadEx
NtCreateThreadEx
NtModifyBootEntry
NtSaveKeyEx
NtOpenTimer
RegCreateKeyEx
NtSetTimerEx
NtWriteFile
NtWriteFile
RegSaveKeyEx
NtCreateThreadEx
NtModifyBootEntry
NtOpenFile
RegSaveKeyEx
NtModifyBootEntry
NtCreateThreadEx
RegCreateKeyEx
NtSetTimerEx
NtOpenKeyEx
NtSaveKeyEx
NtWriteFile
NtModifyBootEntry
NtSaveKeyEx
RegSaveKeyEx
NtCreateUserProcess
NtWriteFile
NtSaveKeyEx
RegCreateKeyEx
NtCreateThreadEx
NtCreateThreadEx
NtSaveKeyEx
NtSetTimerEx
NtSetTimerEx
RegCreateKeyEx
RegCreateKeyEx
NtWriteFile
NtModifyBootEntry
NtSaveKeyEx
NtSaveKeyEx
NtSetTimerEx
RegCreateKeyEx
NtWriteFile
NtModifyBootEntry
