NtWriteFile
NtModifyBootEntry
NtModifyBootEntry
NtCreateProcessEx
NtSetTimerEx
NtSetTimerEx
NtSaveKeyEx
NtModifyBootEntry
NtCreateProcessEx
RegCreateKeyEx
NtSetTimerEx
NtCreateThreadEx
RegSaveKeyEx
NtWriteFile
NtWriteFile
NtWriteFile
RegSaveKeyEx
NtCreateProcessEx
NtSetTimerEx
NtWriteFile
NtCreateProcessEx
NtSaveKeyEx
NtModifyBootEntry
NtCreateProcessEx
RegSaveKeyEx
RegCreateKeyEx
NtSaveKeyEx
NtQueryDirectoryFile
NtQueryDirectoryFile
NtDisplayString
RegCreateKeyEx
NtWriteFile
NtSaveKeyEx
NtReadFile
RegSaveKeyEx
NtSetTimerEx
NtWriteFile
NtOpenFile
NtWriteFile
NtWriteFile
RegSaveKeyEx
NtModifyBootEntry
NtCreateThreadEx
RegSaveKeyEx
NtSetTimerEx
RegCreateKeyEx
NtSetTimerEx
RegCreateKeyEx
RegCreateKeyEx
NtWriteFile
RegSaveKeyEx
NtModifyBootEntry
NtOpenFile
NtWriteFile
NtSetTimerEx
RegCreateKeyEx
NtModifyBootEntry
NtCreateProcessEx
NtCreateThreadEx
NtSaveKeyEx
NtCreateThreadEx
NtSetTimerEx
NtWriteFile
NtCreateThreadEx
NtWriteFile
RegCreateKeyEx
NtModifyBootEntry
NtCreateThreadEx
NtCreateProcessEx
NtWriteFile
NtSaveKeyEx
NtDisplayString
RegSaveKeyEx
NtDisplayString
NtModifyBootEntry
NtCreateThreadEx
NtSetTimerEx
RegSaveKeyEx
NtModifyBootEntry
NtCreateThreadEx
NtCreateProcessEx
NtSetTimerEx
NtCreateProcessEx
NtModifyBootEntry
RegSaveKeyEx
NtOpenTimer
RegCreateKeyEx
NtCreateThreadEx
NtSetTimerEx
RegCreateKeyEx
NtQueryDirectoryFile
RegSaveKeyEx
NtQueryDirectoryFile
RegSaveKeyEx
NtCreateProcessEx
NtWriteFile
NtCreateProcessEx
RegCreateKeyEx
NtSaveKeyEx
NtCreateProcessEx
NtSetTimerEx
NtDrawText
RegSaveKeyEx
NtCreateProcessEx
NtCreateProcessEx
NtCreateThreadEx
NtCreateThreadEx
RegCreateKeyEx
NtDisplayString
NtCreateThreadEx
NtWriteFile
NtCreateThreadEx
NtSaveKeyEx
NtSaveKeyEx
RegSaveKeyEx
RegSaveKeyEx
NtSetTimerEx
RegCreateKeyEx
NtCreateProcessEx
NtWriteFile
NtCreateUserProcess
NtCreateProcessEx
NtSetTimerEx
NtOpenTimer
NtWriteFile
NtCreateThreadEx
NtCreateProcessEx
NtCreateThreadEx
NtSaveKeyEx
NtSetTimerEx
NtSaveKeyEx
RegCreateKeyEx
NtCreateProcessEx
RegCreateKeyEx
NtSaveKeyEx
NtCreateProcessEx
RegSaveKeyEx
NtSetTimerEx
NtCreateProcessEx
NtSaveKeyEx
NtModifyBootEntry
NtSaveKeyEx
NtWriteFile
RegCreateKeyEx
NtSetTimerEx
NtCreateThreadEx
NtCreateThreadEx
NtCreateProcessEx
RegCreateKeyEx
NtSetTimerEx
NtCreateThreadEx
NtCreateThreadEx
RegCreateKeyEx
NtQueryDirectoryFile
RegSaveKeyEx
NtSaveKeyEx
NtSaveKeyEx
RegSaveKeyEx
NtCreateThreadEx
NtSaveKeyEx
NtCreateThreadEx
NtDrawText
NtModifyBootEntry
NtCreateThreadEx
RegSaveKeyEx
RegSaveKeyEx
NtQueryDirectoryFile
NtSetTimerEx
RegSaveKeyEx
NtCreateProcessEx
NtSaveKeyEx
NtSetTimerEx
NtCreateProcessEx
RegSaveKeyEx
NtSaveKeyEx
NtOpenKeyEx
NtCreateProcessEx
NtCreateThreadEx
NtCreateProcessEx
NtWriteFile
NtCreateProcessEx
NtCreateProcessEx
NtWriteFile
RegSaveKeyEx
NtSetTimerEx
RegCreateKeyEx
NtOpenFile
RegCreateKeyEx
RegSaveKeyEx
NtCreateProcessEx
NtOpenTimer
NtCreateProcessEx
NtCreateThreadEx
RegSaveKeyEx
NtSetTimerEx
RegCreateKeyEx
NtCreateProcessEx
NtCreateProcessEx
NtSetTimerEx
RegSaveKeyEx
NtModifyBootEntry
NtCreateThreadEx
NtModifyBootEntry
NtSetTimerEx
NtSaveKeyEx
NtReadFile
NtDisplayString
NtModifyBootEntry
RegCreateKeyEx
RegCreateKeyEx
NtDisplayString
NtCreateProcessEx
RegCreateKeyEx
NtQueryDirectoryFile
RegCreateKeyEx
NtSetTimerEx
NtSetTimerEx
RegCreateKeyEx
RegSaveKeyEx
NtSetTimerEx
RegSaveKeyEx
NtOpenKeyEx
NtCreateProcessEx
RegCreateKeyEx
RegCreateKeyEx
NtModifyBootEntry
NtModifyBootEntry
NtCreateProcessEx
NtCreateThreadEx
NtCreateThreadEx
RegSaveKeyEx
NtOpenKeyEx
NtWriteFile
NtCreateThreadEx
RegSaveKeyEx
NtSetTimerEx
NtModifyBootEntry
NtOpenKeyEx
RegCreateKeyEx
RegCreateKeyEx
NtWriteFile
NtOpenTimer
NtSetTimerEx
NtSetTimerEx
NtWriteFile
NtSetTimerEx
NtCreateThreadEx
NtSaveKeyEx
NtCreateThreadEx
NtOpenKeyEx
RegSaveKeyEx
NtSetTimerEx
NtCreateThreadEx
RegCreateKeyEx
NtSaveKeyEx
RegSaveKeyEx
NtSaveKeyEx
NtWriteFile
RegCreateKeyEx
NtCreateThreadEx
NtCreateProcessEx
NtOpenKeyEx
NtSetTimerEx
NtCreateThreadEx
NtOpenTimer
NtSaveKeyEx
NtSaveKeyEx
NtModifyBootEntry
RegSaveKeyEx
RegCreateKeyEx
NtCreateThreadEx
NtReadFile
RegCreateKeyEx
NtModifyBootEntry
NtModifyBootEntry
RegCreateKeyEx
NtCreateThreadEx
RegCreateKeyEx
NtModifyBootEntry
NtSaveKeyEx
RegCreateKeyEx
NtSetTimerEx
NtModifyBootEntry
RegSaveKeyEx
NtCreateThreadEx
NtWriteFile
NtSetTimerEx
NtCreateThreadEx
RegSaveKeyEx
NtSaveKeyEx
RegCreateKeyEx
NtCreateProcessEx
NtSetTimerEx
NtCreateThreadEx
NtDrawText
NtDisplayString
NtSetTimerEx
RegSaveKeyEx
NtSetTimerEx
NtModifyBootEntry
NtCreateThreadEx
NtSaveKeyEx
NtSetTimerEx
RegCreateKeyEx
NtWriteFile
NtModifyBootEntry
NtSetTimerEx
NtSaveKeyEx
RegCreateKeyEx
NtSetTimerEx
NtCreateThreadEx
NtModifyBootEntry
NtSetTimerEx
NtSaveKeyEx
RegCreateKeyEx
NtCreateThreadEx
NtSaveKeyEx
NtCreateProcessEx
RegCreateKeyEx
NtSaveKeyEx
NtCreateProcessEx
RegSaveKeyEx
NtSetTimerEx
NtWriteFile
NtSaveKeyEx
NtSetTimerEx
NtSetTimerEx
NtDrawText
NtCreateThreadEx
NtSaveKeyEx
NtWriteFile
NtCreateProcessEx
NtWriteFile
RegCreateKeyEx
NtWriteFile
NtDrawText
NtWriteFile
NtSaveKeyEx
NtSaveKeyEx
NtModifyBootEntry
RegCreateKeyEx
NtModifyBootEntry
NtModifyBootEntry
NtCreateProcessEx
RegSaveKeyEx
RegSaveKeyEx
RegCreateKeyEx
NtSetTimerEx
NtReadFile
NtCreateProcessEx
RegSaveKeyEx
NtSaveKeyEx
NtWriteFile
NtModifyBootEntry
NtCreateThreadEx
NtCreateProcessEx
NtWriteFile
NtModifyBootEntry
NtWriteFile
RegCreateKeyEx
NtDisplayString
NtQueryDirectoryFile
NtSetTimerEx
NtCreateThreadEx
RegCreateKeyEx
NtCreateProcessEx
RegCreateKeyEx
NtModifyBootEntry
NtSaveKeyEx
NtCreateThreadEx
RegSaveKeyEx
NtSaveKeyEx
NtCreateProcessEx
NtModifyBootEntry
NtModifyBootEntry
NtWriteFile
RegCreateKeyEx
NtQueryDirectoryFile
NtModifyBootEntry
NtWriteFile
NtWriteFile
RegSaveKeyEx
NtDrawText
NtSetTimerEx
NtCreateProcessEx
NtSetTimerEx
NtWriteFile
NtModifyBootEntry
RegSaveKeyEx
RegSaveKeyEx
NtWriteFile
RegSaveKeyEx
NtCreateProcessEx
NtModifyBootEntry
NtReadFile
NtCreateProcessEx
NtCreateProcessEx
RegSaveKeyEx
NtCreateThreadEx
RegSaveKeyEx
NtModifyBootEntry
NtOpenTimer
RegSaveKeyEx
NtWriteFile
RegCreateKeyEx
NtCreateThreadEx
NtModifyBootEntry
NtSetTimerEx
NtSetTimerEx
NtQueryDirectoryFile
NtCreateProcessEx
NtCreateProcessEx
RegSaveKeyEx
NtWriteFile
NtCreateThreadEx
RegSaveKeyEx
NtSetTimerEx
NtCreateThreadEx
NtCreateProcessEx
NtOpenKeyEx
NtOpenFile
RegCreateKeyEx
RegSaveKeyEx
RegSaveKeyEx
RegCreateKeyEx
RegCreateKeyEx
NtOpenTimer
NtCreateThreadEx
NtSaveKeyEx
NtSaveKeyEx
RegCreateKeyEx
NtModifyBootEntry
RegCreateKeyEx
NtSaveKeyEx
NtCreateThreadEx
RegSaveKeyEx
NtModifyBootEntry
NtDrawText
RegSaveKeyEx
NtQueryDirectoryFile
NtDrawText
NtModifyBootEntry
NtSetTimerEx
RegSaveKeyEx
RegCreateKeyEx
RegSaveKeyEx
NtCreateThreadEx
NtSetTimerEx
NtCreateUserProcess
NtWriteFile
NtModifyBootEntry
RegSaveKeyEx
NtSetTimerEx
RegCreateKeyEx
NtWriteFile
NtCreateThreadEx
NtOpenFile
NtReadFile
NtSaveKeyEx
NtCreateProcessEx
RegSaveKeyEx
NtWriteFile
NtWriteFile
NtCreateThreadEx
RegCreateKeyEx
NtModifyBootEntry
NtCreateUserProcess
NtOpenKeyEx
NtModifyBootEntry
NtWriteFile
NtCreateThreadEx
RegCreateKeyEx
NtCreateThreadEx
NtSaveKeyEx
NtCreateProcessEx
RegSaveKeyEx
RegSaveKeyEx
NtCreateProcessEx
NtSetTimerEx
RegSaveKeyEx
RegCreateKeyEx
NtSetTimerEx
NtDisplayString
RegCreateKeyEx
NtWriteFile
NtSetTimerEx
RegCreateKeyEx
NtWriteFile
NtCreateThreadEx
NtSaveKeyEx
NtSaveKeyEx
NtReadFile
RegSaveKeyEx
NtSaveKeyEx
NtCreateProcessEx
NtSaveKeyEx
NtCreateThreadEx
RegCreateKeyEx
NtCreateThreadEx
NtDrawText
RegSaveKeyEx
NtModifyBootEntry
RegSaveKeyEx
NtCreateThreadEx
NtSetTimerEx
RegCreateKeyEx
NtSetTimerEx
RegSaveKeyEx
NtModifyBootEntry
RegSaveKeyEx
NtModifyBootEntry
NtCreateProcessEx
NtDisplayString
RegCreateKeyEx
NtModifyBootEntry
NtModifyBootEntry
NtCreateThreadEx
NtModifyBootEntry
NtCreateProcessEx
NtCreateProcessEx
NtWriteFile
RegSaveKeyEx
NtSaveKeyEx
NtModifyBootEntry
RegCreateKeyEx
RegCreateKeyEx
NtSetTimerEx
NtSetTimerEx
RegSaveKeyEx
RegCreateKeyEx
NtSaveKeyEx
NtCreateProcessEx
NtDrawText
NtSaveKeyEx
RegSaveKeyEx
NtWriteFile
RegCreateKeyEx
RegSaveKeyEx
NtCreateThreadEx
NtDisplayString
NtWriteFile
NtSetTimerEx
RegSaveKeyEx
NtCreateProcessEx
NtWriteFile
RegCreateKeyEx
NtModifyBootEntry
NtModifyBootEntry
NtCreateProcessEx
NtCreateProcessEx
NtModifyBootEntry
NtSaveKeyEx
NtSaveKeyEx
RegSaveKeyEx
NtCreateThreadEx
NtDrawText
NtOpenFile
NtModifyBootEntry
RegCreateKeyEx
NtCreateProcessEx
RegSaveKeyEx
NtDrawText
NtWriteFile
NtSaveKeyEx
NtSetTimerEx
RegCreateKeyEx
NtCreateProcessEx
NtCreateThreadEx
NtCreateThreadEx
RegSaveKeyEx
NtCreateProcessEx
NtOpenTimer
NtSaveKeyEx
NtSetTimerEx
RegSaveKeyEx
RegCreateKeyEx
NtCreateUserProcess
NtModifyBootEntry
NtDisplayString
NtSaveKeyEx
NtModifyBootEntry
NtWriteFile
NtCreateProcessEx
NtCreateProcessEx
NtCreateProcessEx
NtSetTimerEx
RegSaveKeyEx
NtCreateThreadEx
NtCreateThreadEx
NtWriteFile
NtWriteFile
NtWriteFile
NtCreateUserProcess
NtWriteFile
NtSaveKeyEx
RegSaveKeyEx
RegCreateKeyEx
NtSetTimerEx
NtCreateThreadEx
NtSaveKeyEx
RegSaveKeyEx
NtCreateThreadEx
NtSaveKeyEx
NtCreateProcessEx
NtDrawText
NtSaveKeyEx
NtModifyBootEntry
RegSaveKeyEx
NtSetTimerEx
NtOpenTimer
NtModifyBootEntry
NtSaveKeyEx
RegSaveKeyEx
RegCreateKeyEx
NtOpenFile
NtCreateProcessEx
NtSaveKeyEx
NtCreateThreadEx
NtDrawText
NtSaveKeyEx
RegSaveKeyEx
NtModifyBootEntry
NtCreateThreadEx
RegCreateKeyEx
NtWriteFile
NtSaveKeyEx
RegCreateKeyEx
RegCreateKeyEx
NtDrawText
RegSaveKeyEx
RegSaveKeyEx
NtSaveKeyEx
NtCreateThreadEx
NtOpenTimer
NtSaveKeyEx
NtSetTimerEx
NtWriteFile
NtCreateThreadEx
NtDisplayString
RegCreateKeyEx
