NtCreateThreadEx
NtModifyBootEntry
RegCreateKeyEx
RegSaveKeyEx
NtSaveKeyEx
NtWriteFile
RegSaveKeyEx
RegCreateKeyEx
NtCreateProcessEx
NtWriteFile
NtSetTimerEx
NtModifyBootEntry
NtDisplayString
NtModifyBootEntry
NtWriteFile
NtModifyBootEntry
NtWriteFile
RegCreateKeyEx
NtCreateUserProcess
NtCreateThreadEx
NtCreateProcessEx
NtCreateProcessEx
RegCreateKeyEx
NtWriteFile
NtSaveKeyEx
RegSaveKeyEx
NtModifyBootEntry
NtCreateThreadEx
NtWriteFile
NtWriteFile
NtWriteFile
RegSaveKeyEx
NtCreateProcessEx
NtSetTimerEx
RegCreateKeyEx
NtCreateProcessEx
RegCreateKeyEx
NtSaveKeyEx
NtModifyBootEntry
RegSaveKeyEx
RegSaveKeyEx
NtModifyBootEntry
NtSaveKeyEx
NtModifyBootEntry
NtModifyBootEntry
RegCreateKeyEx
NtModifyBootEntry
NtWriteFile
RegCreateKeyEx
NtSetTimerEx
NtModifyBootEntry
NtCreateThreadEx
NtModifyBootEntry
NtWriteFile
NtModifyBootEntry
NtWriteFile
NtModifyBootEntry
RegSaveKeyEx
RegCreateKeyEx
RegSaveKeyEx
NtCreateProcessEx
NtCreateThreadEx
NtOpenTimer
NtWriteFile
NtSetTimerEx
NtModifyBootEntry
NtSaveKeyEx
NtSetTimerEx
NtSetTimerEx
NtCreateThreadEx
NtDrawText
NtModifyBootEntry
NtWriteFile
NtModifyBootEntry
NtSaveKeyEx
NtModifyBootEntry
NtOpenTimer
NtWriteFile
NtModifyBootEntry
NtModifyBootEntry
NtModifyBootEntry
RegCreateKeyEx
RegCreateKeyEx
NtCreateThreadEx
NtCreateUserProcess
NtModifyBootEntry
NtSaveKeyEx
NtCreateUserProcess
NtSetTimerEx
RegCreateKeyEx
NtWriteFile
NtSaveKeyEx
NtCreateThreadEx
NtSetTimerEx
RegSaveKeyEx
NtWriteFile
NtCreateThreadEx
NtCreateProcessEx
NtWriteFile
NtCreateThreadEx
RegSaveKeyEx
NtWriteFile
NtSaveKeyEx
NtWriteFile
NtModifyBootEntry
NtSaveKeyEx
NtCreateProcessEx
RegCreateKeyEx
RegCreateKeyEx
NtCreateProcessEx
NtCreateThreadEx
NtModifyBootEntry
RegSaveKeyEx
NtCreateProcessEx
NtModifyBootEntry
NtWriteFile
NtCreateProcessEx
NtCreateProcessEx
NtModifyBootEntry
NtSaveKeyEx
NtCreateThreadEx
NtModifyBootEntry
RegCreateKeyEx
RegCreateKeyEx
RegCreateKeyEx
NtModifyBootEntry
NtSaveKeyEx
NtCreateProcessEx
NtSetTimerEx
NtSaveKeyEx
RegCreateKeyEx
NtCreateThreadEx
NtSetTimerEx
NtModifyBootEntry
NtCreateThreadEx
NtCreateProcessEx
RegSaveKeyEx
NtOpenFile
NtCreateThreadEx
NtSetTimerEx
NtWriteFile
NtCreateThreadEx
NtSetTimerEx
NtOpenTimer
NtModifyBootEntry
NtSetTimerEx
NtModifyBootEntry
NtWriteFile
NtQueryDirectoryFile
NtSetTimerEx
NtModifyBootEntry
NtSetTimerEx
NtWriteFile
RegSaveKeyEx
NtSetTimerEx
NtModifyBootEntry
NtSaveKeyEx
NtSetTimerEx
NtCreateThreadEx
RegCreateKeyEx
NtOpenTimer
NtSetTimerEx
NtSaveKeyEx
NtSetTimerEx
NtModifyBootEntry
NtModifyBootEntry
NtModifyBootEntry
NtSaveKeyEx
NtCreateProcessEx
RegSaveKeyEx
NtCreateProcessEx
RegSaveKeyEx
NtCreateThreadEx
NtCreateThreadEx
NtSaveKeyEx
NtSaveKeyEx
NtWriteFile
RegSaveKeyEx
NtWriteFile
NtCreateThreadEx
RegCreateKeyEx
NtWriteFile
NtOpenKeyEx
NtSaveKeyEx
NtCreateProcessEx
NtDisplayString
NtCreateThreadEx
NtWriteFile
NtWriteFile
NtModifyBootEntry
NtSaveKeyEx
NtCreateProcessEx
RegSaveKeyEx
NtSetTimerEx
NtWriteFile
NtQueryDirectoryFile
NtWriteFile
NtSaveKeyEx
NtWriteFile
NtWriteFile
RegCreateKeyEx
NtSetTimerEx
NtModifyBootEntry
NtSaveKeyEx
NtCreateUserProcess
RegSaveKeyEx
NtWriteFile
RegCreateKeyEx
NtSetTimerEx
NtCreateProcessEx
RegCreateKeyEx
RegCreateKeyEx
NtModifyBootEntry
NtSaveKeyEx
NtCreateThreadEx
NtSaveKeyEx
NtSaveKeyEx
RegCreateKeyEx
NtCreateProcessEx
RegCreateKeyEx
NtModifyBootEntry
NtCreateProcessEx
RegCreateKeyEx
NtWriteFile
NtModifyBootEntry
NtSetTimerEx
NtModifyBootEntry
NtModifyBootEntry
NtSaveKeyEx
NtCreateProcessEx
NtCreateProcessEx
NtSetTimerEx
NtCreateThreadEx
NtModifyBootEntry
RegCreateKeyEx
NtCreateProcessEx
RegSaveKeyEx
NtModifyBootEntry
NtCreateThreadEx
NtSetTimerEx
NtCreateProcessEx
NtCreateProcessEx
RegCreateKeyEx
RegCreateKeyEx
NtCreateThreadEx
NtCreateProcessEx
NtDisplayString
NtCreateThreadEx
RegCreateKeyEx
NtWriteFile
NtModifyBootEntry
NtModifyBootEntry
NtSetTimerEx
RegSaveKeyEx
NtSetTimerEx
NtModifyBootEntry
NtSetTimerEx
RegSaveKeyEx
NtSaveKeyEx
NtSaveKeyEx
RegSaveKeyEx
NtOpenFile
NtSaveKeyEx
NtCreateProcessEx
NtSaveKeyEx
NtCreateProcessEx
NtSetTimerEx
NtModifyBootEntry
NtModifyBootEntry
RegCreateKeyEx
NtCreateProcessEx
NtWriteFile
NtModifyBootEntry
NtSetTimerEx
NtWriteFile
NtSaveKeyEx
RegSaveKeyEx
NtCreateThreadEx
RegCreateKeyEx
NtCreateProcessEx
NtModifyBootEntry
NtCreateThreadEx
NtModifyBootEntry
NtSetTimerEx
RegSaveKeyEx
NtModifyBootEntry
RegSaveKeyEx
NtWriteFile
RegCreateKeyEx
NtSetTimerEx
NtCreateUserProcess
NtModifyBootEntry
NtWriteFile
RegCreateKeyEx
NtWriteFile
RegCreateKeyEx
NtCreateThreadEx
NtOpenKeyEx
NtWriteFile
RegCreateKeyEx
NtSaveKeyEx
NtSetTimerEx
NtModifyBootEntry
NtOpenTimer
NtModifyBootEntry
NtSaveKeyEx
NtCreateProcessEx
NtWriteFile
NtSetTimerEx
NtDisplayString
NtSetTimerEx
RegCreateKeyEx
NtModifyBootEntry
RegSaveKeyEx
NtSaveKeyEx
RegSaveKeyEx
RegCreateKeyEx
RegCreateKeyEx
NtCreateThreadEx
NtCreateThreadEx
NtReadFile
RegCreateKeyEx
NtSaveKeyEx
NtCreateThreadEx
NtSaveKeyEx
NtWriteFile
NtReadFile
NtSetTimerEx
NtWriteFile
NtCreateThreadEx
NtSaveKeyEx
NtWriteFile
NtSaveKeyEx
NtWriteFile
NtModifyBootEntry
RegSaveKeyEx
NtSaveKeyEx
NtCreateThreadEx
NtModifyBootEntry
NtSaveKeyEx
NtModifyBootEntry
NtOpenTimer
NtCreateThreadEx
NtSetTimerEx
NtCreateProcessEx
NtWriteFile
NtOpenFile
RegSaveKeyEx
RegSaveKeyEx
NtCreateProcessEx
RegCreateKeyEx
NtQueryDirectoryFile
NtWriteFile
NtCreateThreadEx
NtSaveKeyEx
NtModifyBootEntry
NtSetTimerEx
NtWriteFile
RegSaveKeyEx
NtSaveKeyEx
NtSaveKeyEx
RegSaveKeyEx
NtSaveKeyEx
NtWriteFile
NtCreateProcessEx
NtSaveKeyEx
NtCreateProcessEx
NtSetTimerEx
RegCreateKeyEx
NtModifyBootEntry
RegCreateKeyEx
NtWriteFile
NtModifyBootEntry
NtCreateProcessEx
NtCreateProcessEx
NtSetTimerEx
NtCreateProcessEx
NtSetTimerEx
NtModifyBootEntry
NtCreateThreadEx
NtSetTimerEx
RegSaveKeyEx
RegCreateKeyEx
RegSaveKeyEx
RegSaveKeyEx
NtModifyBootEntry
RegSaveKeyEx
NtSaveKeyEx
NtSetTimerEx
NtCreateProcessEx
NtSaveKeyEx
NtOpenKeyEx
NtCreateProcessEx
NtModifyBootEntry
NtWriteFile
NtSaveKeyEx
NtSaveKeyEx
NtCreateProcessEx
NtWriteFile
RegSaveKeyEx
NtSetTimerEx
RegSaveKeyEx
NtModifyBootEntry
NtWriteFile
NtWriteFile
NtModifyBootEntry
NtModifyBootEntry
NtCreateThreadEx
NtSaveKeyEx
NtCreateThreadEx
NtSetTimerEx
NtCreateProcessEx
NtCreateProcessEx
NtWriteFile
NtSaveKeyEx
NtWriteFile
NtCreateProcessEx
NtCreateThreadEx
NtModifyBootEntry
RegCreateKeyEx
NtCreateThreadEx
NtSetTimerEx
NtModifyBootEntry
NtDrawText
NtCreateProcessEx
RegCreateKeyEx
NtModifyBootEntry
NtCreateThreadEx
RegCreateKeyEx
NtReadFile
RegSaveKeyEx
NtCreateProcessEx
RegCreateKeyEx
NtSaveKeyEx
NtModifyBootEntry
NtDrawText
NtSaveKeyEx
NtSaveKeyEx
NtCreateThreadEx
NtSaveKeyEx
NtQueryDirectoryFile
NtWriteFile
NtModifyBootEntry
NtCreateProcessEx
NtModifyBootEntry
NtReadFile
NtModifyBootEntry
RegCreateKeyEx
NtWriteFile
NtCreateProcessEx
NtSaveKeyEx
RegCreateKeyEx
NtCreateThreadEx
RegSaveKeyEx
RegSaveKeyEx
NtCreateThreadEx
RegSaveKeyEx
NtModifyBootEntry
NtSaveKeyEx
RegSaveKeyEx
NtWriteFile
NtCreateProcessEx
NtCreateThreadEx
RegCreateKeyEx
RegCreateKeyEx
NtCreateProcessEx
RegSaveKeyEx
NtSaveKeyEx
RegCreateKeyEx
NtCreateProcessEx
NtWriteFile
NtCreateProcessEx
NtCreateProcessEx
NtWriteFile
NtSetTimerEx
NtSaveKeyEx
RegSaveKeyEx
NtSetTimerEx
NtCreateThreadEx
NtSetTimerEx
NtSetTimerEx
NtCreateThreadEx
NtSetTimerEx
NtCreateProcessEx
NtCreateThreadEx
NtModifyBootEntry
NtModifyBootEntry
RegSaveKeyEx
NtSaveKeyEx
RegSaveKeyEx
NtSaveKeyEx
NtCreateThreadEx
RegCreateKeyEx
NtModifyBootEntry
NtModifyBootEntry
RegCreateKeyEx
NtQueryDirectoryFile
NtWriteFile
RegCreateKeyEx
NtWriteFile
NtCreateThreadEx
NtSaveKeyEx
NtOpenKeyEx
NtWriteFile
RegCreateKeyEx
NtModifyBootEntry
RegSaveKeyEx
RegCreateKeyEx
NtOpenFile
NtSaveKeyEx
NtCreateProcessEx
NtCreateProcessEx
NtDrawText
NtSetTimerEx
NtDrawText
NtQueryDirectoryFile
NtCreateProcessEx
NtCreateProcessEx
NtSaveKeyEx
NtOpenTimer
NtSetTimerEx
NtSaveKeyEx
NtCreateThreadEx
NtCreateThreadEx
NtCreateProcessEx
NtSetTimerEx
RegSaveKeyEx
NtCreateThreadEx
NtCreateUserProcess
NtWriteFile
RegSaveKeyEx
NtCreateProcessEx
NtSetTimerEx
NtWriteFile
RegSaveKeyEx
NtSetTimerEx
RegCreateKeyEx
NtCreateThreadEx
NtWriteFile
NtSaveKeyEx
RegSaveKeyEx
NtCreateProcessEx
NtModifyBootEntry
NtSaveKeyEx
NtSaveKeyEx
RegSaveKeyEx
NtCreateUserProcess
NtModifyBootEntry
NtSaveKeyEx
NtQueryDirectoryFile
NtSetTimerEx
NtWriteFile
NtWriteFile
NtCreateProcessEx
NtSaveKeyEx
NtSetTimerEx
RegSaveKeyEx
NtModifyBootEntry
NtDrawText
RegSaveKeyEx
NtCreateProcessEx
NtWriteFile
NtSaveKeyEx
RegSaveKeyEx
NtCreateProcessEx
NtOpenTimer
NtReadFile
NtSaveKeyEx
NtOpenKeyEx
RegCreateKeyEx
NtSetTimerEx
NtWriteFile
NtCreateProcessEx
NtOpenFile
RegSaveKeyEx
RegCreateKeyEx
RegCreateKeyEx
NtSetTimerEx
RegSaveKeyEx
NtSaveKeyEx
NtWriteFile
RegSaveKeyEx
NtCreateProcessEx
NtSetTimerEx
NtSaveKeyEx
RegSaveKeyEx
NtCreateThreadEx
NtCreateProcessEx
NtCreateThreadEx
NtSetTimerEx
NtCreateProcessEx
RegCreateKeyEx
NtWriteFile
RegSaveKeyEx
NtWriteFile
RegSaveKeyEx
NtSetTimerEx
NtSaveKeyEx
NtCreateThreadEx
NtCreateProcessEx
NtModifyBootEntry
NtSaveKeyEx
NtOpenKeyEx
NtWriteFile
NtWriteFile
NtSaveKeyEx
NtSetTimerEx
NtSetTimerEx
NtOpenFile
NtWriteFile
RegCreateKeyEx
NtCreateThreadEx
NtCreateThreadEx
RegSaveKeyEx
NtModifyBootEntry
NtCreateThreadEx
NtReadFile
NtCreateUserProcess
NtSaveKeyEx
NtModifyBootEntry
NtReadFile
NtSaveKeyEx
NtOpenFile
NtWriteFile
NtCreateThreadEx
NtCreateProcessEx
RegCreateKeyEx
NtSaveKeyEx
NtCreateThreadEx
RegSaveKeyEx
RegCreateKeyEx
NtCreateProcessEx
NtCreateProcessEx
NtSetTimerEx
RegCreateKeyEx
NtSetTimerEx
NtDisplayString
RegCreateKeyEx
RegSaveKeyEx
NtCreateProcessEx
NtCreateThreadEx
RegCreateKeyEx
NtDisplayString
NtCreateThreadEx
NtSaveKeyEx
NtCreateThreadEx
NtWriteFile
NtSetTimerEx
NtWriteFile
RegSaveKeyEx
