NtModifyBootEntry
NtCreateProcessEx
NtCreateThreadEx
RegSaveKeyEx
NtReadFile
RegSaveKeyEx
NtWriteFile
NtCreateProcessEx
NtOpenKeyEx
RegCreateKeyEx
RegSaveKeyEx
NtModifyBootEntry
NtWriteFile
NtOpenTimer
NtSetTimerEx
NtSaveKeyEx
NtDisplayString
RegCreateKeyEx
NtSaveKeyEx
NtModifyBootEntry
NtCreateProcessEx
NtSetTimerEx
RegSaveKeyEx
NtSetTimerEx
NtModifyBootEntry
NtModifyBootEntry
NtSetTimerEx
NtWriteFile
NtSaveKeyEx
NtWriteFile
NtSaveKeyEx
NtSetTimerEx
NtSaveKeyEx
NtCreateThreadEx
NtWriteFile
NtCreateProcessEx
NtModifyBootEntry
RegSaveKeyEx
NtModifyBootEntry
NtModifyBootEntry
NtModifyBootEntry
RegSaveKeyEx
NtOpenFile
NtCreateProcessEx
NtSaveKeyEx
NtWriteFile
RegCreateKeyEx
RegSaveKeyEx
RegSaveKeyEx
NtCreateProcessEx
RegCreateKeyEx
NtCreateThreadEx
NtWriteFile
RegCreateKeyEx
NtQueryDirectoryFile
NtSetTimerEx
RegSaveKeyEx
NtCreateProcessEx
NtCreateProcessEx
NtSetTimerEx
NtCreateThreadEx
RegSaveKeyEx
RegCreateKeyEx
NtCreateProcessEx
NtSaveKeyEx
RegSaveKeyEx
NtSetTimerEx
NtWriteFile
NtSetTimerEx
NtModifyBootEntry
NtSetTimerEx
NtCreateProcessEx
NtSetTimerEx
NtCreateThreadEx
NtDisplayString
NtCreateProcessEx
RegCreateKeyEx
NtModifyBootEntry
RegCreateKeyEx
NtWriteFile
NtCreateProcessEx
NtCreateThreadEx
NtSetTimerEx
NtModifyBootEntry
NtWriteFile
RegSaveKeyEx
NtWriteFile
NtCreateThreadEx
NtOpenFile
NtModifyBootEntry
NtCreateThreadEx
RegSaveKeyEx
NtModifyBootEntry
NtOpenTimer
NtReadFile
NtModifyBootEntry
RegSaveKeyEx
NtModifyBootEntry
NtModifyBootEntry
NtModifyBootEntry
NtDisplayString
NtDrawText
NtSaveKeyEx
NtWriteFile
RegSaveKeyEx
NtModifyBootEntry
NtSaveKeyEx
NtCreateProcessEx
NtOpenTimer
NtCreateThreadEx
RegSaveKeyEx
NtModifyBootEntry
NtSetTimerEx
NtOpenFile
NtDisplayString
NtCreateThreadEx
NtCreateProcessEx
NtWriteFile
RegCreateKeyEx
NtWriteFile
NtCreateProcessEx
RegSaveKeyEx
NtModifyBootEntry
RegSaveKeyEx
NtCreateProcessEx
RegCreateKeyEx
NtModifyBootEntry
RegSaveKeyEx
NtWriteFile
NtSaveKeyEx
RegCreateKeyEx
NtWriteFile
RegSaveKeyEx
RegSaveKeyEx
RegSaveKeyEx
NtCreateProcessEx
NtCreateProcessEx
NtQueryDirectoryFile
NtWriteFile
RegCreateKeyEx
NtModifyBootEntry
RegCreateKeyEx
NtDisplayString
NtCreateThreadEx
RegCreateKeyEx
NtSetTimerEx
RegSaveKeyEx
NtCreateThreadEx
RegCreateKeyEx
RegSaveKeyEx
NtWriteFile
NtQueryDirectoryFile
NtModifyBootEntry
RegSaveKeyEx
NtModifyBootEntry
RegCreateKeyEx
NtSaveKeyEx
NtWriteFile
NtSaveKeyEx
RegSaveKeyEx
RegSaveKeyEx
NtModifyBootEntry
NtDrawText
RegCreateKeyEx
RegCreateKeyEx
NtCreateProcessEx
NtCreateProcessEx
NtWriteFile
NtOpenTimer
NtSetTimerEx
NtCreateProcessEx
NtCreateThreadEx
RegSaveKeyEx
NtSaveKeyEx
NtSaveKeyEx
NtModifyBootEntry
RegSaveKeyEx
NtOpenFile
NtCreateProcessEx
NtModifyBootEntry
NtWriteFile
NtSaveKeyEx
RegCreateKeyEx
NtOpenFile
NtWriteFile
RegCreateKeyEx
NtOpenTimer
RegCreateKeyEx
NtSaveKeyEx
RegCreateKeyEx
NtCreateProcessEx
NtModifyBootEntry
NtModifyBootEntry
NtDisplayString
NtCreateThreadEx
NtCreateProcessEx
RegSaveKeyEx
NtSetTimerEx
RegCreateKeyEx
NtCreateThreadEx
NtCreateProcessEx
NtModifyBootEntry
NtSetTimerEx
NtReadFile
NtSaveKeyEx
NtModifyBootEntry
NtCreateThreadEx
NtCreateThreadEx
NtCreateProcessEx
NtModifyBootEntry
NtModifyBootEntry
NtSetTimerEx
RegCreateKeyEx
NtModifyBootEntry
NtSetTimerEx
NtCreateProcessEx
NtCreateUserProcess
RegCreateKeyEx
NtCreateThreadEx
NtSetTimerEx
RegCreateKeyEx
NtReadFile
NtCreateThreadEx
NtSaveKeyEx
NtWriteFile
NtModifyBootEntry
RegSaveKeyEx
NtModifyBootEntry
NtCreateThreadEx
NtWriteFile
NtWriteFile
RegSaveKeyEx
RegSaveKeyEx
RegSaveKeyEx
NtCreateThreadEx
NtModifyBootEntry
NtQueryDirectoryFile
RegCreateKeyEx
NtSaveKeyEx
NtSetTimerEx
NtCreateThreadEx
NtCreateThreadEx
NtCreateThreadEx
NtQueryDirectoryFile
NtSetTimerEx
NtSaveKeyEx
NtSetTimerEx
NtModifyBootEntry
NtWriteFile
NtCreateProcessEx
NtCreateThreadEx
NtCreateThreadEx
RegSaveKeyEx
NtCreateProcessEx
NtModifyBootEntry
NtWriteFile
NtSaveKeyEx
NtReadFile
RegCreateKeyEx
NtOpenFile
NtSetTimerEx
NtSetTimerEx
NtSaveKeyEx
NtSetTimerEx
NtSaveKeyEx
NtSaveKeyEx
NtModifyBootEntry
NtModifyBootEntry
NtCreateProcessEx
NtModifyBootEntry
NtModifyBootEntry
NtSetTimerEx
RegSaveKeyEx
RegCreateKeyEx
NtSetTimerEx
RegCreateKeyEx
NtWriteFile
NtSaveKeyEx
NtWriteFile
NtWriteFile
RegCreateKeyEx
NtSetTimerEx
NtSetTimerEx
NtModifyBootEntry
NtCreateThreadEx
NtSaveKeyEx
NtCreateThreadEx
NtCreateThreadEx
NtWriteFile
RegSaveKeyEx
NtCreateThreadEx
NtCreateProcessEx
NtSetTimerEx
RegSaveKeyEx
NtSetTimerEx
NtCreateProcessEx
NtCreateProcessEx
NtWriteFile
NtSetTimerEx
NtWriteFile
NtSetTimerEx
RegCreateKeyEx
RegSaveKeyEx
RegCreateKeyEx
NtCreateProcessEx
NtSaveKeyEx
NtWriteFile
NtCreateProcessEx
RegSaveKeyEx
RegSaveKeyEx
NtWriteFile
NtCreateThreadEx
NtCreateProcessEx
NtSetTimerEx
RegSaveKeyEx
RegSaveKeyEx
NtCreateThreadEx
NtSaveKeyEx
NtCreateProcessEx
NtSaveKeyEx
NtWriteFile
NtWriteFile
NtSaveKeyEx
RegSaveKeyEx
NtCreateProcessEx
RegSaveKeyEx
NtModifyBootEntry
RegCreateKeyEx
RegSaveKeyEx
NtModifyBootEntry
RegCreateKeyEx
NtSetTimerEx
NtCreateProcessEx
NtSetTimerEx
NtModifyBootEntry
NtSetTimerEx
NtSetTimerEx
NtCreateProcessEx
NtWriteFile
NtWriteFile
NtModifyBootEntry
NtSetTimerEx
NtCreateThreadEx
NtSaveKeyEx
RegSaveKeyEx
NtCreateThreadEx
NtWriteFile
NtCreateProcessEx
NtModifyBootEntry
RegCreateKeyEx
NtSetTimerEx
NtModifyBootEntry
NtSetTimerEx
NtWriteFile
RegCreateKeyEx
NtSetTimerEx
RegCreateKeyEx
NtCreateThreadEx
NtSaveKeyEx
NtOpenFile
NtWriteFile
NtModifyBootEntry
NtModifyBootEntry
NtDrawText
RegSaveKeyEx
RegCreateKeyEx
NtCreateThreadEx
NtSaveKeyEx
NtWriteFile
NtSetTimerEx
RegCreateKeyEx
NtModifyBootEntry
NtCreateProcessEx
NtSetTimerEx
NtSaveKeyEx
RegSaveKeyEx
NtModifyBootEntry
NtSaveKeyEx
NtOpenTimer
NtSetTimerEx
NtSaveKeyEx
RegSaveKeyEx
NtCreateThreadEx
NtCreateProcessEx
RegSaveKeyEx
RegSaveKeyEx
NtCreateThreadEx
NtSaveKeyEx
NtWriteFile
RegCreateKeyEx
NtCreateThreadEx
NtCreateProcessEx
NtSaveKeyEx
RegSaveKeyEx
RegSaveKeyEx
NtModifyBootEntry
NtReadFile
RegSaveKeyEx
RegCreateKeyEx
RegSaveKeyEx
NtCreateProcessEx
NtCreateThreadEx
NtCreateUserProcess
RegCreateKeyEx
NtSaveKeyEx
NtQueryDirectoryFile
NtWriteFile
RegSaveKeyEx
RegSaveKeyEx
NtWriteFile
NtQueryDirectoryFile
NtSaveKeyEx
NtSaveKeyEx
NtCreateProcessEx
NtCreateThreadEx
NtSetTimerEx
RegCreateKeyEx
NtWriteFile
NtWriteFile
NtModifyBootEntry
RegSaveKeyEx
NtCreateProcessEx
RegSaveKeyEx
NtSetTimerEx
RegCreateKeyEx
NtWriteFile
RegCreateKeyEx
RegCreateKeyEx
RegCreateKeyEx
NtModifyBootEntry
RegCreateKeyEx
NtOpenFile
NtWriteFile
NtModifyBootEntry
RegSaveKeyEx
NtCreateProcessEx
NtCreateThreadEx
NtWriteFile
NtDrawText
RegCreateKeyEx
NtOpenTimer
NtWriteFile
NtSaveKeyEx
NtSaveKeyEx
NtOpenTimer
NtCreateThreadEx
NtCreateThreadEx
NtModifyBootEntry
RegSaveKeyEx
NtCreateProcessEx
NtWriteFile
NtSetTimerEx
RegCreateKeyEx
NtSetTimerEx
RegCreateKeyEx
NtWriteFile
NtSaveKeyEx
NtCreateThreadEx
NtSaveKeyEx
NtCreateProcessEx
NtWriteFile
RegSaveKeyEx
NtOpenTimer
NtModifyBootEntry
NtCreateUserProcess
NtSaveKeyEx
NtSetTimerEx
NtDrawText
RegCreateKeyEx
NtModifyBootEntry
RegSaveKeyEx
NtSetTimerEx
NtSetTimerEx
NtWriteFile
NtModifyBootEntry
RegSaveKeyEx
NtCreateThreadEx
NtSaveKeyEx
NtCreateThreadEx
NtCreateProcessEx
RegSaveKeyEx
RegCreateKeyEx
NtSetTimerEx
NtModifyBootEntry
RegCreateKeyEx
NtReadFile
NtCreateThreadEx
RegSaveKeyEx
NtSetTimerEx
NtCreateProcessEx
NtCreateThreadEx
RegSaveKeyEx
NtCreateProcessEx
NtCreateThreadEx
NtWriteFile
NtSetTimerEx
RegSaveKeyEx
NtCreateProcessEx
NtSaveKeyEx
NtCreateProcessEx
NtCreateThreadEx
RegCreateKeyEx
NtCreateProcessEx
NtCreateThreadEx
RegSaveKeyEx
NtWriteFile
NtSetTimerEx
NtSaveKeyEx
NtModifyBootEntry
NtOpenFile
NtWriteFile
NtDisplayString
NtCreateProcessEx
NtOpenKeyEx
NtModifyBootEntry
NtOpenFile
NtCreateProcessEx
NtCreateProcessEx
NtModifyBootEntry
NtCreateProcessEx
NtModifyBootEntry
RegSaveKeyEx
NtModifyBootEntry
RegCreateKeyEx
RegCreateKeyEx
RegSaveKeyEx
NtModifyBootEntry
RegCreateKeyEx
RegSaveKeyEx
NtWriteFile
NtWriteFile
NtCreateThreadEx
NtSaveKeyEx
RegSaveKeyEx
NtSetTimerEx
RegSaveKeyEx
RegCreateKeyEx
NtCreateThreadEx
NtSaveKeyEx
RegCreateKeyEx
RegSaveKeyEx
NtSaveKeyEx
NtSaveKeyEx
NtDisplayString
NtSaveKeyEx
NtSetTimerEx
NtWriteFile
NtCreateProcessEx
NtCreateThreadEx
NtSetTimerEx
NtCreateThreadEx
NtSetTimerEx
NtReadFile
NtCreateThreadEx
RegCreateKeyEx
NtCreateProcessEx
NtWriteFile
RegSaveKeyEx
NtCreateThreadEx
RegSaveKeyEx
RegSaveKeyEx
NtCreateThreadEx
NtModifyBootEntry
NtCreateProcessEx
RegSaveKeyEx
NtModifyBootEntry
NtSetTimerEx
RegSaveKeyEx
NtCreateThreadEx
NtCreateThreadEx
NtModifyBootEntry
NtSaveKeyEx
NtSaveKeyEx
NtSetTimerEx
NtCreateThreadEx
NtModifyBootEntry
RegSaveKeyEx
RegCreateKeyEx
NtModifyBootEntry
NtCreateProcessEx
NtModifyBootEntry
NtWriteFile
RegSaveKeyEx
NtModifyBootEntry
NtDrawText
NtDrawText
NtCreateThreadEx
NtCreateProcessEx
NtReadFile
NtSaveKeyEx
RegCreateKeyEx
NtSaveKeyEx
NtCreateThreadEx
RegCreateKeyEx
NtCreateUserProcess
RegSaveKeyEx
RegCreateKeyEx
NtModifyBootEntry
NtCreateProcessEx
NtWriteFile
NtModifyBootEntry
NtSetTimerEx
NtCreateThreadEx
NtOpenTimer
NtWriteFile
NtDrawText
NtWriteFile
NtModifyBootEntry
NtCreateProcessEx
