NtModifyBootEntry
NtWriteFile
NtSetTimerEx
NtSaveKeyEx
RegCreateKeyEx
NtOpenKeyEx
RegCreateKeyEx
NtModifyBootEntry
NtCreateThreadEx
RegSaveKeyEx
RegCreateKeyEx
NtCreateThreadEx
NtCreateProcessEx
NtDisplayString
NtCreateProcessEx
RegCreateKeyEx
RegCreateKeyEx
RegSaveKeyEx
NtCreateThreadEx
RegCreateKeyEx
NtSetTimerEx
NtCreateProcessEx
NtCreateProcessEx
NtWriteFile
RegCreateKeyEx
RegCreateKeyEx
RegSaveKeyEx
NtCreateUserProcess
RegSaveKeyEx
NtModifyBootEntry
NtCreateThreadEx
NtSaveKeyEx
NtSaveKeyEx
NtWriteFile
NtCreateThreadEx
RegCreateKeyEx
NtSaveKeyEx
RegSaveKeyEx
NtCreateThreadEx
NtOpenFile
NtWriteFile
NtSaveKeyEx
RegCreateKeyEx
NtCreateProcessEx
NtOpenFile
NtSaveKeyEx
NtSaveKeyEx
RegCreateKeyEx
RegCreateKeyEx
RegCreateKeyEx
NtSaveKeyEx
NtWriteFile
RegSaveKeyEx
NtSetTimerEx
NtSetTimerEx
NtCreateUserProcess
NtModifyBootEntry
NtModifyBootEntry
NtSaveKeyEx
NtSaveKeyEx
NtWriteFile
NtCreateThreadEx
NtCreateProcessEx
NtCreateProcessEx
NtOpenFile
NtWriteFile
NtCreateThreadEx
NtCreateProcessEx
NtSetTimerEx
RegCreateKeyEx
RegCreateKeyEx
NtWriteFile
RegCreateKeyEx
NtCreateThreadEx
RegCreateKeyEx
NtCreateThreadEx
NtCreateThreadEx
NtCreateThreadEx
NtCreateProcessEx
NtSetTimerEx
NtModifyBootEntry
NtCreateThreadEx
RegSaveKeyEx
NtModifyBootEntry
NtCreateProcessEx
NtCreateThreadEx
NtCreateProcessEx
NtSetTimerEx
RegSaveKeyEx
NtSaveKeyEx
RegCreateKeyEx
NtSaveKeyEx
RegCreateKeyEx
RegSaveKeyEx
NtCreateThreadEx
NtWriteFile
RegSaveKeyEx
NtCreateThreadEx
NtModifyBootEntry
NtSetTimerEx
RegSaveKeyEx
NtSaveKeyEx
NtModifyBootEntry
RegCreateKeyEx
NtSaveKeyEx
NtSaveKeyEx
NtCreateProcessEx
RegCreateKeyEx
NtCreateThreadEx
NtCreateThreadEx
NtCreateProcessEx
NtCreateProcessEx
NtCreateThreadEx
NtSaveKeyEx
NtWriteFile
NtCreateThreadEx
NtWriteFile
NtSaveKeyEx
RegSaveKeyEx
NtWriteFile
NtCreateProcessEx
NtCreateThreadEx
NtSetTimerEx
NtDrawText
NtCreateUserProcess
RegSaveKeyEx
NtOpenTimer
NtCreateThreadEx
NtSetTimerEx
NtSetTimerEx
NtSetTimerEx
RegSaveKeyEx
RegSaveKeyEx
RegCreateKeyEx
NtSetTimerEx
NtWriteFile
NtModifyBootEntry
RegCreateKeyEx
RegCreateKeyEx
RegSaveKeyEx
NtSetTimerEx
RegSaveKeyEx
RegSaveKeyEx
NtSaveKeyEx
NtModifyBootEntry
RegCreateKeyEx
NtCreateThreadEx
RegCreateKeyEx
RegSaveKeyEx
RegSaveKeyEx
NtCreateProcessEx
NtModifyBootEntry
RegCreateKeyEx
RegCreateKeyEx
NtCreateThreadEx
NtSaveKeyEx
NtCreateThreadEx
RegSaveKeyEx
RegCreateKeyEx
NtWriteFile
NtModifyBootEntry
NtSetTimerEx
RegCreateKeyEx
NtModifyBootEntry
NtModifyBootEntry
NtSaveKeyEx
RegCreateKeyEx
NtCreateThreadEx
RegSaveKeyEx
NtModifyBootEntry
RegCreateKeyEx
NtSaveKeyEx
NtCreateThreadEx
NtWriteFile
NtSaveKeyEx
NtWriteFile
NtModifyBootEntry
NtWriteFile
NtModifyBootEntry
NtSetTimerEx
NtCreateProcessEx
NtModifyBootEntry
NtSetTimerEx
NtSaveKeyEx
NtModifyBootEntry
NtSetTimerEx
NtSaveKeyEx
NtWriteFile
NtOpenFile
RegSaveKeyEx
NtOpenTimer
NtWriteFile
RegCreateKeyEx
NtModifyBootEntry
NtSetTimerEx
RegCreateKeyEx
NtWriteFile
RegSaveKeyEx
NtCreateUserProcess
RegSaveKeyEx
NtSaveKeyEx
RegSaveKeyEx
NtModifyBootEntry
RegSaveKeyEx
RegSaveKeyEx
NtCreateProcessEx
RegCreateKeyEx
RegSaveKeyEx
NtCreateProcessEx
NtSaveKeyEx
NtCreateProcessEx
NtDisplayString
NtModifyBootEntry
NtCreateProcessEx
NtWriteFile
NtQueryDirectoryFile
NtWriteFile
NtCreateThreadEx
RegSaveKeyEx
RegSaveKeyEx
NtWriteFile
NtCreateThreadEx
NtSetTimerEx
NtSetTimerEx
NtSetTimerEx
RegSaveKeyEx
NtModifyBootEntry
NtWriteFile
NtSaveKeyEx
NtCreateThreadEx
NtReadFile
NtSaveKeyEx
RegCreateKeyEx
NtOpenFile
NtWriteFile
NtDrawText
RegSaveKeyEx
NtSaveKeyEx
RegCreateKeyEx
RegCreateKeyEx
NtModifyBootEntry
NtWriteFile
NtWriteFile
NtSetTimerEx
RegSaveKeyEx
NtSetTimerEx
NtSaveKeyEx
RegCreateKeyEx
RegCreateKeyEx
RegSaveKeyEx
RegCreateKeyEx
NtCreateProcessEx
NtCreateThreadEx
NtSetTimerEx
NtSaveKeyEx
NtWriteFile
NtSetTimerEx
NtSetTimerEx
RegCreateKeyEx
NtSetTimerEx
NtCreateProcessEx
NtModifyBootEntry
RegSaveKeyEx
RegSaveKeyEx
NtWriteFile
RegSaveKeyEx
NtWriteFile
NtCreateThreadEx
RegSaveKeyEx
NtSaveKeyEx
NtSetTimerEx
NtCreateThreadEx
NtOpenFile
NtWriteFile
NtSetTimerEx
NtModifyBootEntry
RegCreateKeyEx
NtSaveKeyEx
NtCreateProcessEx
NtSetTimerEx
RegSaveKeyEx
NtCreateThreadEx
RegSaveKeyEx
NtWriteFile
RegSaveKeyEx
RegSaveKeyEx
NtModifyBootEntry
NtWriteFile
RegSaveKeyEx
NtSaveKeyEx
NtModifyBootEntry
NtWriteFile
RegCreateKeyEx
NtWriteFile
NtOpenFile
NtCreateThreadEx
NtModifyBootEntry
NtCreateProcessEx
NtCreateProcessEx
NtCreateThreadEx
NtSaveKeyEx
NtModifyBootEntry
RegSaveKeyEx
NtQueryDirectoryFile
NtWriteFile
RegCreateKeyEx
NtModifyBootEntry
NtModifyBootEntry
NtWriteFile
NtModifyBootEntry
NtModifyBootEntry
RegSaveKeyEx
NtSaveKeyEx
NtCreateThreadEx
NtReadFile
NtWriteFile
NtSaveKeyEx
NtSetTimerEx
NtCreateProcessEx
NtSaveKeyEx
NtCreateProcessEx
NtWriteFile
NtCreateThreadEx
RegCreateKeyEx
NtSaveKeyEx
RegSaveKeyEx
NtSetTimerEx
NtSaveKeyEx
NtWriteFile
NtModifyBootEntry
RegSaveKeyEx
NtModifyBootEntry
NtSetTimerEx
NtSetTimerEx
NtSetTimerEx
RegSaveKeyEx
NtSaveKeyEx
NtCreateThreadEx
NtWriteFile
NtSetTimerEx
NtWriteFile
NtWriteFile
NtCreateProcessEx
RegSaveKeyEx
NtDrawText
NtModifyBootEntry
NtSaveKeyEx
NtCreateThreadEx
NtSaveKeyEx
RegSaveKeyEx
NtSaveKeyEx
NtModifyBootEntry
NtModifyBootEntry
RegSaveKeyEx
NtModifyBootEntry
RegSaveKeyEx
RegCreateKeyEx
NtModifyBootEntry
NtSaveKeyEx
NtSaveKeyEx
NtDisplayString
NtCreateThreadEx
NtSaveKeyEx
NtWriteFile
NtSaveKeyEx
NtSetTimerEx
RegSaveKeyEx
NtSaveKeyEx
NtOpenFile
NtSetTimerEx
NtSaveKeyEx
RegSaveKeyEx
NtModifyBootEntry
NtWriteFile
NtCreateThreadEx
RegCreateKeyEx
NtCreateThreadEx
NtModifyBootEntry
NtModifyBootEntry
NtWriteFile
NtSaveKeyEx
NtWriteFile
NtSetTimerEx
NtCreateProcessEx
NtCreateProcessEx
RegCreateKeyEx
NtCreateUserProcess
NtWriteFile
NtSaveKeyEx
NtModifyBootEntry
NtSetTimerEx
NtCreateThreadEx
NtSaveKeyEx
NtWriteFile
NtSetTimerEx
NtModifyBootEntry
NtOpenTimer
NtSetTimerEx
NtSetTimerEx
NtSetTimerEx
NtCreateThreadEx
RegCreateKeyEx
RegCreateKeyEx
NtSetTimerEx
NtWriteFile
NtSetTimerEx
NtWriteFile
RegSaveKeyEx
RegSaveKeyEx
NtCreateProcessEx
RegCreateKeyEx
NtSaveKeyEx
RegSaveKeyEx
NtSaveKeyEx
NtCreateProcessEx
NtSaveKeyEx
NtCreateProcessEx
NtModifyBootEntry
NtWriteFile
NtSaveKeyEx
NtCreateProcessEx
NtWriteFile
NtSetTimerEx
NtCreateProcessEx
NtModifyBootEntry
NtSetTimerEx
NtCreateThreadEx
NtOpenFile
RegCreateKeyEx
NtCreateThreadEx
NtSetTimerEx
NtWriteFile
RegCreateKeyEx
NtSaveKeyEx
NtSaveKeyEx
NtCreateProcessEx
NtCreateThreadEx
NtQueryDirectoryFile
NtWriteFile
NtOpenTimer
RegSaveKeyEx
NtCreateThreadEx
NtCreateThreadEx
NtModifyBootEntry
NtCreateThreadEx
NtCreateUserProcess
NtCreateThreadEx
RegCreateKeyEx
NtSetTimerEx
NtModifyBootEntry
RegSaveKeyEx
NtWriteFile
NtCreateThreadEx
NtCreateThreadEx
NtSaveKeyEx
RegCreateKeyEx
RegSaveKeyEx
NtSetTimerEx
NtSaveKeyEx
NtCreateProcessEx
RegCreateKeyEx
NtModifyBootEntry
RegSaveKeyEx
NtModifyBootEntry
NtWriteFile
NtCreateThreadEx
NtWriteFile
NtModifyBootEntry
RegSaveKeyEx
RegSaveKeyEx
NtModifyBootEntry
NtCreateProcessEx
RegSaveKeyEx
NtWriteFile
NtCreateThreadEx
NtSetTimerEx
NtCreateProcessEx
RegSaveKeyEx
RegSaveKeyEx
RegSaveKeyEx
NtSetTimerEx
NtCreateProcessEx
NtWriteFile
NtCreateThreadEx
NtCreateThreadEx
NtSaveKeyEx
NtWriteFile
NtCreateProcessEx
NtCreateProcessEx
RegSaveKeyEx
NtReadFile
NtCreateThreadEx
NtWriteFile
NtCreateProcessEx
NtCreateThreadEx
NtModifyBootEntry
NtCreateThreadEx
RegCreateKeyEx
NtWriteFile
NtModifyBootEntry
RegCreateKeyEx
NtWriteFile
NtSaveKeyEx
NtSaveKeyEx
NtCreateProcessEx
NtSetTimerEx
NtCreateProcessEx
NtSaveKeyEx
RegCreateKeyEx
RegSaveKeyEx
RegSaveKeyEx
NtModifyBootEntry
RegSaveKeyEx
RegSaveKeyEx
RegSaveKeyEx
NtSetTimerEx
NtCreateThreadEx
NtModifyBootEntry
NtCreateThreadEx
NtCreateProcessEx
NtCreateProcessEx
RegSaveKeyEx
NtCreateThreadEx
NtCreateProcessEx
NtReadFile
NtWriteFile
NtCreateThreadEx
RegSaveKeyEx
NtCreateProcessEx
NtCreateProcessEx
NtWriteFile
RegSaveKeyEx
NtModifyBootEntry
NtCreateThreadEx
RegCreateKeyEx
RegCreateKeyEx
RegSaveKeyEx
RegSaveKeyEx
NtCreateThreadEx
RegSaveKeyEx
NtSaveKeyEx
NtWriteFile
RegCreateKeyEx
NtSetTimerEx
